<!DOCTYPE html>

<html>
  <head>
  <meta charset='utf-8'>
  <title>TestNG reports</title>

    <link type="text/css" href="testng-reports1.css" rel="stylesheet" id="ultra" />
    <link type="text/css" href="testng-reports.css" rel="stylesheet" id="retro" disabled="false"/>
    <script type="text/javascript" src="jquery-3.6.0.min.js"></script>
    <script type="text/javascript" src="testng-reports.js"></script>
    <script type="text/javascript" src="https://www.google.com/jsapi"></script>
    <script type='text/javascript'>
      google.load('visualization', '1', {packages:['table']});
      google.setOnLoadCallback(drawTable);
      var suiteTableInitFunctions = new Array();
      var suiteTableData = new Array();
    </script>
    <!--
      <script type="text/javascript" src="jquery-ui/js/jquery-ui-1.8.16.custom.min.js"></script>
     -->
  </head>

  <body>    <div class="top-banner-root">
      <span class="top-banner-title-font">Test results</span>
      <button id="button" class="button">Switch Retro Theme</button> <!-- button -->
      <br/>
      <span class="top-banner-font-1">1 suite, 17 failed tests</span>
    </div> <!-- top-banner-root -->
    <div class="navigator-root">
      <div class="navigator-suite-header">
        <span>All suites</span>
        <a href="#" title="Collapse/expand all the suites" class="collapse-all-link">
          <img src="collapseall.gif" class="collapse-all-icon">
          </img> <!-- collapse-all-icon -->
        </a> <!-- collapse-all-link -->
      </div> <!-- navigator-suite-header -->
      <div class="suite">
        <div class="rounded-window">
          <div class="suite-header light-rounded-window-top">
            <a href="#" panel-name="suite-Suite" class="navigator-link">
              <span class="suite-name border-failed">Suite</span>
            </a> <!-- navigator-link -->
          </div> <!-- suite-header light-rounded-window-top -->
          <div class="navigator-suite-content">
            <div class="suite-section-title">
              <span>Info</span>
            </div> <!-- suite-section-title -->
            <div class="suite-section-content">
              <ul>
                <li>
                  <a href="#" panel-name="test-xml-Suite" class="navigator-link ">
                    <span>C:\Users\DELL\Downloads\LOGIN_updated (1)\furniture-project\LoginFunctionality\src\test\resources\testng.xml</span>
                  </a> <!-- navigator-link  -->
                </li>
                <li>
                  <a href="#" panel-name="testlist-Suite" class="navigator-link ">
                    <span class="test-stats">1 test</span>
                  </a> <!-- navigator-link  -->
                </li>
                <li>
                  <a href="#" panel-name="group-Suite" class="navigator-link ">
                    <span>1 group</span>
                  </a> <!-- navigator-link  -->
                </li>
                <li>
                  <a href="#" panel-name="times-Suite" class="navigator-link ">
                    <span>Times</span>
                  </a> <!-- navigator-link  -->
                </li>
                <li>
                  <a href="#" panel-name="reporter-Suite" class="navigator-link ">
                    <span>Reporter output</span>
                  </a> <!-- navigator-link  -->
                </li>
                <li>
                  <a href="#" panel-name="ignored-methods-Suite" class="navigator-link ">
                    <span>Ignored methods</span>
                  </a> <!-- navigator-link  -->
                </li>
                <li>
                  <a href="#" panel-name="chronological-Suite" class="navigator-link ">
                    <span>Chronological view</span>
                  </a> <!-- navigator-link  -->
                </li>
              </ul>
            </div> <!-- suite-section-content -->
            <div class="result-section">
              <div class="suite-section-title">
                <span>Results</span>
              </div> <!-- suite-section-title -->
              <div class="suite-section-content">
                <ul>
                  <li>
                    <span class="method-stats">45 methods, 17 failed,  17 skipped,  11 passed</span>
                  </li>
                  <li>
                    <span class="method-list-title failed">Failed methods</span>
                    <span class="show-or-hide-methods failed">
                      <a href="#" panel-name="suite-Suite" class="hide-methods failed suite-Suite"> (hide)</a> <!-- hide-methods failed suite-Suite -->
                      <a href="#" panel-name="suite-Suite" class="show-methods failed suite-Suite"> (show)</a> <!-- show-methods failed suite-Suite -->
                    </span>
                    <div class="method-list-content failed suite-Suite">
                      <span>
                        <img src="failed.png" width="3%"/>
                        <a href="#" panel-name="suite-Suite" title="com.app.runner.TestNgRunner" class="method navigator-link" hash-for-method="runScenario(&quot;To test the SigUp functionality of Chiltern Oak page&quot;, &quot;SignUp fuctionality&quot;)">runScenario("To test the SigUp functionality of Chiltern Oak page", "SignUp fuctionality")</a> <!-- method navigator-link -->
                      </span>
                      <br/>
                      <span>
                        <img src="failed.png" width="3%"/>
                        <a href="#" panel-name="suite-Suite" title="com.app.runner.TestNgRunner" class="method navigator-link" hash-for-method="runScenario(&quot;Testing of ContactUs Page&quot;, &quot;Test Chilternoak Furniture page I want to use this template for my fea...)">runScenario("Testing of ContactUs Page", "Test Chilternoak Furniture page I want to use this template for my fea...)</a> <!-- method navigator-link -->
                      </span>
                      <br/>
                      <span>
                        <img src="failed.png" width="3%"/>
                        <a href="#" panel-name="suite-Suite" title="com.app.runner.TestNgRunner" class="method navigator-link" hash-for-method="runScenario(&quot;Testing of ContactUs Page&quot;, &quot;Test Chilternoak Furniture page I want to use this template for my fea...)">runScenario("Testing of ContactUs Page", "Test Chilternoak Furniture page I want to use this template for my fea...)</a> <!-- method navigator-link -->
                      </span>
                      <br/>
                      <span>
                        <img src="failed.png" width="3%"/>
                        <a href="#" panel-name="suite-Suite" title="com.app.runner.TestNgRunner" class="method navigator-link" hash-for-method="runScenario(&quot;Testing of ContactUs Page&quot;, &quot;Test Chilternoak Furniture page I want to use this template for my fea...)">runScenario("Testing of ContactUs Page", "Test Chilternoak Furniture page I want to use this template for my fea...)</a> <!-- method navigator-link -->
                      </span>
                      <br/>
                      <span>
                        <img src="failed.png" width="3%"/>
                        <a href="#" panel-name="suite-Suite" title="com.app.runner.TestNgRunner" class="method navigator-link" hash-for-method="runScenario(&quot;User login with different credentials&quot;, &quot;Login functionality&quot;)">runScenario("User login with different credentials", "Login functionality")</a> <!-- method navigator-link -->
                      </span>
                      <br/>
                      <span>
                        <img src="failed.png" width="3%"/>
                        <a href="#" panel-name="suite-Suite" title="com.app.runner.TestNgRunner" class="method navigator-link" hash-for-method="runScenario(&quot;Testing of ContactUs Page&quot;, &quot;Test Chilternoak Furniture page I want to use this template for my fea...)">runScenario("Testing of ContactUs Page", "Test Chilternoak Furniture page I want to use this template for my fea...)</a> <!-- method navigator-link -->
                      </span>
                      <br/>
                      <span>
                        <img src="failed.png" width="3%"/>
                        <a href="#" panel-name="suite-Suite" title="com.app.runner.TestNgRunner" class="method navigator-link" hash-for-method="runScenario(&quot;User login with different credentials&quot;, &quot;Login functionality&quot;)">runScenario("User login with different credentials", "Login functionality")</a> <!-- method navigator-link -->
                      </span>
                      <br/>
                      <span>
                        <img src="failed.png" width="3%"/>
                        <a href="#" panel-name="suite-Suite" title="com.app.runner.TestNgRunner" class="method navigator-link" hash-for-method="runScenario(&quot;Subscribe scenario with differe set of data&quot;, &quot;Subscribe Feature&quot;)">runScenario("Subscribe scenario with differe set of data", "Subscribe Feature")</a> <!-- method navigator-link -->
                      </span>
                      <br/>
                      <span>
                        <img src="failed.png" width="3%"/>
                        <a href="#" panel-name="suite-Suite" title="com.app.runner.TestNgRunner" class="method navigator-link" hash-for-method="runScenario(&quot;Checkout Functionality Of Chilternoak&quot;, &quot;Checkout In Chilternoak&quot;)">runScenario("Checkout Functionality Of Chilternoak", "Checkout In Chilternoak")</a> <!-- method navigator-link -->
                      </span>
                      <br/>
                      <span>
                        <img src="failed.png" width="3%"/>
                        <a href="#" panel-name="suite-Suite" title="com.app.runner.TestNgRunner" class="method navigator-link" hash-for-method="runScenario(&quot;To test the SigUp functionality of Chiltern Oak page&quot;, &quot;SignUp fuctionality&quot;)">runScenario("To test the SigUp functionality of Chiltern Oak page", "SignUp fuctionality")</a> <!-- method navigator-link -->
                      </span>
                      <br/>
                      <span>
                        <img src="failed.png" width="3%"/>
                        <a href="#" panel-name="suite-Suite" title="com.app.runner.TestNgRunner" class="method navigator-link" hash-for-method="runScenario(&quot;To test the SigUp functionality of Chiltern Oak page&quot;, &quot;SignUp fuctionality&quot;)">runScenario("To test the SigUp functionality of Chiltern Oak page", "SignUp fuctionality")</a> <!-- method navigator-link -->
                      </span>
                      <br/>
                      <span>
                        <img src="failed.png" width="3%"/>
                        <a href="#" panel-name="suite-Suite" title="com.app.runner.TestNgRunner" class="method navigator-link" hash-for-method="runScenario(&quot;User login with different credentials&quot;, &quot;Login functionality&quot;)">runScenario("User login with different credentials", "Login functionality")</a> <!-- method navigator-link -->
                      </span>
                      <br/>
                      <span>
                        <img src="failed.png" width="3%"/>
                        <a href="#" panel-name="suite-Suite" title="com.app.runner.TestNgRunner" class="method navigator-link" hash-for-method="runScenario(&quot;Subscribe scenario with differe set of data&quot;, &quot;Subscribe Feature&quot;)">runScenario("Subscribe scenario with differe set of data", "Subscribe Feature")</a> <!-- method navigator-link -->
                      </span>
                      <br/>
                      <span>
                        <img src="failed.png" width="3%"/>
                        <a href="#" panel-name="suite-Suite" title="com.app.runner.TestNgRunner" class="method navigator-link" hash-for-method="runScenario(&quot;Subscribe scenario with differe set of data&quot;, &quot;Subscribe Feature&quot;)">runScenario("Subscribe scenario with differe set of data", "Subscribe Feature")</a> <!-- method navigator-link -->
                      </span>
                      <br/>
                      <span>
                        <img src="failed.png" width="3%"/>
                        <a href="#" panel-name="suite-Suite" title="com.app.runner.TestNgRunner" class="method navigator-link" hash-for-method="runScenario(&quot;Subscribe scenario with differe set of data&quot;, &quot;Subscribe Feature&quot;)">runScenario("Subscribe scenario with differe set of data", "Subscribe Feature")</a> <!-- method navigator-link -->
                      </span>
                      <br/>
                      <span>
                        <img src="failed.png" width="3%"/>
                        <a href="#" panel-name="suite-Suite" title="com.app.runner.TestNgRunner" class="method navigator-link" hash-for-method="runScenario(&quot;To test the SigUp functionality of Chiltern Oak page&quot;, &quot;SignUp fuctionality&quot;)">runScenario("To test the SigUp functionality of Chiltern Oak page", "SignUp fuctionality")</a> <!-- method navigator-link -->
                      </span>
                      <br/>
                      <span>
                        <img src="failed.png" width="3%"/>
                        <a href="#" panel-name="suite-Suite" title="com.app.runner.TestNgRunner" class="method navigator-link" hash-for-method="runScenario(&quot;User login with different credentials&quot;, &quot;Login functionality&quot;)">runScenario("User login with different credentials", "Login functionality")</a> <!-- method navigator-link -->
                      </span>
                      <br/>
                    </div> <!-- method-list-content failed suite-Suite -->
                  </li>
                  <li>
                    <span class="method-list-title skipped">Retried methods</span>
                    <span class="show-or-hide-methods skipped">
                      <a href="#" panel-name="suite-Suite" class="hide-methods skipped suite-Suite"> (hide)</a> <!-- hide-methods skipped suite-Suite -->
                      <a href="#" panel-name="suite-Suite" class="show-methods skipped suite-Suite"> (show)</a> <!-- show-methods skipped suite-Suite -->
                    </span>
                    <div class="method-list-content skipped suite-Suite">
                      <span>
                        <img src="skipped.png" width="3%"/>
                        <a href="#" panel-name="suite-Suite" title="com.app.runner.TestNgRunner" class="method navigator-link" hash-for-method="runScenario(&quot;Testing of ContactUs Page&quot;, &quot;Test Chilternoak Furniture page I want to use this template for my fea...)">runScenario("Testing of ContactUs Page", "Test Chilternoak Furniture page I want to use this template for my fea...)</a> <!-- method navigator-link -->
                      </span>
                      <br/>
                      <span>
                        <img src="skipped.png" width="3%"/>
                        <a href="#" panel-name="suite-Suite" title="com.app.runner.TestNgRunner" class="method navigator-link" hash-for-method="runScenario(&quot;Subscribe scenario with differe set of data&quot;, &quot;Subscribe Feature&quot;)">runScenario("Subscribe scenario with differe set of data", "Subscribe Feature")</a> <!-- method navigator-link -->
                      </span>
                      <br/>
                      <span>
                        <img src="skipped.png" width="3%"/>
                        <a href="#" panel-name="suite-Suite" title="com.app.runner.TestNgRunner" class="method navigator-link" hash-for-method="runScenario(&quot;User login with different credentials&quot;, &quot;Login functionality&quot;)">runScenario("User login with different credentials", "Login functionality")</a> <!-- method navigator-link -->
                      </span>
                      <br/>
                      <span>
                        <img src="skipped.png" width="3%"/>
                        <a href="#" panel-name="suite-Suite" title="com.app.runner.TestNgRunner" class="method navigator-link" hash-for-method="runScenario(&quot;Checkout Functionality Of Chilternoak&quot;, &quot;Checkout In Chilternoak&quot;)">runScenario("Checkout Functionality Of Chilternoak", "Checkout In Chilternoak")</a> <!-- method navigator-link -->
                      </span>
                      <br/>
                      <span>
                        <img src="skipped.png" width="3%"/>
                        <a href="#" panel-name="suite-Suite" title="com.app.runner.TestNgRunner" class="method navigator-link" hash-for-method="runScenario(&quot;User login with different credentials&quot;, &quot;Login functionality&quot;)">runScenario("User login with different credentials", "Login functionality")</a> <!-- method navigator-link -->
                      </span>
                      <br/>
                      <span>
                        <img src="skipped.png" width="3%"/>
                        <a href="#" panel-name="suite-Suite" title="com.app.runner.TestNgRunner" class="method navigator-link" hash-for-method="runScenario(&quot;To test the SigUp functionality of Chiltern Oak page&quot;, &quot;SignUp fuctionality&quot;)">runScenario("To test the SigUp functionality of Chiltern Oak page", "SignUp fuctionality")</a> <!-- method navigator-link -->
                      </span>
                      <br/>
                      <span>
                        <img src="skipped.png" width="3%"/>
                        <a href="#" panel-name="suite-Suite" title="com.app.runner.TestNgRunner" class="method navigator-link" hash-for-method="runScenario(&quot;Subscribe scenario with differe set of data&quot;, &quot;Subscribe Feature&quot;)">runScenario("Subscribe scenario with differe set of data", "Subscribe Feature")</a> <!-- method navigator-link -->
                      </span>
                      <br/>
                      <span>
                        <img src="skipped.png" width="3%"/>
                        <a href="#" panel-name="suite-Suite" title="com.app.runner.TestNgRunner" class="method navigator-link" hash-for-method="runScenario(&quot;User login with different credentials&quot;, &quot;Login functionality&quot;)">runScenario("User login with different credentials", "Login functionality")</a> <!-- method navigator-link -->
                      </span>
                      <br/>
                      <span>
                        <img src="skipped.png" width="3%"/>
                        <a href="#" panel-name="suite-Suite" title="com.app.runner.TestNgRunner" class="method navigator-link" hash-for-method="runScenario(&quot;User login with different credentials&quot;, &quot;Login functionality&quot;)">runScenario("User login with different credentials", "Login functionality")</a> <!-- method navigator-link -->
                      </span>
                      <br/>
                      <span>
                        <img src="skipped.png" width="3%"/>
                        <a href="#" panel-name="suite-Suite" title="com.app.runner.TestNgRunner" class="method navigator-link" hash-for-method="runScenario(&quot;To test the SigUp functionality of Chiltern Oak page&quot;, &quot;SignUp fuctionality&quot;)">runScenario("To test the SigUp functionality of Chiltern Oak page", "SignUp fuctionality")</a> <!-- method navigator-link -->
                      </span>
                      <br/>
                      <span>
                        <img src="skipped.png" width="3%"/>
                        <a href="#" panel-name="suite-Suite" title="com.app.runner.TestNgRunner" class="method navigator-link" hash-for-method="runScenario(&quot;To test the SigUp functionality of Chiltern Oak page&quot;, &quot;SignUp fuctionality&quot;)">runScenario("To test the SigUp functionality of Chiltern Oak page", "SignUp fuctionality")</a> <!-- method navigator-link -->
                      </span>
                      <br/>
                      <span>
                        <img src="skipped.png" width="3%"/>
                        <a href="#" panel-name="suite-Suite" title="com.app.runner.TestNgRunner" class="method navigator-link" hash-for-method="runScenario(&quot;Testing of ContactUs Page&quot;, &quot;Test Chilternoak Furniture page I want to use this template for my fea...)">runScenario("Testing of ContactUs Page", "Test Chilternoak Furniture page I want to use this template for my fea...)</a> <!-- method navigator-link -->
                      </span>
                      <br/>
                      <span>
                        <img src="skipped.png" width="3%"/>
                        <a href="#" panel-name="suite-Suite" title="com.app.runner.TestNgRunner" class="method navigator-link" hash-for-method="runScenario(&quot;Subscribe scenario with differe set of data&quot;, &quot;Subscribe Feature&quot;)">runScenario("Subscribe scenario with differe set of data", "Subscribe Feature")</a> <!-- method navigator-link -->
                      </span>
                      <br/>
                      <span>
                        <img src="skipped.png" width="3%"/>
                        <a href="#" panel-name="suite-Suite" title="com.app.runner.TestNgRunner" class="method navigator-link" hash-for-method="runScenario(&quot;To test the SigUp functionality of Chiltern Oak page&quot;, &quot;SignUp fuctionality&quot;)">runScenario("To test the SigUp functionality of Chiltern Oak page", "SignUp fuctionality")</a> <!-- method navigator-link -->
                      </span>
                      <br/>
                      <span>
                        <img src="skipped.png" width="3%"/>
                        <a href="#" panel-name="suite-Suite" title="com.app.runner.TestNgRunner" class="method navigator-link" hash-for-method="runScenario(&quot;Testing of ContactUs Page&quot;, &quot;Test Chilternoak Furniture page I want to use this template for my fea...)">runScenario("Testing of ContactUs Page", "Test Chilternoak Furniture page I want to use this template for my fea...)</a> <!-- method navigator-link -->
                      </span>
                      <br/>
                      <span>
                        <img src="skipped.png" width="3%"/>
                        <a href="#" panel-name="suite-Suite" title="com.app.runner.TestNgRunner" class="method navigator-link" hash-for-method="runScenario(&quot;Subscribe scenario with differe set of data&quot;, &quot;Subscribe Feature&quot;)">runScenario("Subscribe scenario with differe set of data", "Subscribe Feature")</a> <!-- method navigator-link -->
                      </span>
                      <br/>
                      <span>
                        <img src="skipped.png" width="3%"/>
                        <a href="#" panel-name="suite-Suite" title="com.app.runner.TestNgRunner" class="method navigator-link" hash-for-method="runScenario(&quot;Testing of ContactUs Page&quot;, &quot;Test Chilternoak Furniture page I want to use this template for my fea...)">runScenario("Testing of ContactUs Page", "Test Chilternoak Furniture page I want to use this template for my fea...)</a> <!-- method navigator-link -->
                      </span>
                      <br/>
                    </div> <!-- method-list-content skipped suite-Suite -->
                  </li>
                  <li>
                    <span class="method-list-title passed">Passed methods</span>
                    <span class="show-or-hide-methods passed">
                      <a href="#" panel-name="suite-Suite" class="hide-methods passed suite-Suite"> (hide)</a> <!-- hide-methods passed suite-Suite -->
                      <a href="#" panel-name="suite-Suite" class="show-methods passed suite-Suite"> (show)</a> <!-- show-methods passed suite-Suite -->
                    </span>
                    <div class="method-list-content passed suite-Suite">
                      <span>
                        <img src="passed.png" width="3%"/>
                        <a href="#" panel-name="suite-Suite" title="com.app.runner.TestNgRunner" class="method navigator-link" hash-for-method="runScenario(&quot;add to cart1&quot;, &quot;test add to cart&quot;)">runScenario("add to cart1", "test add to cart")</a> <!-- method navigator-link -->
                      </span>
                      <br/>
                      <span>
                        <img src="passed.png" width="3%"/>
                        <a href="#" panel-name="suite-Suite" title="com.app.runner.TestNgRunner" class="method navigator-link" hash-for-method="runScenario(&quot;Enter  search term and verify  results&quot;, &quot;Product Search Functionality&quot;)">runScenario("Enter  search term and verify  results", "Product Search Functionality")</a> <!-- method navigator-link -->
                      </span>
                      <br/>
                      <span>
                        <img src="passed.png" width="3%"/>
                        <a href="#" panel-name="suite-Suite" title="com.app.runner.TestNgRunner" class="method navigator-link" hash-for-method="runScenario(&quot;To test the SigUp functionality of Chiltern Oak page&quot;, &quot;SignUp fuctionality&quot;)">runScenario("To test the SigUp functionality of Chiltern Oak page", "SignUp fuctionality")</a> <!-- method navigator-link -->
                      </span>
                      <br/>
                      <span>
                        <img src="passed.png" width="3%"/>
                        <a href="#" panel-name="suite-Suite" title="com.app.runner.TestNgRunner" class="method navigator-link" hash-for-method="runScenario(&quot;Filter Functionality&quot;, &quot;Filter&quot;)">runScenario("Filter Functionality", "Filter")</a> <!-- method navigator-link -->
                      </span>
                      <br/>
                      <span>
                        <img src="passed.png" width="3%"/>
                        <a href="#" panel-name="suite-Suite" title="com.app.runner.TestNgRunner" class="method navigator-link" hash-for-method="runScenario(&quot;Enter  search term and verify  results&quot;, &quot;Product Search Functionality&quot;)">runScenario("Enter  search term and verify  results", "Product Search Functionality")</a> <!-- method navigator-link -->
                      </span>
                      <br/>
                      <span>
                        <img src="passed.png" width="3%"/>
                        <a href="#" panel-name="suite-Suite" title="com.app.runner.TestNgRunner" class="method navigator-link" hash-for-method="runScenario(&quot;Enter  search term and verify  results&quot;, &quot;Product Search Functionality&quot;)">runScenario("Enter  search term and verify  results", "Product Search Functionality")</a> <!-- method navigator-link -->
                      </span>
                      <br/>
                      <span>
                        <img src="passed.png" width="3%"/>
                        <a href="#" panel-name="suite-Suite" title="com.app.runner.TestNgRunner" class="method navigator-link" hash-for-method="runScenario(&quot;User login with different credentials&quot;, &quot;Login functionality&quot;)">runScenario("User login with different credentials", "Login functionality")</a> <!-- method navigator-link -->
                      </span>
                      <br/>
                      <span>
                        <img src="passed.png" width="3%"/>
                        <a href="#" panel-name="suite-Suite" title="com.app.runner.TestNgRunner" class="method navigator-link" hash-for-method="runScenario(&quot;Enter  search term and verify  results&quot;, &quot;Product Search Functionality&quot;)">runScenario("Enter  search term and verify  results", "Product Search Functionality")</a> <!-- method navigator-link -->
                      </span>
                      <br/>
                      <span>
                        <img src="passed.png" width="3%"/>
                        <a href="#" panel-name="suite-Suite" title="com.app.runner.TestNgRunner" class="method navigator-link" hash-for-method="runScenario(&quot;Testing of ContactUs Page&quot;, &quot;Test Chilternoak Furniture page I want to use this template for my fea...)">runScenario("Testing of ContactUs Page", "Test Chilternoak Furniture page I want to use this template for my fea...)</a> <!-- method navigator-link -->
                      </span>
                      <br/>
                      <span>
                        <img src="passed.png" width="3%"/>
                        <a href="#" panel-name="suite-Suite" title="com.app.runner.TestNgRunner" class="method navigator-link" hash-for-method="runScenario(&quot;Enter  search term and verify  results&quot;, &quot;Product Search Functionality&quot;)">runScenario("Enter  search term and verify  results", "Product Search Functionality")</a> <!-- method navigator-link -->
                      </span>
                      <br/>
                      <span>
                        <img src="passed.png" width="3%"/>
                        <a href="#" panel-name="suite-Suite" title="com.app.runner.TestNgRunner" class="method navigator-link" hash-for-method="runScenario(&quot;add to cart&quot;, &quot;test add to cart&quot;)">runScenario("add to cart", "test add to cart")</a> <!-- method navigator-link -->
                      </span>
                      <br/>
                    </div> <!-- method-list-content passed suite-Suite -->
                  </li>
                </ul>
              </div> <!-- suite-section-content -->
            </div> <!-- result-section -->
          </div> <!-- navigator-suite-content -->
        </div> <!-- rounded-window -->
      </div> <!-- suite -->
    </div> <!-- navigator-root -->
    <div class="wrapper">
      <div class="main-panel-root">
        <div panel-name="suite-Suite" class="panel Suite">
          <div class="suite-Suite-class-failed">
            <div class="main-panel-header rounded-window-top">
              <img src="failed.png"/>
              <span class="class-name">com.app.runner.TestNgRunner</span>
            </div> <!-- main-panel-header rounded-window-top -->
            <div class="main-panel-content rounded-window-bottom">
              <div class="method">
                <div class="method-content">
                  <a name="runScenario(&quot;To test the SigUp functionality of Chiltern Oak page&quot;, &quot;SignUp fuctionality&quot;)">
                  </a> <!-- runScenario("To test the SigUp functionality of Chiltern Oak page", "SignUp fuctionality") -->
                  <span class="method-name">runScenario</span>
                  <span class="parameters">("To test the SigUp functionality of Chiltern Oak page","SignUp fuctionality")</span>
                  <div class="stack-trace">java.lang.AssertionError: expected [true] but found [false]
	at com.app.stepdefs.SignUpStepDefs.the_user_should_see_the_status_as(SignUpStepDefs.java:70)
	at ✽.the user should see the status as &apos;Emil and Password cant be bla&apos;(file:///C:/Users/DELL/Downloads/LOGIN_updated%20(1)/furniture-project/LoginFunctionality/src/test/java/features/Asignup.feature:11)
... Removed 4 stack frames
</div> <!-- stack-trace -->
                  <em>
(Runs Cucumber Scenarios)                  </em>
                </div> <!-- method-content -->
              </div> <!-- method -->
              <div class="method">
                <div class="method-content">
                  <a name="runScenario(&quot;Testing of ContactUs Page&quot;, &quot;Test Chilternoak Furniture page I want to use this template for my fea...)">
                  </a> <!-- runScenario("Testing of ContactUs Page", "Test Chilternoak Furniture page I want to use this template for my fea...) -->
                  <span class="method-name">runScenario</span>
                  <span class="parameters">("Testing of ContactUs Page","Test Chilternoak Furniture page I want to use this template for my feature file")</span>
                  <div class="stack-trace">java.lang.AssertionError
	at org.junit.Assert.fail(Assert.java:86)
	at org.junit.Assert.assertTrue(Assert.java:41)
	at org.junit.Assert.assertTrue(Assert.java:52)
	at com.app.stepdefs.ContactUsSteps.it_shoulld_diplayed_the_message(ContactUsSteps.java:93)
	at ✽.It shoulld diplayed the message &apos;It is mandontary to fill the fields&apos;(file:///C:/Users/DELL/Downloads/LOGIN_updated%20(1)/furniture-project/LoginFunctionality/src/test/java/features/GContactUs.feature:15)

</div> <!-- stack-trace -->
                  <em>
(Runs Cucumber Scenarios)                  </em>
                </div> <!-- method-content -->
              </div> <!-- method -->
              <div class="method">
                <div class="method-content">
                  <a name="runScenario(&quot;Testing of ContactUs Page&quot;, &quot;Test Chilternoak Furniture page I want to use this template for my fea...)">
                  </a> <!-- runScenario("Testing of ContactUs Page", "Test Chilternoak Furniture page I want to use this template for my fea...) -->
                  <span class="method-name">runScenario</span>
                  <span class="parameters">("Testing of ContactUs Page","Test Chilternoak Furniture page I want to use this template for my feature file")</span>
                  <div class="stack-trace">java.lang.AssertionError
	at org.junit.Assert.fail(Assert.java:86)
	at org.junit.Assert.assertTrue(Assert.java:41)
	at org.junit.Assert.assertTrue(Assert.java:52)
	at com.app.stepdefs.ContactUsSteps.it_shoulld_diplayed_the_message(ContactUsSteps.java:93)
	at ✽.It shoulld diplayed the message &apos;Please enter the valid email&apos;(file:///C:/Users/DELL/Downloads/LOGIN_updated%20(1)/furniture-project/LoginFunctionality/src/test/java/features/GContactUs.feature:15)

</div> <!-- stack-trace -->
                  <em>
(Runs Cucumber Scenarios)                  </em>
                </div> <!-- method-content -->
              </div> <!-- method -->
              <div class="method">
                <div class="method-content">
                  <a name="runScenario(&quot;Testing of ContactUs Page&quot;, &quot;Test Chilternoak Furniture page I want to use this template for my fea...)">
                  </a> <!-- runScenario("Testing of ContactUs Page", "Test Chilternoak Furniture page I want to use this template for my fea...) -->
                  <span class="method-name">runScenario</span>
                  <span class="parameters">("Testing of ContactUs Page","Test Chilternoak Furniture page I want to use this template for my feature file")</span>
                  <div class="stack-trace">java.lang.AssertionError
	at org.junit.Assert.fail(Assert.java:86)
	at org.junit.Assert.assertTrue(Assert.java:41)
	at org.junit.Assert.assertTrue(Assert.java:52)
	at com.app.stepdefs.ContactUsSteps.it_shoulld_diplayed_the_message(ContactUsSteps.java:93)
	at ✽.It shoulld diplayed the message &apos;Please enter the valid name&apos;(file:///C:/Users/DELL/Downloads/LOGIN_updated%20(1)/furniture-project/LoginFunctionality/src/test/java/features/GContactUs.feature:15)

</div> <!-- stack-trace -->
                  <em>
(Runs Cucumber Scenarios)                  </em>
                </div> <!-- method-content -->
              </div> <!-- method -->
              <div class="method">
                <div class="method-content">
                  <a name="runScenario(&quot;User login with different credentials&quot;, &quot;Login functionality&quot;)">
                  </a> <!-- runScenario("User login with different credentials", "Login functionality") -->
                  <span class="method-name">runScenario</span>
                  <span class="parameters">("User login with different credentials","Login functionality")</span>
                  <div class="stack-trace">org.openqa.selenium.NoSuchElementException: no such element: Unable to locate element: {&quot;method&quot;:&quot;xpath&quot;,&quot;selector&quot;:&quot;//div[@class=&apos;errors&apos;]//ul//li&quot;}
  (Session info: chrome=120.0.6099.225)
For documentation on this error, please visit: https://www.selenium.dev/documentation/webdriver/troubleshooting/errors#no-such-element-exception
Build info: version: &apos;4.11.0&apos;, revision: &apos;040bc5406b&apos;
System info: os.name: &apos;Windows 11&apos;, os.arch: &apos;amd64&apos;, os.version: &apos;10.0&apos;, java.version: &apos;21.0.1&apos;
Driver info: org.openqa.selenium.chrome.ChromeDriver
Command: [dd886b655dc6bc973a04ddde1ee956b3, findElement {using=xpath, value=//div[@class=&apos;errors&apos;]//ul//li}]
Capabilities {acceptInsecureCerts: false, browserName: chrome, browserVersion: 120.0.6099.225, chrome: {chromedriverVersion: 120.0.6099.109 (3419140ab66..., userDataDir: C:\Users\DELL\AppData\Local...}, fedcm:accounts: true, goog:chromeOptions: {debuggerAddress: localhost:4631}, networkConnectionEnabled: false, pageLoadStrategy: normal, platformName: windows, proxy: Proxy(), se:cdp: ws://localhost:4631/devtool..., se:cdpVersion: 120.0.6099.225, setWindowRect: true, strictFileInteractability: false, timeouts: {implicit: 0, pageLoad: 300000, script: 30000}, unhandledPromptBehavior: dismiss and notify, webauthn:extension:credBlob: true, webauthn:extension:largeBlob: true, webauthn:extension:minPinLength: true, webauthn:extension:prf: true, webauthn:virtualAuthenticators: true}
Session ID: dd886b655dc6bc973a04ddde1ee956b3
	at org.openqa.selenium.remote.codec.w3c.W3CHttpResponseCodec.createException(W3CHttpResponseCodec.java:200)
	at org.openqa.selenium.remote.codec.w3c.W3CHttpResponseCodec.decode(W3CHttpResponseCodec.java:133)
	at org.openqa.selenium.remote.codec.w3c.W3CHttpResponseCodec.decode(W3CHttpResponseCodec.java:52)
	at org.openqa.selenium.remote.HttpCommandExecutor.execute(HttpCommandExecutor.java:191)
	at org.openqa.selenium.remote.service.DriverCommandExecutor.invokeExecute(DriverCommandExecutor.java:196)
	at org.openqa.selenium.remote.service.DriverCommandExecutor.execute(DriverCommandExecutor.java:171)
	at org.openqa.selenium.remote.RemoteWebDriver.execute(RemoteWebDriver.java:518)
	at org.openqa.selenium.remote.ElementLocation$ElementFinder$2.findElement(ElementLocation.java:165)
	at org.openqa.selenium.remote.ElementLocation.findElement(ElementLocation.java:59)
	at org.openqa.selenium.remote.RemoteWebDriver.findElement(RemoteWebDriver.java:355)
	at org.openqa.selenium.remote.RemoteWebDriver.findElement(RemoteWebDriver.java:349)
	at org.openqa.selenium.support.pagefactory.DefaultElementLocator.findElement(DefaultElementLocator.java:68)
	at org.openqa.selenium.support.pagefactory.internal.LocatingElementHandler.invoke(LocatingElementHandler.java:38)
	at jdk.proxy2/jdk.proxy2.$Proxy45.getText(Unknown Source)
	at com.app.pagefactory.LoginPage.getMessage(LoginPage.java:52)
	at com.app.stepdefs.LoginStepDefs.messageShouldBeDisplayed(LoginStepDefs.java:48)
	at ✽.Message Should Be Displayed &apos;Incorrect email or password.&apos;(file:///C:/Users/DELL/Downloads/LOGIN_updated%20(1)/furniture-project/LoginFunctionality/src/test/java/features/Blogin.feature:8)
... Removed 3 stack frames
</div> <!-- stack-trace -->
                  <em>
(Runs Cucumber Scenarios)                  </em>
                </div> <!-- method-content -->
              </div> <!-- method -->
              <div class="method">
                <div class="method-content">
                  <a name="runScenario(&quot;Testing of ContactUs Page&quot;, &quot;Test Chilternoak Furniture page I want to use this template for my fea...)">
                  </a> <!-- runScenario("Testing of ContactUs Page", "Test Chilternoak Furniture page I want to use this template for my fea...) -->
                  <span class="method-name">runScenario</span>
                  <span class="parameters">("Testing of ContactUs Page","Test Chilternoak Furniture page I want to use this template for my feature file")</span>
                  <div class="stack-trace">java.lang.AssertionError
	at org.junit.Assert.fail(Assert.java:86)
	at org.junit.Assert.assertTrue(Assert.java:41)
	at org.junit.Assert.assertTrue(Assert.java:52)
	at com.app.stepdefs.ContactUsSteps.it_shoulld_diplayed_the_message(ContactUsSteps.java:93)
	at ✽.It shoulld diplayed the message &apos;Please Enter the valid number format&apos;(file:///C:/Users/DELL/Downloads/LOGIN_updated%20(1)/furniture-project/LoginFunctionality/src/test/java/features/GContactUs.feature:15)

</div> <!-- stack-trace -->
                  <em>
(Runs Cucumber Scenarios)                  </em>
                </div> <!-- method-content -->
              </div> <!-- method -->
              <div class="method">
                <div class="method-content">
                  <a name="runScenario(&quot;User login with different credentials&quot;, &quot;Login functionality&quot;)">
                  </a> <!-- runScenario("User login with different credentials", "Login functionality") -->
                  <span class="method-name">runScenario</span>
                  <span class="parameters">("User login with different credentials","Login functionality")</span>
                  <div class="stack-trace">org.openqa.selenium.ElementClickInterceptedException: element click intercepted: Element &lt;input class=&quot;btn&quot; type=&quot;submit&quot; value=&quot;Sign In&quot;&gt; is not clickable at point (596, 514). Other element would receive the click: &lt;shop-login-button action=&quot;default&quot; version=&quot;2&quot; flow-version=&quot;sign_in&quot; analytics-context=&quot;loginWithShopClassicCustomerAccounts&quot; analytics-trace-id=&quot;874e1ab9-244e-4658-ab49-cd54fcb18b13&quot; hide-button=&quot;true&quot; email-verification-required=&quot;true&quot; disable-sign-up=&quot;true&quot; auto-open=&quot;true&quot; consent-challenge=&quot;&quot; email=&quot;far@gmail.com&quot;&gt;&lt;/shop-login-button&gt;
  (Session info: chrome=120.0.6099.225)
Build info: version: &apos;4.11.0&apos;, revision: &apos;040bc5406b&apos;
System info: os.name: &apos;Windows 11&apos;, os.arch: &apos;amd64&apos;, os.version: &apos;10.0&apos;, java.version: &apos;21.0.1&apos;
Driver info: org.openqa.selenium.chrome.ChromeDriver
Command: [b351d6f2d8c03e3d4e76ed782e31fb44, clickElement {id=E3C242F17B2532CE17EEBE174838076A_element_152}]
Capabilities {acceptInsecureCerts: false, browserName: chrome, browserVersion: 120.0.6099.225, chrome: {chromedriverVersion: 120.0.6099.109 (3419140ab66..., userDataDir: C:\Users\DELL\AppData\Local...}, fedcm:accounts: true, goog:chromeOptions: {debuggerAddress: localhost:4376}, networkConnectionEnabled: false, pageLoadStrategy: normal, platformName: windows, proxy: Proxy(), se:cdp: ws://localhost:4376/devtool..., se:cdpVersion: 120.0.6099.225, setWindowRect: true, strictFileInteractability: false, timeouts: {implicit: 0, pageLoad: 300000, script: 30000}, unhandledPromptBehavior: dismiss and notify, webauthn:extension:credBlob: true, webauthn:extension:largeBlob: true, webauthn:extension:minPinLength: true, webauthn:extension:prf: true, webauthn:virtualAuthenticators: true}
Element: [[ChromeDriver: chrome on windows (b351d6f2d8c03e3d4e76ed782e31fb44)] -&gt; xpath: //input[@value=&apos;Sign In&apos;]]
Session ID: b351d6f2d8c03e3d4e76ed782e31fb44
	at org.openqa.selenium.remote.codec.w3c.W3CHttpResponseCodec.createException(W3CHttpResponseCodec.java:200)
	at org.openqa.selenium.remote.codec.w3c.W3CHttpResponseCodec.decode(W3CHttpResponseCodec.java:133)
	at org.openqa.selenium.remote.codec.w3c.W3CHttpResponseCodec.decode(W3CHttpResponseCodec.java:52)
	at org.openqa.selenium.remote.HttpCommandExecutor.execute(HttpCommandExecutor.java:191)
	at org.openqa.selenium.remote.service.DriverCommandExecutor.invokeExecute(DriverCommandExecutor.java:196)
	at org.openqa.selenium.remote.service.DriverCommandExecutor.execute(DriverCommandExecutor.java:171)
	at org.openqa.selenium.remote.RemoteWebDriver.execute(RemoteWebDriver.java:518)
	at org.openqa.selenium.remote.RemoteWebElement.execute(RemoteWebElement.java:224)
	at org.openqa.selenium.remote.RemoteWebElement.click(RemoteWebElement.java:77)
	at org.openqa.selenium.support.pagefactory.internal.LocatingElementHandler.invoke(LocatingElementHandler.java:51)
	at jdk.proxy2/jdk.proxy2.$Proxy45.click(Unknown Source)
	at com.app.pagefactory.LoginPage.clickLoginButton(LoginPage.java:48)
	at com.app.stepdefs.LoginStepDefs.clicksLoginButton(LoginStepDefs.java:40)
	at ✽.clicks the login button(file:///C:/Users/DELL/Downloads/LOGIN_updated%20(1)/furniture-project/LoginFunctionality/src/test/java/features/Blogin.feature:7)
... Removed 5 stack frames
</div> <!-- stack-trace -->
                  <em>
(Runs Cucumber Scenarios)                  </em>
                </div> <!-- method-content -->
              </div> <!-- method -->
              <div class="method">
                <div class="method-content">
                  <a name="runScenario(&quot;Subscribe scenario with differe set of data&quot;, &quot;Subscribe Feature&quot;)">
                  </a> <!-- runScenario("Subscribe scenario with differe set of data", "Subscribe Feature") -->
                  <span class="method-name">runScenario</span>
                  <span class="parameters">("Subscribe scenario with differe set of data","Subscribe Feature")</span>
                  <div class="stack-trace">org.openqa.selenium.NoSuchElementException: no such element: Unable to locate element: {&quot;method&quot;:&quot;xpath&quot;,&quot;selector&quot;:&quot;//h4[@class=&apos;no-margin&apos;]&quot;}
  (Session info: chrome=120.0.6099.225)
For documentation on this error, please visit: https://www.selenium.dev/documentation/webdriver/troubleshooting/errors#no-such-element-exception
Build info: version: &apos;4.11.0&apos;, revision: &apos;040bc5406b&apos;
System info: os.name: &apos;Windows 11&apos;, os.arch: &apos;amd64&apos;, os.version: &apos;10.0&apos;, java.version: &apos;21.0.1&apos;
Driver info: org.openqa.selenium.chrome.ChromeDriver
Command: [0e58c037b931d09c5dc9f657e62a4fd6, findElement {using=xpath, value=//h4[@class=&apos;no-margin&apos;]}]
Capabilities {acceptInsecureCerts: false, browserName: chrome, browserVersion: 120.0.6099.225, chrome: {chromedriverVersion: 120.0.6099.109 (3419140ab66..., userDataDir: C:\Users\DELL\AppData\Local...}, fedcm:accounts: true, goog:chromeOptions: {debuggerAddress: localhost:7291}, networkConnectionEnabled: false, pageLoadStrategy: normal, platformName: windows, proxy: Proxy(), se:cdp: ws://localhost:7291/devtool..., se:cdpVersion: 120.0.6099.225, setWindowRect: true, strictFileInteractability: false, timeouts: {implicit: 0, pageLoad: 300000, script: 30000}, unhandledPromptBehavior: dismiss and notify, webauthn:extension:credBlob: true, webauthn:extension:largeBlob: true, webauthn:extension:minPinLength: true, webauthn:extension:prf: true, webauthn:virtualAuthenticators: true}
Session ID: 0e58c037b931d09c5dc9f657e62a4fd6
	at org.openqa.selenium.remote.codec.w3c.W3CHttpResponseCodec.createException(W3CHttpResponseCodec.java:200)
	at org.openqa.selenium.remote.codec.w3c.W3CHttpResponseCodec.decode(W3CHttpResponseCodec.java:133)
	at org.openqa.selenium.remote.codec.w3c.W3CHttpResponseCodec.decode(W3CHttpResponseCodec.java:52)
	at org.openqa.selenium.remote.HttpCommandExecutor.execute(HttpCommandExecutor.java:191)
	at org.openqa.selenium.remote.service.DriverCommandExecutor.invokeExecute(DriverCommandExecutor.java:196)
	at org.openqa.selenium.remote.service.DriverCommandExecutor.execute(DriverCommandExecutor.java:171)
	at org.openqa.selenium.remote.RemoteWebDriver.execute(RemoteWebDriver.java:518)
	at org.openqa.selenium.remote.ElementLocation$ElementFinder$2.findElement(ElementLocation.java:165)
	at org.openqa.selenium.remote.ElementLocation.findElement(ElementLocation.java:59)
	at org.openqa.selenium.remote.RemoteWebDriver.findElement(RemoteWebDriver.java:355)
	at org.openqa.selenium.remote.RemoteWebDriver.findElement(RemoteWebDriver.java:349)
	at org.openqa.selenium.support.pagefactory.DefaultElementLocator.findElement(DefaultElementLocator.java:68)
	at org.openqa.selenium.support.pagefactory.internal.LocatingElementHandler.invoke(LocatingElementHandler.java:38)
	at jdk.proxy2/jdk.proxy2.$Proxy45.getText(Unknown Source)
	at com.app.pagefactory.SubscribePage.validate_Confirmation_Text(SubscribePage.java:54)
	at com.app.stepdefs.SubscribeSteps.it_shows_sucess_message(SubscribeSteps.java:67)
	at ✽.it shows sucess message &quot;Please fill out the fields&quot;(file:///C:/Users/DELL/Downloads/LOGIN_updated%20(1)/furniture-project/LoginFunctionality/src/test/java/features/HSubscribe.feature:10)
... Removed 3 stack frames
</div> <!-- stack-trace -->
                  <em>
(Runs Cucumber Scenarios)                  </em>
                </div> <!-- method-content -->
              </div> <!-- method -->
              <div class="method">
                <div class="method-content">
                  <a name="runScenario(&quot;Checkout Functionality Of Chilternoak&quot;, &quot;Checkout In Chilternoak&quot;)">
                  </a> <!-- runScenario("Checkout Functionality Of Chilternoak", "Checkout In Chilternoak") -->
                  <span class="method-name">runScenario</span>
                  <span class="parameters">("Checkout Functionality Of Chilternoak","Checkout In Chilternoak")</span>
                  <div class="stack-trace">org.openqa.selenium.ElementClickInterceptedException: element click intercepted: Element &lt;button type=&quot;submit&quot; aria-label=&quot;Submit&quot;&gt;...&lt;/button&gt; is not clickable at point (473, 84). Other element would receive the click: &lt;div style=&quot;width: 100%; height: 100%; position: fixed; top: 0px; left: 0px; z-index: 2000000000; background-color: rgb(255, 255, 255); opacity: 0.05;&quot;&gt;&lt;/div&gt;
  (Session info: chrome=120.0.6099.225)
Build info: version: &apos;4.11.0&apos;, revision: &apos;040bc5406b&apos;
System info: os.name: &apos;Windows 11&apos;, os.arch: &apos;amd64&apos;, os.version: &apos;10.0&apos;, java.version: &apos;21.0.1&apos;
Driver info: org.openqa.selenium.chrome.ChromeDriver
Command: [e771150f386a30a63e8dcf42183482d5, clickElement {id=43C1B6E130E0D86CEB25C455F53C2D69_element_198}]
Capabilities {acceptInsecureCerts: false, browserName: chrome, browserVersion: 120.0.6099.225, chrome: {chromedriverVersion: 120.0.6099.109 (3419140ab66..., userDataDir: C:\Users\DELL\AppData\Local...}, fedcm:accounts: true, goog:chromeOptions: {debuggerAddress: localhost:5744}, networkConnectionEnabled: false, pageLoadStrategy: normal, platformName: windows, proxy: Proxy(), se:cdp: ws://localhost:5744/devtool..., se:cdpVersion: 120.0.6099.225, setWindowRect: true, strictFileInteractability: false, timeouts: {implicit: 0, pageLoad: 300000, script: 30000}, unhandledPromptBehavior: dismiss and notify, webauthn:extension:credBlob: true, webauthn:extension:largeBlob: true, webauthn:extension:minPinLength: true, webauthn:extension:prf: true, webauthn:virtualAuthenticators: true}
Element: [[ChromeDriver: chrome on windows (e771150f386a30a63e8dcf42183482d5)] -&gt; xpath: //button[@type=&quot;submit&quot;]]
Session ID: e771150f386a30a63e8dcf42183482d5
	at org.openqa.selenium.remote.codec.w3c.W3CHttpResponseCodec.createException(W3CHttpResponseCodec.java:200)
	at org.openqa.selenium.remote.codec.w3c.W3CHttpResponseCodec.decode(W3CHttpResponseCodec.java:133)
	at org.openqa.selenium.remote.codec.w3c.W3CHttpResponseCodec.decode(W3CHttpResponseCodec.java:52)
	at org.openqa.selenium.remote.HttpCommandExecutor.execute(HttpCommandExecutor.java:191)
	at org.openqa.selenium.remote.service.DriverCommandExecutor.invokeExecute(DriverCommandExecutor.java:196)
	at org.openqa.selenium.remote.service.DriverCommandExecutor.execute(DriverCommandExecutor.java:171)
	at org.openqa.selenium.remote.RemoteWebDriver.execute(RemoteWebDriver.java:518)
	at org.openqa.selenium.remote.RemoteWebElement.execute(RemoteWebElement.java:224)
	at org.openqa.selenium.remote.RemoteWebElement.click(RemoteWebElement.java:77)
	at org.openqa.selenium.support.pagefactory.internal.LocatingElementHandler.invoke(LocatingElementHandler.java:51)
	at jdk.proxy2/jdk.proxy2.$Proxy45.click(Unknown Source)
	at com.app.pagefactory.Checkout2.Login_AddToCart(Checkout2.java:81)
	at com.app.stepdefs.CheckoutSteps.User_is_on_login_page_and_add_item_to_cart(CheckoutSteps.java:27)
	at ✽.User is on login page and add item to cart(file:///C:/Users/DELL/Downloads/LOGIN_updated%20(1)/furniture-project/LoginFunctionality/src/test/java/features/Fcheckout.feature:6)
... Removed 5 stack frames
</div> <!-- stack-trace -->
                  <em>
(Runs Cucumber Scenarios)                  </em>
                </div> <!-- method-content -->
              </div> <!-- method -->
              <div class="method">
                <div class="method-content">
                  <a name="runScenario(&quot;To test the SigUp functionality of Chiltern Oak page&quot;, &quot;SignUp fuctionality&quot;)">
                  </a> <!-- runScenario("To test the SigUp functionality of Chiltern Oak page", "SignUp fuctionality") -->
                  <span class="method-name">runScenario</span>
                  <span class="parameters">("To test the SigUp functionality of Chiltern Oak page","SignUp fuctionality")</span>
                  <div class="stack-trace">java.lang.AssertionError: expected [true] but found [false]
	at com.app.stepdefs.SignUpStepDefs.the_user_should_see_the_status_as(SignUpStepDefs.java:70)
	at ✽.the user should see the status as &apos;Please enter the valid data&apos;(file:///C:/Users/DELL/Downloads/LOGIN_updated%20(1)/furniture-project/LoginFunctionality/src/test/java/features/Asignup.feature:11)
... Removed 4 stack frames
</div> <!-- stack-trace -->
                  <em>
(Runs Cucumber Scenarios)                  </em>
                </div> <!-- method-content -->
              </div> <!-- method -->
              <div class="method">
                <div class="method-content">
                  <a name="runScenario(&quot;To test the SigUp functionality of Chiltern Oak page&quot;, &quot;SignUp fuctionality&quot;)">
                  </a> <!-- runScenario("To test the SigUp functionality of Chiltern Oak page", "SignUp fuctionality") -->
                  <span class="method-name">runScenario</span>
                  <span class="parameters">("To test the SigUp functionality of Chiltern Oak page","SignUp fuctionality")</span>
                  <div class="stack-trace">java.lang.AssertionError: expected [true] but found [false]
	at com.app.stepdefs.SignUpStepDefs.the_user_should_see_the_status_as(SignUpStepDefs.java:70)
	at ✽.the user should see the status as &apos;Please enter the valid data&apos;(file:///C:/Users/DELL/Downloads/LOGIN_updated%20(1)/furniture-project/LoginFunctionality/src/test/java/features/Asignup.feature:11)
... Removed 4 stack frames
</div> <!-- stack-trace -->
                  <em>
(Runs Cucumber Scenarios)                  </em>
                </div> <!-- method-content -->
              </div> <!-- method -->
              <div class="method">
                <div class="method-content">
                  <a name="runScenario(&quot;User login with different credentials&quot;, &quot;Login functionality&quot;)">
                  </a> <!-- runScenario("User login with different credentials", "Login functionality") -->
                  <span class="method-name">runScenario</span>
                  <span class="parameters">("User login with different credentials","Login functionality")</span>
                  <div class="stack-trace">org.openqa.selenium.ElementClickInterceptedException: element click intercepted: Element &lt;input class=&quot;btn&quot; type=&quot;submit&quot; value=&quot;Sign In&quot;&gt; is not clickable at point (596, 514). Other element would receive the click: &lt;shop-login-button action=&quot;default&quot; version=&quot;2&quot; flow-version=&quot;sign_in&quot; analytics-context=&quot;loginWithShopClassicCustomerAccounts&quot; analytics-trace-id=&quot;efdb2d2e-a3af-436b-b086-76eee684e22f&quot; hide-button=&quot;true&quot; email-verification-required=&quot;true&quot; disable-sign-up=&quot;true&quot; auto-open=&quot;true&quot; consent-challenge=&quot;&quot; email=&quot;far@gmail.com&quot;&gt;&lt;/shop-login-button&gt;
  (Session info: chrome=120.0.6099.225)
Build info: version: &apos;4.11.0&apos;, revision: &apos;040bc5406b&apos;
System info: os.name: &apos;Windows 11&apos;, os.arch: &apos;amd64&apos;, os.version: &apos;10.0&apos;, java.version: &apos;21.0.1&apos;
Driver info: org.openqa.selenium.chrome.ChromeDriver
Command: [601df44fbf26662ad98a83b6d3be2c16, clickElement {id=1423EEB2FBE5183E6AD95C5616C600A9_element_150}]
Capabilities {acceptInsecureCerts: false, browserName: chrome, browserVersion: 120.0.6099.225, chrome: {chromedriverVersion: 120.0.6099.109 (3419140ab66..., userDataDir: C:\Users\DELL\AppData\Local...}, fedcm:accounts: true, goog:chromeOptions: {debuggerAddress: localhost:3872}, networkConnectionEnabled: false, pageLoadStrategy: normal, platformName: windows, proxy: Proxy(), se:cdp: ws://localhost:3872/devtool..., se:cdpVersion: 120.0.6099.225, setWindowRect: true, strictFileInteractability: false, timeouts: {implicit: 0, pageLoad: 300000, script: 30000}, unhandledPromptBehavior: dismiss and notify, webauthn:extension:credBlob: true, webauthn:extension:largeBlob: true, webauthn:extension:minPinLength: true, webauthn:extension:prf: true, webauthn:virtualAuthenticators: true}
Element: [[ChromeDriver: chrome on windows (601df44fbf26662ad98a83b6d3be2c16)] -&gt; xpath: //input[@value=&apos;Sign In&apos;]]
Session ID: 601df44fbf26662ad98a83b6d3be2c16
	at org.openqa.selenium.remote.codec.w3c.W3CHttpResponseCodec.createException(W3CHttpResponseCodec.java:200)
	at org.openqa.selenium.remote.codec.w3c.W3CHttpResponseCodec.decode(W3CHttpResponseCodec.java:133)
	at org.openqa.selenium.remote.codec.w3c.W3CHttpResponseCodec.decode(W3CHttpResponseCodec.java:52)
	at org.openqa.selenium.remote.HttpCommandExecutor.execute(HttpCommandExecutor.java:191)
	at org.openqa.selenium.remote.service.DriverCommandExecutor.invokeExecute(DriverCommandExecutor.java:196)
	at org.openqa.selenium.remote.service.DriverCommandExecutor.execute(DriverCommandExecutor.java:171)
	at org.openqa.selenium.remote.RemoteWebDriver.execute(RemoteWebDriver.java:518)
	at org.openqa.selenium.remote.RemoteWebElement.execute(RemoteWebElement.java:224)
	at org.openqa.selenium.remote.RemoteWebElement.click(RemoteWebElement.java:77)
	at org.openqa.selenium.support.pagefactory.internal.LocatingElementHandler.invoke(LocatingElementHandler.java:51)
	at jdk.proxy2/jdk.proxy2.$Proxy45.click(Unknown Source)
	at com.app.pagefactory.LoginPage.clickLoginButton(LoginPage.java:48)
	at com.app.stepdefs.LoginStepDefs.clicksLoginButton(LoginStepDefs.java:40)
	at ✽.clicks the login button(file:///C:/Users/DELL/Downloads/LOGIN_updated%20(1)/furniture-project/LoginFunctionality/src/test/java/features/Blogin.feature:7)
... Removed 5 stack frames
</div> <!-- stack-trace -->
                  <em>
(Runs Cucumber Scenarios)                  </em>
                </div> <!-- method-content -->
              </div> <!-- method -->
              <div class="method">
                <div class="method-content">
                  <a name="runScenario(&quot;Subscribe scenario with differe set of data&quot;, &quot;Subscribe Feature&quot;)">
                  </a> <!-- runScenario("Subscribe scenario with differe set of data", "Subscribe Feature") -->
                  <span class="method-name">runScenario</span>
                  <span class="parameters">("Subscribe scenario with differe set of data","Subscribe Feature")</span>
                  <div class="stack-trace">org.openqa.selenium.NoSuchElementException: no such element: Unable to locate element: {&quot;method&quot;:&quot;xpath&quot;,&quot;selector&quot;:&quot;//h4[@class=&apos;no-margin&apos;]&quot;}
  (Session info: chrome=120.0.6099.225)
For documentation on this error, please visit: https://www.selenium.dev/documentation/webdriver/troubleshooting/errors#no-such-element-exception
Build info: version: &apos;4.11.0&apos;, revision: &apos;040bc5406b&apos;
System info: os.name: &apos;Windows 11&apos;, os.arch: &apos;amd64&apos;, os.version: &apos;10.0&apos;, java.version: &apos;21.0.1&apos;
Driver info: org.openqa.selenium.chrome.ChromeDriver
Command: [a7f8375e17a12f7822830815fe1f2330, findElement {using=xpath, value=//h4[@class=&apos;no-margin&apos;]}]
Capabilities {acceptInsecureCerts: false, browserName: chrome, browserVersion: 120.0.6099.225, chrome: {chromedriverVersion: 120.0.6099.109 (3419140ab66..., userDataDir: C:\Users\DELL\AppData\Local...}, fedcm:accounts: true, goog:chromeOptions: {debuggerAddress: localhost:7055}, networkConnectionEnabled: false, pageLoadStrategy: normal, platformName: windows, proxy: Proxy(), se:cdp: ws://localhost:7055/devtool..., se:cdpVersion: 120.0.6099.225, setWindowRect: true, strictFileInteractability: false, timeouts: {implicit: 0, pageLoad: 300000, script: 30000}, unhandledPromptBehavior: dismiss and notify, webauthn:extension:credBlob: true, webauthn:extension:largeBlob: true, webauthn:extension:minPinLength: true, webauthn:extension:prf: true, webauthn:virtualAuthenticators: true}
Session ID: a7f8375e17a12f7822830815fe1f2330
	at org.openqa.selenium.remote.codec.w3c.W3CHttpResponseCodec.createException(W3CHttpResponseCodec.java:200)
	at org.openqa.selenium.remote.codec.w3c.W3CHttpResponseCodec.decode(W3CHttpResponseCodec.java:133)
	at org.openqa.selenium.remote.codec.w3c.W3CHttpResponseCodec.decode(W3CHttpResponseCodec.java:52)
	at org.openqa.selenium.remote.HttpCommandExecutor.execute(HttpCommandExecutor.java:191)
	at org.openqa.selenium.remote.service.DriverCommandExecutor.invokeExecute(DriverCommandExecutor.java:196)
	at org.openqa.selenium.remote.service.DriverCommandExecutor.execute(DriverCommandExecutor.java:171)
	at org.openqa.selenium.remote.RemoteWebDriver.execute(RemoteWebDriver.java:518)
	at org.openqa.selenium.remote.ElementLocation$ElementFinder$2.findElement(ElementLocation.java:165)
	at org.openqa.selenium.remote.ElementLocation.findElement(ElementLocation.java:59)
	at org.openqa.selenium.remote.RemoteWebDriver.findElement(RemoteWebDriver.java:355)
	at org.openqa.selenium.remote.RemoteWebDriver.findElement(RemoteWebDriver.java:349)
	at org.openqa.selenium.support.pagefactory.DefaultElementLocator.findElement(DefaultElementLocator.java:68)
	at org.openqa.selenium.support.pagefactory.internal.LocatingElementHandler.invoke(LocatingElementHandler.java:38)
	at jdk.proxy2/jdk.proxy2.$Proxy45.getText(Unknown Source)
	at com.app.pagefactory.SubscribePage.validate_Confirmation_Text(SubscribePage.java:54)
	at com.app.stepdefs.SubscribeSteps.it_shows_sucess_message(SubscribeSteps.java:67)
	at ✽.it shows sucess message &quot;Please fill out the fields&quot;(file:///C:/Users/DELL/Downloads/LOGIN_updated%20(1)/furniture-project/LoginFunctionality/src/test/java/features/HSubscribe.feature:10)
... Removed 3 stack frames
</div> <!-- stack-trace -->
                  <em>
(Runs Cucumber Scenarios)                  </em>
                </div> <!-- method-content -->
              </div> <!-- method -->
              <div class="method">
                <div class="method-content">
                  <a name="runScenario(&quot;Subscribe scenario with differe set of data&quot;, &quot;Subscribe Feature&quot;)">
                  </a> <!-- runScenario("Subscribe scenario with differe set of data", "Subscribe Feature") -->
                  <span class="method-name">runScenario</span>
                  <span class="parameters">("Subscribe scenario with differe set of data","Subscribe Feature")</span>
                  <div class="stack-trace">org.openqa.selenium.NoSuchElementException: no such element: Unable to locate element: {&quot;method&quot;:&quot;xpath&quot;,&quot;selector&quot;:&quot;//h4[@class=&apos;no-margin&apos;]&quot;}
  (Session info: chrome=120.0.6099.225)
For documentation on this error, please visit: https://www.selenium.dev/documentation/webdriver/troubleshooting/errors#no-such-element-exception
Build info: version: &apos;4.11.0&apos;, revision: &apos;040bc5406b&apos;
System info: os.name: &apos;Windows 11&apos;, os.arch: &apos;amd64&apos;, os.version: &apos;10.0&apos;, java.version: &apos;21.0.1&apos;
Driver info: org.openqa.selenium.chrome.ChromeDriver
Command: [03b4dfe70f99f7ab709b91341dcc2a5b, findElement {using=xpath, value=//h4[@class=&apos;no-margin&apos;]}]
Capabilities {acceptInsecureCerts: false, browserName: chrome, browserVersion: 120.0.6099.225, chrome: {chromedriverVersion: 120.0.6099.109 (3419140ab66..., userDataDir: C:\Users\DELL\AppData\Local...}, fedcm:accounts: true, goog:chromeOptions: {debuggerAddress: localhost:7517}, networkConnectionEnabled: false, pageLoadStrategy: normal, platformName: windows, proxy: Proxy(), se:cdp: ws://localhost:7517/devtool..., se:cdpVersion: 120.0.6099.225, setWindowRect: true, strictFileInteractability: false, timeouts: {implicit: 0, pageLoad: 300000, script: 30000}, unhandledPromptBehavior: dismiss and notify, webauthn:extension:credBlob: true, webauthn:extension:largeBlob: true, webauthn:extension:minPinLength: true, webauthn:extension:prf: true, webauthn:virtualAuthenticators: true}
Session ID: 03b4dfe70f99f7ab709b91341dcc2a5b
	at org.openqa.selenium.remote.codec.w3c.W3CHttpResponseCodec.createException(W3CHttpResponseCodec.java:200)
	at org.openqa.selenium.remote.codec.w3c.W3CHttpResponseCodec.decode(W3CHttpResponseCodec.java:133)
	at org.openqa.selenium.remote.codec.w3c.W3CHttpResponseCodec.decode(W3CHttpResponseCodec.java:52)
	at org.openqa.selenium.remote.HttpCommandExecutor.execute(HttpCommandExecutor.java:191)
	at org.openqa.selenium.remote.service.DriverCommandExecutor.invokeExecute(DriverCommandExecutor.java:196)
	at org.openqa.selenium.remote.service.DriverCommandExecutor.execute(DriverCommandExecutor.java:171)
	at org.openqa.selenium.remote.RemoteWebDriver.execute(RemoteWebDriver.java:518)
	at org.openqa.selenium.remote.ElementLocation$ElementFinder$2.findElement(ElementLocation.java:165)
	at org.openqa.selenium.remote.ElementLocation.findElement(ElementLocation.java:59)
	at org.openqa.selenium.remote.RemoteWebDriver.findElement(RemoteWebDriver.java:355)
	at org.openqa.selenium.remote.RemoteWebDriver.findElement(RemoteWebDriver.java:349)
	at org.openqa.selenium.support.pagefactory.DefaultElementLocator.findElement(DefaultElementLocator.java:68)
	at org.openqa.selenium.support.pagefactory.internal.LocatingElementHandler.invoke(LocatingElementHandler.java:38)
	at jdk.proxy2/jdk.proxy2.$Proxy45.getText(Unknown Source)
	at com.app.pagefactory.SubscribePage.validate_Confirmation_Text(SubscribePage.java:54)
	at com.app.stepdefs.SubscribeSteps.it_shows_sucess_message(SubscribeSteps.java:67)
	at ✽.it shows sucess message &quot;Please fill out the fields&quot;(file:///C:/Users/DELL/Downloads/LOGIN_updated%20(1)/furniture-project/LoginFunctionality/src/test/java/features/HSubscribe.feature:10)
... Removed 3 stack frames
</div> <!-- stack-trace -->
                  <em>
(Runs Cucumber Scenarios)                  </em>
                </div> <!-- method-content -->
              </div> <!-- method -->
              <div class="method">
                <div class="method-content">
                  <a name="runScenario(&quot;Subscribe scenario with differe set of data&quot;, &quot;Subscribe Feature&quot;)">
                  </a> <!-- runScenario("Subscribe scenario with differe set of data", "Subscribe Feature") -->
                  <span class="method-name">runScenario</span>
                  <span class="parameters">("Subscribe scenario with differe set of data","Subscribe Feature")</span>
                  <div class="stack-trace">org.openqa.selenium.NoSuchElementException: no such element: Unable to locate element: {&quot;method&quot;:&quot;xpath&quot;,&quot;selector&quot;:&quot;//h4[@class=&apos;no-margin&apos;]&quot;}
  (Session info: chrome=120.0.6099.225)
For documentation on this error, please visit: https://www.selenium.dev/documentation/webdriver/troubleshooting/errors#no-such-element-exception
Build info: version: &apos;4.11.0&apos;, revision: &apos;040bc5406b&apos;
System info: os.name: &apos;Windows 11&apos;, os.arch: &apos;amd64&apos;, os.version: &apos;10.0&apos;, java.version: &apos;21.0.1&apos;
Driver info: org.openqa.selenium.chrome.ChromeDriver
Command: [e91cea3478419b01f858741eb8198222, findElement {using=xpath, value=//h4[@class=&apos;no-margin&apos;]}]
Capabilities {acceptInsecureCerts: false, browserName: chrome, browserVersion: 120.0.6099.225, chrome: {chromedriverVersion: 120.0.6099.109 (3419140ab66..., userDataDir: C:\Users\DELL\AppData\Local...}, fedcm:accounts: true, goog:chromeOptions: {debuggerAddress: localhost:7753}, networkConnectionEnabled: false, pageLoadStrategy: normal, platformName: windows, proxy: Proxy(), se:cdp: ws://localhost:7753/devtool..., se:cdpVersion: 120.0.6099.225, setWindowRect: true, strictFileInteractability: false, timeouts: {implicit: 0, pageLoad: 300000, script: 30000}, unhandledPromptBehavior: dismiss and notify, webauthn:extension:credBlob: true, webauthn:extension:largeBlob: true, webauthn:extension:minPinLength: true, webauthn:extension:prf: true, webauthn:virtualAuthenticators: true}
Session ID: e91cea3478419b01f858741eb8198222
	at org.openqa.selenium.remote.codec.w3c.W3CHttpResponseCodec.createException(W3CHttpResponseCodec.java:200)
	at org.openqa.selenium.remote.codec.w3c.W3CHttpResponseCodec.decode(W3CHttpResponseCodec.java:133)
	at org.openqa.selenium.remote.codec.w3c.W3CHttpResponseCodec.decode(W3CHttpResponseCodec.java:52)
	at org.openqa.selenium.remote.HttpCommandExecutor.execute(HttpCommandExecutor.java:191)
	at org.openqa.selenium.remote.service.DriverCommandExecutor.invokeExecute(DriverCommandExecutor.java:196)
	at org.openqa.selenium.remote.service.DriverCommandExecutor.execute(DriverCommandExecutor.java:171)
	at org.openqa.selenium.remote.RemoteWebDriver.execute(RemoteWebDriver.java:518)
	at org.openqa.selenium.remote.ElementLocation$ElementFinder$2.findElement(ElementLocation.java:165)
	at org.openqa.selenium.remote.ElementLocation.findElement(ElementLocation.java:59)
	at org.openqa.selenium.remote.RemoteWebDriver.findElement(RemoteWebDriver.java:355)
	at org.openqa.selenium.remote.RemoteWebDriver.findElement(RemoteWebDriver.java:349)
	at org.openqa.selenium.support.pagefactory.DefaultElementLocator.findElement(DefaultElementLocator.java:68)
	at org.openqa.selenium.support.pagefactory.internal.LocatingElementHandler.invoke(LocatingElementHandler.java:38)
	at jdk.proxy2/jdk.proxy2.$Proxy45.getText(Unknown Source)
	at com.app.pagefactory.SubscribePage.validate_Confirmation_Text(SubscribePage.java:54)
	at com.app.stepdefs.SubscribeSteps.it_shows_sucess_message(SubscribeSteps.java:67)
	at ✽.it shows sucess message &quot;Thank you for signing up!&quot;(file:///C:/Users/DELL/Downloads/LOGIN_updated%20(1)/furniture-project/LoginFunctionality/src/test/java/features/HSubscribe.feature:10)
... Removed 3 stack frames
</div> <!-- stack-trace -->
                  <em>
(Runs Cucumber Scenarios)                  </em>
                </div> <!-- method-content -->
              </div> <!-- method -->
              <div class="method">
                <div class="method-content">
                  <a name="runScenario(&quot;To test the SigUp functionality of Chiltern Oak page&quot;, &quot;SignUp fuctionality&quot;)">
                  </a> <!-- runScenario("To test the SigUp functionality of Chiltern Oak page", "SignUp fuctionality") -->
                  <span class="method-name">runScenario</span>
                  <span class="parameters">("To test the SigUp functionality of Chiltern Oak page","SignUp fuctionality")</span>
                  <div class="stack-trace">java.lang.AssertionError: expected [true] but found [false]
	at com.app.stepdefs.SignUpStepDefs.the_user_should_see_the_status_as(SignUpStepDefs.java:70)
	at ✽.the user should see the status as &apos;Password is too short (minimum is 5 characters)&apos;(file:///C:/Users/DELL/Downloads/LOGIN_updated%20(1)/furniture-project/LoginFunctionality/src/test/java/features/Asignup.feature:11)
... Removed 4 stack frames
</div> <!-- stack-trace -->
                  <em>
(Runs Cucumber Scenarios)                  </em>
                </div> <!-- method-content -->
              </div> <!-- method -->
              <div class="method">
                <div class="method-content">
                  <a name="runScenario(&quot;User login with different credentials&quot;, &quot;Login functionality&quot;)">
                  </a> <!-- runScenario("User login with different credentials", "Login functionality") -->
                  <span class="method-name">runScenario</span>
                  <span class="parameters">("User login with different credentials","Login functionality")</span>
                  <div class="stack-trace">java.lang.AssertionError: expected [Password can&apos;t be blank.] but found [Incorrect email or password.]
	at com.app.stepdefs.LoginStepDefs.messageShouldBeDisplayed(LoginStepDefs.java:48)
	at ✽.Message Should Be Displayed &apos;Incorrect email or password.&apos;(file:///C:/Users/DELL/Downloads/LOGIN_updated%20(1)/furniture-project/LoginFunctionality/src/test/java/features/Blogin.feature:8)
... Removed 6 stack frames
</div> <!-- stack-trace -->
                  <em>
(Runs Cucumber Scenarios)                  </em>
                </div> <!-- method-content -->
              </div> <!-- method -->
            </div> <!-- main-panel-content rounded-window-bottom -->
          </div> <!-- suite-Suite-class-failed -->
          <div class="suite-Suite-class-skipped">
            <div class="main-panel-header rounded-window-top">
              <img src="skipped.png"/>
              <span class="class-name">com.app.runner.TestNgRunner</span>
            </div> <!-- main-panel-header rounded-window-top -->
            <div class="main-panel-content rounded-window-bottom">
              <div class="method">
                <div class="method-content">
                  <a name="runScenario(&quot;Testing of ContactUs Page&quot;, &quot;Test Chilternoak Furniture page I want to use this template for my fea...)">
                  </a> <!-- runScenario("Testing of ContactUs Page", "Test Chilternoak Furniture page I want to use this template for my fea...) -->
                  <span class="method-name">runScenario</span>
                  <span class="parameters">("Testing of ContactUs Page","Test Chilternoak Furniture page I want to use this template for my feature file")</span>
                  <div class="stack-trace">java.lang.AssertionError
	at org.junit.Assert.fail(Assert.java:86)
	at org.junit.Assert.assertTrue(Assert.java:41)
	at org.junit.Assert.assertTrue(Assert.java:52)
	at com.app.stepdefs.ContactUsSteps.it_shoulld_diplayed_the_message(ContactUsSteps.java:93)
	at ✽.It shoulld diplayed the message &apos;Please enter the valid email&apos;(file:///C:/Users/DELL/Downloads/LOGIN_updated%20(1)/furniture-project/LoginFunctionality/src/test/java/features/GContactUs.feature:15)

</div> <!-- stack-trace -->
                  <em>
(Runs Cucumber Scenarios)                  </em>
                </div> <!-- method-content -->
              </div> <!-- method -->
              <div class="method">
                <div class="method-content">
                  <a name="runScenario(&quot;Subscribe scenario with differe set of data&quot;, &quot;Subscribe Feature&quot;)">
                  </a> <!-- runScenario("Subscribe scenario with differe set of data", "Subscribe Feature") -->
                  <span class="method-name">runScenario</span>
                  <span class="parameters">("Subscribe scenario with differe set of data","Subscribe Feature")</span>
                  <div class="stack-trace">org.openqa.selenium.NoSuchElementException: no such element: Unable to locate element: {&quot;method&quot;:&quot;xpath&quot;,&quot;selector&quot;:&quot;//h4[@class=&apos;no-margin&apos;]&quot;}
  (Session info: chrome=120.0.6099.225)
For documentation on this error, please visit: https://www.selenium.dev/documentation/webdriver/troubleshooting/errors#no-such-element-exception
Build info: version: &apos;4.11.0&apos;, revision: &apos;040bc5406b&apos;
System info: os.name: &apos;Windows 11&apos;, os.arch: &apos;amd64&apos;, os.version: &apos;10.0&apos;, java.version: &apos;21.0.1&apos;
Driver info: org.openqa.selenium.chrome.ChromeDriver
Command: [e9665fb98e787c8cee802f207f921356, findElement {using=xpath, value=//h4[@class=&apos;no-margin&apos;]}]
Capabilities {acceptInsecureCerts: false, browserName: chrome, browserVersion: 120.0.6099.225, chrome: {chromedriverVersion: 120.0.6099.109 (3419140ab66..., userDataDir: C:\Users\DELL\AppData\Local...}, fedcm:accounts: true, goog:chromeOptions: {debuggerAddress: localhost:7405}, networkConnectionEnabled: false, pageLoadStrategy: normal, platformName: windows, proxy: Proxy(), se:cdp: ws://localhost:7405/devtool..., se:cdpVersion: 120.0.6099.225, setWindowRect: true, strictFileInteractability: false, timeouts: {implicit: 0, pageLoad: 300000, script: 30000}, unhandledPromptBehavior: dismiss and notify, webauthn:extension:credBlob: true, webauthn:extension:largeBlob: true, webauthn:extension:minPinLength: true, webauthn:extension:prf: true, webauthn:virtualAuthenticators: true}
Session ID: e9665fb98e787c8cee802f207f921356
	at org.openqa.selenium.remote.codec.w3c.W3CHttpResponseCodec.createException(W3CHttpResponseCodec.java:200)
	at org.openqa.selenium.remote.codec.w3c.W3CHttpResponseCodec.decode(W3CHttpResponseCodec.java:133)
	at org.openqa.selenium.remote.codec.w3c.W3CHttpResponseCodec.decode(W3CHttpResponseCodec.java:52)
	at org.openqa.selenium.remote.HttpCommandExecutor.execute(HttpCommandExecutor.java:191)
	at org.openqa.selenium.remote.service.DriverCommandExecutor.invokeExecute(DriverCommandExecutor.java:196)
	at org.openqa.selenium.remote.service.DriverCommandExecutor.execute(DriverCommandExecutor.java:171)
	at org.openqa.selenium.remote.RemoteWebDriver.execute(RemoteWebDriver.java:518)
	at org.openqa.selenium.remote.ElementLocation$ElementFinder$2.findElement(ElementLocation.java:165)
	at org.openqa.selenium.remote.ElementLocation.findElement(ElementLocation.java:59)
	at org.openqa.selenium.remote.RemoteWebDriver.findElement(RemoteWebDriver.java:355)
	at org.openqa.selenium.remote.RemoteWebDriver.findElement(RemoteWebDriver.java:349)
	at org.openqa.selenium.support.pagefactory.DefaultElementLocator.findElement(DefaultElementLocator.java:68)
	at org.openqa.selenium.support.pagefactory.internal.LocatingElementHandler.invoke(LocatingElementHandler.java:38)
	at jdk.proxy2/jdk.proxy2.$Proxy45.getText(Unknown Source)
	at com.app.pagefactory.SubscribePage.validate_Confirmation_Text(SubscribePage.java:54)
	at com.app.stepdefs.SubscribeSteps.it_shows_sucess_message(SubscribeSteps.java:67)
	at ✽.it shows sucess message &quot;Please fill out the fields&quot;(file:///C:/Users/DELL/Downloads/LOGIN_updated%20(1)/furniture-project/LoginFunctionality/src/test/java/features/HSubscribe.feature:10)
... Removed 3 stack frames
</div> <!-- stack-trace -->
                  <em>
(Runs Cucumber Scenarios)                  </em>
                </div> <!-- method-content -->
              </div> <!-- method -->
              <div class="method">
                <div class="method-content">
                  <a name="runScenario(&quot;User login with different credentials&quot;, &quot;Login functionality&quot;)">
                  </a> <!-- runScenario("User login with different credentials", "Login functionality") -->
                  <span class="method-name">runScenario</span>
                  <span class="parameters">("User login with different credentials","Login functionality")</span>
                  <div class="stack-trace">org.openqa.selenium.NoSuchElementException: no such element: Unable to locate element: {&quot;method&quot;:&quot;xpath&quot;,&quot;selector&quot;:&quot;//div[@class=&apos;errors&apos;]//ul//li&quot;}
  (Session info: chrome=120.0.6099.225)
For documentation on this error, please visit: https://www.selenium.dev/documentation/webdriver/troubleshooting/errors#no-such-element-exception
Build info: version: &apos;4.11.0&apos;, revision: &apos;040bc5406b&apos;
System info: os.name: &apos;Windows 11&apos;, os.arch: &apos;amd64&apos;, os.version: &apos;10.0&apos;, java.version: &apos;21.0.1&apos;
Driver info: org.openqa.selenium.chrome.ChromeDriver
Command: [0cc9f9892ff31ff112ff07183d8a9b26, findElement {using=xpath, value=//div[@class=&apos;errors&apos;]//ul//li}]
Capabilities {acceptInsecureCerts: false, browserName: chrome, browserVersion: 120.0.6099.225, chrome: {chromedriverVersion: 120.0.6099.109 (3419140ab66..., userDataDir: C:\Users\DELL\AppData\Local...}, fedcm:accounts: true, goog:chromeOptions: {debuggerAddress: localhost:3991}, networkConnectionEnabled: false, pageLoadStrategy: normal, platformName: windows, proxy: Proxy(), se:cdp: ws://localhost:3991/devtool..., se:cdpVersion: 120.0.6099.225, setWindowRect: true, strictFileInteractability: false, timeouts: {implicit: 0, pageLoad: 300000, script: 30000}, unhandledPromptBehavior: dismiss and notify, webauthn:extension:credBlob: true, webauthn:extension:largeBlob: true, webauthn:extension:minPinLength: true, webauthn:extension:prf: true, webauthn:virtualAuthenticators: true}
Session ID: 0cc9f9892ff31ff112ff07183d8a9b26
	at org.openqa.selenium.remote.codec.w3c.W3CHttpResponseCodec.createException(W3CHttpResponseCodec.java:200)
	at org.openqa.selenium.remote.codec.w3c.W3CHttpResponseCodec.decode(W3CHttpResponseCodec.java:133)
	at org.openqa.selenium.remote.codec.w3c.W3CHttpResponseCodec.decode(W3CHttpResponseCodec.java:52)
	at org.openqa.selenium.remote.HttpCommandExecutor.execute(HttpCommandExecutor.java:191)
	at org.openqa.selenium.remote.service.DriverCommandExecutor.invokeExecute(DriverCommandExecutor.java:196)
	at org.openqa.selenium.remote.service.DriverCommandExecutor.execute(DriverCommandExecutor.java:171)
	at org.openqa.selenium.remote.RemoteWebDriver.execute(RemoteWebDriver.java:518)
	at org.openqa.selenium.remote.ElementLocation$ElementFinder$2.findElement(ElementLocation.java:165)
	at org.openqa.selenium.remote.ElementLocation.findElement(ElementLocation.java:59)
	at org.openqa.selenium.remote.RemoteWebDriver.findElement(RemoteWebDriver.java:355)
	at org.openqa.selenium.remote.RemoteWebDriver.findElement(RemoteWebDriver.java:349)
	at org.openqa.selenium.support.pagefactory.DefaultElementLocator.findElement(DefaultElementLocator.java:68)
	at org.openqa.selenium.support.pagefactory.internal.LocatingElementHandler.invoke(LocatingElementHandler.java:38)
	at jdk.proxy2/jdk.proxy2.$Proxy45.getText(Unknown Source)
	at com.app.pagefactory.LoginPage.getMessage(LoginPage.java:52)
	at com.app.stepdefs.LoginStepDefs.messageShouldBeDisplayed(LoginStepDefs.java:48)
	at ✽.Message Should Be Displayed &apos;Incorrect email or password.&apos;(file:///C:/Users/DELL/Downloads/LOGIN_updated%20(1)/furniture-project/LoginFunctionality/src/test/java/features/Blogin.feature:8)
... Removed 3 stack frames
</div> <!-- stack-trace -->
                  <em>
(Runs Cucumber Scenarios)                  </em>
                </div> <!-- method-content -->
              </div> <!-- method -->
              <div class="method">
                <div class="method-content">
                  <a name="runScenario(&quot;Checkout Functionality Of Chilternoak&quot;, &quot;Checkout In Chilternoak&quot;)">
                  </a> <!-- runScenario("Checkout Functionality Of Chilternoak", "Checkout In Chilternoak") -->
                  <span class="method-name">runScenario</span>
                  <span class="parameters">("Checkout Functionality Of Chilternoak","Checkout In Chilternoak")</span>
                  <div class="stack-trace">org.openqa.selenium.ElementClickInterceptedException: element click intercepted: Element &lt;button type=&quot;submit&quot; aria-label=&quot;Submit&quot;&gt;...&lt;/button&gt; is not clickable at point (473, 84). Other element would receive the click: &lt;div style=&quot;width: 100%; height: 100%; position: fixed; top: 0px; left: 0px; z-index: 2000000000; background-color: rgb(255, 255, 255); opacity: 0.05;&quot;&gt;&lt;/div&gt;
  (Session info: chrome=120.0.6099.225)
Build info: version: &apos;4.11.0&apos;, revision: &apos;040bc5406b&apos;
System info: os.name: &apos;Windows 11&apos;, os.arch: &apos;amd64&apos;, os.version: &apos;10.0&apos;, java.version: &apos;21.0.1&apos;
Driver info: org.openqa.selenium.chrome.ChromeDriver
Command: [cfbc5b36aa06d465bea3c9f897768f66, clickElement {id=94D62474B7AB1248C7154B2CC928FE22_element_160}]
Capabilities {acceptInsecureCerts: false, browserName: chrome, browserVersion: 120.0.6099.225, chrome: {chromedriverVersion: 120.0.6099.109 (3419140ab66..., userDataDir: C:\Users\DELL\AppData\Local...}, fedcm:accounts: true, goog:chromeOptions: {debuggerAddress: localhost:5593}, networkConnectionEnabled: false, pageLoadStrategy: normal, platformName: windows, proxy: Proxy(), se:cdp: ws://localhost:5593/devtool..., se:cdpVersion: 120.0.6099.225, setWindowRect: true, strictFileInteractability: false, timeouts: {implicit: 0, pageLoad: 300000, script: 30000}, unhandledPromptBehavior: dismiss and notify, webauthn:extension:credBlob: true, webauthn:extension:largeBlob: true, webauthn:extension:minPinLength: true, webauthn:extension:prf: true, webauthn:virtualAuthenticators: true}
Element: [[ChromeDriver: chrome on windows (cfbc5b36aa06d465bea3c9f897768f66)] -&gt; xpath: //button[@type=&quot;submit&quot;]]
Session ID: cfbc5b36aa06d465bea3c9f897768f66
	at org.openqa.selenium.remote.codec.w3c.W3CHttpResponseCodec.createException(W3CHttpResponseCodec.java:200)
	at org.openqa.selenium.remote.codec.w3c.W3CHttpResponseCodec.decode(W3CHttpResponseCodec.java:133)
	at org.openqa.selenium.remote.codec.w3c.W3CHttpResponseCodec.decode(W3CHttpResponseCodec.java:52)
	at org.openqa.selenium.remote.HttpCommandExecutor.execute(HttpCommandExecutor.java:191)
	at org.openqa.selenium.remote.service.DriverCommandExecutor.invokeExecute(DriverCommandExecutor.java:196)
	at org.openqa.selenium.remote.service.DriverCommandExecutor.execute(DriverCommandExecutor.java:171)
	at org.openqa.selenium.remote.RemoteWebDriver.execute(RemoteWebDriver.java:518)
	at org.openqa.selenium.remote.RemoteWebElement.execute(RemoteWebElement.java:224)
	at org.openqa.selenium.remote.RemoteWebElement.click(RemoteWebElement.java:77)
	at org.openqa.selenium.support.pagefactory.internal.LocatingElementHandler.invoke(LocatingElementHandler.java:51)
	at jdk.proxy2/jdk.proxy2.$Proxy45.click(Unknown Source)
	at com.app.pagefactory.Checkout2.Login_AddToCart(Checkout2.java:81)
	at com.app.stepdefs.CheckoutSteps.User_is_on_login_page_and_add_item_to_cart(CheckoutSteps.java:27)
	at ✽.User is on login page and add item to cart(file:///C:/Users/DELL/Downloads/LOGIN_updated%20(1)/furniture-project/LoginFunctionality/src/test/java/features/Fcheckout.feature:6)
... Removed 5 stack frames
</div> <!-- stack-trace -->
                  <em>
(Runs Cucumber Scenarios)                  </em>
                </div> <!-- method-content -->
              </div> <!-- method -->
              <div class="method">
                <div class="method-content">
                  <a name="runScenario(&quot;User login with different credentials&quot;, &quot;Login functionality&quot;)">
                  </a> <!-- runScenario("User login with different credentials", "Login functionality") -->
                  <span class="method-name">runScenario</span>
                  <span class="parameters">("User login with different credentials","Login functionality")</span>
                  <div class="stack-trace">org.openqa.selenium.NoSuchElementException: no such element: Unable to locate element: {&quot;method&quot;:&quot;xpath&quot;,&quot;selector&quot;:&quot;//div[@class=&apos;errors&apos;]//ul//li&quot;}
  (Session info: chrome=120.0.6099.225)
For documentation on this error, please visit: https://www.selenium.dev/documentation/webdriver/troubleshooting/errors#no-such-element-exception
Build info: version: &apos;4.11.0&apos;, revision: &apos;040bc5406b&apos;
System info: os.name: &apos;Windows 11&apos;, os.arch: &apos;amd64&apos;, os.version: &apos;10.0&apos;, java.version: &apos;21.0.1&apos;
Driver info: org.openqa.selenium.chrome.ChromeDriver
Command: [2022977b39cce1551364c9cac319e755, findElement {using=xpath, value=//div[@class=&apos;errors&apos;]//ul//li}]
Capabilities {acceptInsecureCerts: false, browserName: chrome, browserVersion: 120.0.6099.225, chrome: {chromedriverVersion: 120.0.6099.109 (3419140ab66..., userDataDir: C:\Users\DELL\AppData\Local...}, fedcm:accounts: true, goog:chromeOptions: {debuggerAddress: localhost:4493}, networkConnectionEnabled: false, pageLoadStrategy: normal, platformName: windows, proxy: Proxy(), se:cdp: ws://localhost:4493/devtool..., se:cdpVersion: 120.0.6099.225, setWindowRect: true, strictFileInteractability: false, timeouts: {implicit: 0, pageLoad: 300000, script: 30000}, unhandledPromptBehavior: dismiss and notify, webauthn:extension:credBlob: true, webauthn:extension:largeBlob: true, webauthn:extension:minPinLength: true, webauthn:extension:prf: true, webauthn:virtualAuthenticators: true}
Session ID: 2022977b39cce1551364c9cac319e755
	at org.openqa.selenium.remote.codec.w3c.W3CHttpResponseCodec.createException(W3CHttpResponseCodec.java:200)
	at org.openqa.selenium.remote.codec.w3c.W3CHttpResponseCodec.decode(W3CHttpResponseCodec.java:133)
	at org.openqa.selenium.remote.codec.w3c.W3CHttpResponseCodec.decode(W3CHttpResponseCodec.java:52)
	at org.openqa.selenium.remote.HttpCommandExecutor.execute(HttpCommandExecutor.java:191)
	at org.openqa.selenium.remote.service.DriverCommandExecutor.invokeExecute(DriverCommandExecutor.java:196)
	at org.openqa.selenium.remote.service.DriverCommandExecutor.execute(DriverCommandExecutor.java:171)
	at org.openqa.selenium.remote.RemoteWebDriver.execute(RemoteWebDriver.java:518)
	at org.openqa.selenium.remote.ElementLocation$ElementFinder$2.findElement(ElementLocation.java:165)
	at org.openqa.selenium.remote.ElementLocation.findElement(ElementLocation.java:59)
	at org.openqa.selenium.remote.RemoteWebDriver.findElement(RemoteWebDriver.java:355)
	at org.openqa.selenium.remote.RemoteWebDriver.findElement(RemoteWebDriver.java:349)
	at org.openqa.selenium.support.pagefactory.DefaultElementLocator.findElement(DefaultElementLocator.java:68)
	at org.openqa.selenium.support.pagefactory.internal.LocatingElementHandler.invoke(LocatingElementHandler.java:38)
	at jdk.proxy2/jdk.proxy2.$Proxy45.getText(Unknown Source)
	at com.app.pagefactory.LoginPage.getMessage(LoginPage.java:52)
	at com.app.stepdefs.LoginStepDefs.messageShouldBeDisplayed(LoginStepDefs.java:48)
	at ✽.Message Should Be Displayed &apos;Incorrect email or password.&apos;(file:///C:/Users/DELL/Downloads/LOGIN_updated%20(1)/furniture-project/LoginFunctionality/src/test/java/features/Blogin.feature:8)
... Removed 3 stack frames
</div> <!-- stack-trace -->
                  <em>
(Runs Cucumber Scenarios)                  </em>
                </div> <!-- method-content -->
              </div> <!-- method -->
              <div class="method">
                <div class="method-content">
                  <a name="runScenario(&quot;To test the SigUp functionality of Chiltern Oak page&quot;, &quot;SignUp fuctionality&quot;)">
                  </a> <!-- runScenario("To test the SigUp functionality of Chiltern Oak page", "SignUp fuctionality") -->
                  <span class="method-name">runScenario</span>
                  <span class="parameters">("To test the SigUp functionality of Chiltern Oak page","SignUp fuctionality")</span>
                  <div class="stack-trace">java.lang.AssertionError: expected [true] but found [false]
	at com.app.stepdefs.SignUpStepDefs.the_user_should_see_the_status_as(SignUpStepDefs.java:70)
	at ✽.the user should see the status as &apos;Password is too short (minimum is 5 characters)&apos;(file:///C:/Users/DELL/Downloads/LOGIN_updated%20(1)/furniture-project/LoginFunctionality/src/test/java/features/Asignup.feature:11)
... Removed 4 stack frames
</div> <!-- stack-trace -->
                  <em>
(Runs Cucumber Scenarios)                  </em>
                </div> <!-- method-content -->
              </div> <!-- method -->
              <div class="method">
                <div class="method-content">
                  <a name="runScenario(&quot;Subscribe scenario with differe set of data&quot;, &quot;Subscribe Feature&quot;)">
                  </a> <!-- runScenario("Subscribe scenario with differe set of data", "Subscribe Feature") -->
                  <span class="method-name">runScenario</span>
                  <span class="parameters">("Subscribe scenario with differe set of data","Subscribe Feature")</span>
                  <div class="stack-trace">org.openqa.selenium.NoSuchElementException: Unable to find element with locator By.xpath: //h4[@class=&apos;no-margin&apos;]
For documentation on this error, please visit: https://www.selenium.dev/documentation/webdriver/troubleshooting/errors#no-such-element-exception
Build info: version: &apos;4.11.0&apos;, revision: &apos;040bc5406b&apos;
System info: os.name: &apos;Windows 11&apos;, os.arch: &apos;amd64&apos;, os.version: &apos;10.0&apos;, java.version: &apos;21.0.1&apos;
Driver info: driver.version: RemoteWebDriver
	at org.openqa.selenium.remote.ElementLocation$ElementFinder$2.findElement(ElementLocation.java:168)
	at org.openqa.selenium.remote.ElementLocation.findElement(ElementLocation.java:59)
	at org.openqa.selenium.remote.RemoteWebDriver.findElement(RemoteWebDriver.java:355)
	at org.openqa.selenium.remote.RemoteWebDriver.findElement(RemoteWebDriver.java:349)
	at org.openqa.selenium.support.pagefactory.DefaultElementLocator.findElement(DefaultElementLocator.java:68)
	at org.openqa.selenium.support.pagefactory.internal.LocatingElementHandler.invoke(LocatingElementHandler.java:38)
	at jdk.proxy2/jdk.proxy2.$Proxy45.getText(Unknown Source)
	at com.app.pagefactory.SubscribePage.validate_Confirmation_Text(SubscribePage.java:54)
	at com.app.stepdefs.SubscribeSteps.it_shows_sucess_message(SubscribeSteps.java:67)
	at ✽.it shows sucess message &quot;Thank you for signing up!&quot;(file:///C:/Users/DELL/Downloads/LOGIN_updated%20(1)/furniture-project/LoginFunctionality/src/test/java/features/HSubscribe.feature:10)

</div> <!-- stack-trace -->
                  <em>
(Runs Cucumber Scenarios)                  </em>
                </div> <!-- method-content -->
              </div> <!-- method -->
              <div class="method">
                <div class="method-content">
                  <a name="runScenario(&quot;User login with different credentials&quot;, &quot;Login functionality&quot;)">
                  </a> <!-- runScenario("User login with different credentials", "Login functionality") -->
                  <span class="method-name">runScenario</span>
                  <span class="parameters">("User login with different credentials","Login functionality")</span>
                  <div class="stack-trace">org.openqa.selenium.ElementClickInterceptedException: element click intercepted: Element &lt;input class=&quot;btn&quot; type=&quot;submit&quot; value=&quot;Sign In&quot;&gt; is not clickable at point (596, 514). Other element would receive the click: &lt;shop-login-button action=&quot;default&quot; version=&quot;2&quot; flow-version=&quot;sign_in&quot; analytics-context=&quot;loginWithShopClassicCustomerAccounts&quot; analytics-trace-id=&quot;4485c0a5-eb73-428a-a980-1f491fc3f818&quot; hide-button=&quot;true&quot; email-verification-required=&quot;true&quot; disable-sign-up=&quot;true&quot; auto-open=&quot;true&quot; consent-challenge=&quot;&quot; email=&quot;far@gmail.com&quot;&gt;&lt;/shop-login-button&gt;
  (Session info: chrome=120.0.6099.225)
Build info: version: &apos;4.11.0&apos;, revision: &apos;040bc5406b&apos;
System info: os.name: &apos;Windows 11&apos;, os.arch: &apos;amd64&apos;, os.version: &apos;10.0&apos;, java.version: &apos;21.0.1&apos;
Driver info: org.openqa.selenium.chrome.ChromeDriver
Command: [e40546883b085cb600c65a0faaca95c8, clickElement {id=5D136BCCF019D4939AE1027EA32D7EA0_element_132}]
Capabilities {acceptInsecureCerts: false, browserName: chrome, browserVersion: 120.0.6099.225, chrome: {chromedriverVersion: 120.0.6099.109 (3419140ab66..., userDataDir: C:\Users\DELL\AppData\Local...}, fedcm:accounts: true, goog:chromeOptions: {debuggerAddress: localhost:3759}, networkConnectionEnabled: false, pageLoadStrategy: normal, platformName: windows, proxy: Proxy(), se:cdp: ws://localhost:3759/devtool..., se:cdpVersion: 120.0.6099.225, setWindowRect: true, strictFileInteractability: false, timeouts: {implicit: 0, pageLoad: 300000, script: 30000}, unhandledPromptBehavior: dismiss and notify, webauthn:extension:credBlob: true, webauthn:extension:largeBlob: true, webauthn:extension:minPinLength: true, webauthn:extension:prf: true, webauthn:virtualAuthenticators: true}
Element: [[ChromeDriver: chrome on windows (e40546883b085cb600c65a0faaca95c8)] -&gt; xpath: //input[@value=&apos;Sign In&apos;]]
Session ID: e40546883b085cb600c65a0faaca95c8
	at org.openqa.selenium.remote.codec.w3c.W3CHttpResponseCodec.createException(W3CHttpResponseCodec.java:200)
	at org.openqa.selenium.remote.codec.w3c.W3CHttpResponseCodec.decode(W3CHttpResponseCodec.java:133)
	at org.openqa.selenium.remote.codec.w3c.W3CHttpResponseCodec.decode(W3CHttpResponseCodec.java:52)
	at org.openqa.selenium.remote.HttpCommandExecutor.execute(HttpCommandExecutor.java:191)
	at org.openqa.selenium.remote.service.DriverCommandExecutor.invokeExecute(DriverCommandExecutor.java:196)
	at org.openqa.selenium.remote.service.DriverCommandExecutor.execute(DriverCommandExecutor.java:171)
	at org.openqa.selenium.remote.RemoteWebDriver.execute(RemoteWebDriver.java:518)
	at org.openqa.selenium.remote.RemoteWebElement.execute(RemoteWebElement.java:224)
	at org.openqa.selenium.remote.RemoteWebElement.click(RemoteWebElement.java:77)
	at org.openqa.selenium.support.pagefactory.internal.LocatingElementHandler.invoke(LocatingElementHandler.java:51)
	at jdk.proxy2/jdk.proxy2.$Proxy45.click(Unknown Source)
	at com.app.pagefactory.LoginPage.clickLoginButton(LoginPage.java:48)
	at com.app.stepdefs.LoginStepDefs.clicksLoginButton(LoginStepDefs.java:40)
	at ✽.clicks the login button(file:///C:/Users/DELL/Downloads/LOGIN_updated%20(1)/furniture-project/LoginFunctionality/src/test/java/features/Blogin.feature:7)
... Removed 5 stack frames
</div> <!-- stack-trace -->
                  <em>
(Runs Cucumber Scenarios)                  </em>
                </div> <!-- method-content -->
              </div> <!-- method -->
              <div class="method">
                <div class="method-content">
                  <a name="runScenario(&quot;User login with different credentials&quot;, &quot;Login functionality&quot;)">
                  </a> <!-- runScenario("User login with different credentials", "Login functionality") -->
                  <span class="method-name">runScenario</span>
                  <span class="parameters">("User login with different credentials","Login functionality")</span>
                  <div class="stack-trace">org.openqa.selenium.ElementClickInterceptedException: element click intercepted: Element &lt;input class=&quot;btn&quot; type=&quot;submit&quot; value=&quot;Sign In&quot;&gt; is not clickable at point (596, 514). Other element would receive the click: &lt;shop-login-button action=&quot;default&quot; version=&quot;2&quot; flow-version=&quot;sign_in&quot; analytics-context=&quot;loginWithShopClassicCustomerAccounts&quot; analytics-trace-id=&quot;2666fc3d-f519-4f71-9d43-0ef4f39b02e4&quot; hide-button=&quot;true&quot; email-verification-required=&quot;true&quot; disable-sign-up=&quot;true&quot; auto-open=&quot;true&quot; consent-challenge=&quot;&quot; email=&quot;far@gmail.com&quot;&gt;&lt;/shop-login-button&gt;
  (Session info: chrome=120.0.6099.225)
Build info: version: &apos;4.11.0&apos;, revision: &apos;040bc5406b&apos;
System info: os.name: &apos;Windows 11&apos;, os.arch: &apos;amd64&apos;, os.version: &apos;10.0&apos;, java.version: &apos;21.0.1&apos;
Driver info: org.openqa.selenium.chrome.ChromeDriver
Command: [c72bc847d186c11431ed6e76d24838bd, clickElement {id=F8EFA7527FA0C530EB4A1D29E3E8A93A_element_149}]
Capabilities {acceptInsecureCerts: false, browserName: chrome, browserVersion: 120.0.6099.225, chrome: {chromedriverVersion: 120.0.6099.109 (3419140ab66..., userDataDir: C:\Users\DELL\AppData\Local...}, fedcm:accounts: true, goog:chromeOptions: {debuggerAddress: localhost:4260}, networkConnectionEnabled: false, pageLoadStrategy: normal, platformName: windows, proxy: Proxy(), se:cdp: ws://localhost:4260/devtool..., se:cdpVersion: 120.0.6099.225, setWindowRect: true, strictFileInteractability: false, timeouts: {implicit: 0, pageLoad: 300000, script: 30000}, unhandledPromptBehavior: dismiss and notify, webauthn:extension:credBlob: true, webauthn:extension:largeBlob: true, webauthn:extension:minPinLength: true, webauthn:extension:prf: true, webauthn:virtualAuthenticators: true}
Element: [[ChromeDriver: chrome on windows (c72bc847d186c11431ed6e76d24838bd)] -&gt; xpath: //input[@value=&apos;Sign In&apos;]]
Session ID: c72bc847d186c11431ed6e76d24838bd
	at org.openqa.selenium.remote.codec.w3c.W3CHttpResponseCodec.createException(W3CHttpResponseCodec.java:200)
	at org.openqa.selenium.remote.codec.w3c.W3CHttpResponseCodec.decode(W3CHttpResponseCodec.java:133)
	at org.openqa.selenium.remote.codec.w3c.W3CHttpResponseCodec.decode(W3CHttpResponseCodec.java:52)
	at org.openqa.selenium.remote.HttpCommandExecutor.execute(HttpCommandExecutor.java:191)
	at org.openqa.selenium.remote.service.DriverCommandExecutor.invokeExecute(DriverCommandExecutor.java:196)
	at org.openqa.selenium.remote.service.DriverCommandExecutor.execute(DriverCommandExecutor.java:171)
	at org.openqa.selenium.remote.RemoteWebDriver.execute(RemoteWebDriver.java:518)
	at org.openqa.selenium.remote.RemoteWebElement.execute(RemoteWebElement.java:224)
	at org.openqa.selenium.remote.RemoteWebElement.click(RemoteWebElement.java:77)
	at org.openqa.selenium.support.pagefactory.internal.LocatingElementHandler.invoke(LocatingElementHandler.java:51)
	at jdk.proxy2/jdk.proxy2.$Proxy45.click(Unknown Source)
	at com.app.pagefactory.LoginPage.clickLoginButton(LoginPage.java:48)
	at com.app.stepdefs.LoginStepDefs.clicksLoginButton(LoginStepDefs.java:40)
	at ✽.clicks the login button(file:///C:/Users/DELL/Downloads/LOGIN_updated%20(1)/furniture-project/LoginFunctionality/src/test/java/features/Blogin.feature:7)
... Removed 5 stack frames
</div> <!-- stack-trace -->
                  <em>
(Runs Cucumber Scenarios)                  </em>
                </div> <!-- method-content -->
              </div> <!-- method -->
              <div class="method">
                <div class="method-content">
                  <a name="runScenario(&quot;To test the SigUp functionality of Chiltern Oak page&quot;, &quot;SignUp fuctionality&quot;)">
                  </a> <!-- runScenario("To test the SigUp functionality of Chiltern Oak page", "SignUp fuctionality") -->
                  <span class="method-name">runScenario</span>
                  <span class="parameters">("To test the SigUp functionality of Chiltern Oak page","SignUp fuctionality")</span>
                  <div class="stack-trace">java.lang.AssertionError: expected [true] but found [false]
	at com.app.stepdefs.SignUpStepDefs.the_user_should_see_the_status_as(SignUpStepDefs.java:70)
	at ✽.the user should see the status as &apos;Please enter the valid data&apos;(file:///C:/Users/DELL/Downloads/LOGIN_updated%20(1)/furniture-project/LoginFunctionality/src/test/java/features/Asignup.feature:11)
... Removed 4 stack frames
</div> <!-- stack-trace -->
                  <em>
(Runs Cucumber Scenarios)                  </em>
                </div> <!-- method-content -->
              </div> <!-- method -->
              <div class="method">
                <div class="method-content">
                  <a name="runScenario(&quot;To test the SigUp functionality of Chiltern Oak page&quot;, &quot;SignUp fuctionality&quot;)">
                  </a> <!-- runScenario("To test the SigUp functionality of Chiltern Oak page", "SignUp fuctionality") -->
                  <span class="method-name">runScenario</span>
                  <span class="parameters">("To test the SigUp functionality of Chiltern Oak page","SignUp fuctionality")</span>
                  <div class="stack-trace">java.lang.AssertionError: expected [true] but found [false]
	at com.app.stepdefs.SignUpStepDefs.the_user_should_see_the_status_as(SignUpStepDefs.java:70)
	at ✽.the user should see the status as &apos;Please enter the valid data&apos;(file:///C:/Users/DELL/Downloads/LOGIN_updated%20(1)/furniture-project/LoginFunctionality/src/test/java/features/Asignup.feature:11)
... Removed 4 stack frames
</div> <!-- stack-trace -->
                  <em>
(Runs Cucumber Scenarios)                  </em>
                </div> <!-- method-content -->
              </div> <!-- method -->
              <div class="method">
                <div class="method-content">
                  <a name="runScenario(&quot;Testing of ContactUs Page&quot;, &quot;Test Chilternoak Furniture page I want to use this template for my fea...)">
                  </a> <!-- runScenario("Testing of ContactUs Page", "Test Chilternoak Furniture page I want to use this template for my fea...) -->
                  <span class="method-name">runScenario</span>
                  <span class="parameters">("Testing of ContactUs Page","Test Chilternoak Furniture page I want to use this template for my feature file")</span>
                  <div class="stack-trace">java.lang.AssertionError
	at org.junit.Assert.fail(Assert.java:86)
	at org.junit.Assert.assertTrue(Assert.java:41)
	at org.junit.Assert.assertTrue(Assert.java:52)
	at com.app.stepdefs.ContactUsSteps.it_shoulld_diplayed_the_message(ContactUsSteps.java:93)
	at ✽.It shoulld diplayed the message &apos;Please enter the valid name&apos;(file:///C:/Users/DELL/Downloads/LOGIN_updated%20(1)/furniture-project/LoginFunctionality/src/test/java/features/GContactUs.feature:15)

</div> <!-- stack-trace -->
                  <em>
(Runs Cucumber Scenarios)                  </em>
                </div> <!-- method-content -->
              </div> <!-- method -->
              <div class="method">
                <div class="method-content">
                  <a name="runScenario(&quot;Subscribe scenario with differe set of data&quot;, &quot;Subscribe Feature&quot;)">
                  </a> <!-- runScenario("Subscribe scenario with differe set of data", "Subscribe Feature") -->
                  <span class="method-name">runScenario</span>
                  <span class="parameters">("Subscribe scenario with differe set of data","Subscribe Feature")</span>
                  <div class="stack-trace">org.openqa.selenium.NoSuchElementException: no such element: Unable to locate element: {&quot;method&quot;:&quot;xpath&quot;,&quot;selector&quot;:&quot;//h4[@class=&apos;no-margin&apos;]&quot;}
  (Session info: chrome=120.0.6099.225)
For documentation on this error, please visit: https://www.selenium.dev/documentation/webdriver/troubleshooting/errors#no-such-element-exception
Build info: version: &apos;4.11.0&apos;, revision: &apos;040bc5406b&apos;
System info: os.name: &apos;Windows 11&apos;, os.arch: &apos;amd64&apos;, os.version: &apos;10.0&apos;, java.version: &apos;21.0.1&apos;
Driver info: org.openqa.selenium.chrome.ChromeDriver
Command: [77707fd85f67a808d7cc40b942a5fa0b, findElement {using=xpath, value=//h4[@class=&apos;no-margin&apos;]}]
Capabilities {acceptInsecureCerts: false, browserName: chrome, browserVersion: 120.0.6099.225, chrome: {chromedriverVersion: 120.0.6099.109 (3419140ab66..., userDataDir: C:\Users\DELL\AppData\Local...}, fedcm:accounts: true, goog:chromeOptions: {debuggerAddress: localhost:7172}, networkConnectionEnabled: false, pageLoadStrategy: normal, platformName: windows, proxy: Proxy(), se:cdp: ws://localhost:7172/devtool..., se:cdpVersion: 120.0.6099.225, setWindowRect: true, strictFileInteractability: false, timeouts: {implicit: 0, pageLoad: 300000, script: 30000}, unhandledPromptBehavior: dismiss and notify, webauthn:extension:credBlob: true, webauthn:extension:largeBlob: true, webauthn:extension:minPinLength: true, webauthn:extension:prf: true, webauthn:virtualAuthenticators: true}
Session ID: 77707fd85f67a808d7cc40b942a5fa0b
	at org.openqa.selenium.remote.codec.w3c.W3CHttpResponseCodec.createException(W3CHttpResponseCodec.java:200)
	at org.openqa.selenium.remote.codec.w3c.W3CHttpResponseCodec.decode(W3CHttpResponseCodec.java:133)
	at org.openqa.selenium.remote.codec.w3c.W3CHttpResponseCodec.decode(W3CHttpResponseCodec.java:52)
	at org.openqa.selenium.remote.HttpCommandExecutor.execute(HttpCommandExecutor.java:191)
	at org.openqa.selenium.remote.service.DriverCommandExecutor.invokeExecute(DriverCommandExecutor.java:196)
	at org.openqa.selenium.remote.service.DriverCommandExecutor.execute(DriverCommandExecutor.java:171)
	at org.openqa.selenium.remote.RemoteWebDriver.execute(RemoteWebDriver.java:518)
	at org.openqa.selenium.remote.ElementLocation$ElementFinder$2.findElement(ElementLocation.java:165)
	at org.openqa.selenium.remote.ElementLocation.findElement(ElementLocation.java:59)
	at org.openqa.selenium.remote.RemoteWebDriver.findElement(RemoteWebDriver.java:355)
	at org.openqa.selenium.remote.RemoteWebDriver.findElement(RemoteWebDriver.java:349)
	at org.openqa.selenium.support.pagefactory.DefaultElementLocator.findElement(DefaultElementLocator.java:68)
	at org.openqa.selenium.support.pagefactory.internal.LocatingElementHandler.invoke(LocatingElementHandler.java:38)
	at jdk.proxy2/jdk.proxy2.$Proxy45.getText(Unknown Source)
	at com.app.pagefactory.SubscribePage.validate_Confirmation_Text(SubscribePage.java:54)
	at com.app.stepdefs.SubscribeSteps.it_shows_sucess_message(SubscribeSteps.java:67)
	at ✽.it shows sucess message &quot;Please fill out the fields&quot;(file:///C:/Users/DELL/Downloads/LOGIN_updated%20(1)/furniture-project/LoginFunctionality/src/test/java/features/HSubscribe.feature:10)
... Removed 3 stack frames
</div> <!-- stack-trace -->
                  <em>
(Runs Cucumber Scenarios)                  </em>
                </div> <!-- method-content -->
              </div> <!-- method -->
              <div class="method">
                <div class="method-content">
                  <a name="runScenario(&quot;To test the SigUp functionality of Chiltern Oak page&quot;, &quot;SignUp fuctionality&quot;)">
                  </a> <!-- runScenario("To test the SigUp functionality of Chiltern Oak page", "SignUp fuctionality") -->
                  <span class="method-name">runScenario</span>
                  <span class="parameters">("To test the SigUp functionality of Chiltern Oak page","SignUp fuctionality")</span>
                  <div class="stack-trace">java.lang.AssertionError: expected [true] but found [false]
	at com.app.stepdefs.SignUpStepDefs.the_user_should_see_the_status_as(SignUpStepDefs.java:70)
	at ✽.the user should see the status as &apos;Emil and Password cant be bla&apos;(file:///C:/Users/DELL/Downloads/LOGIN_updated%20(1)/furniture-project/LoginFunctionality/src/test/java/features/Asignup.feature:11)
... Removed 4 stack frames
</div> <!-- stack-trace -->
                  <em>
(Runs Cucumber Scenarios)                  </em>
                </div> <!-- method-content -->
              </div> <!-- method -->
              <div class="method">
                <div class="method-content">
                  <a name="runScenario(&quot;Testing of ContactUs Page&quot;, &quot;Test Chilternoak Furniture page I want to use this template for my fea...)">
                  </a> <!-- runScenario("Testing of ContactUs Page", "Test Chilternoak Furniture page I want to use this template for my fea...) -->
                  <span class="method-name">runScenario</span>
                  <span class="parameters">("Testing of ContactUs Page","Test Chilternoak Furniture page I want to use this template for my feature file")</span>
                  <div class="stack-trace">java.lang.AssertionError
	at org.junit.Assert.fail(Assert.java:86)
	at org.junit.Assert.assertTrue(Assert.java:41)
	at org.junit.Assert.assertTrue(Assert.java:52)
	at com.app.stepdefs.ContactUsSteps.it_shoulld_diplayed_the_message(ContactUsSteps.java:93)
	at ✽.It shoulld diplayed the message &apos;It is mandontary to fill the fields&apos;(file:///C:/Users/DELL/Downloads/LOGIN_updated%20(1)/furniture-project/LoginFunctionality/src/test/java/features/GContactUs.feature:15)

</div> <!-- stack-trace -->
                  <em>
(Runs Cucumber Scenarios)                  </em>
                </div> <!-- method-content -->
              </div> <!-- method -->
              <div class="method">
                <div class="method-content">
                  <a name="runScenario(&quot;Subscribe scenario with differe set of data&quot;, &quot;Subscribe Feature&quot;)">
                  </a> <!-- runScenario("Subscribe scenario with differe set of data", "Subscribe Feature") -->
                  <span class="method-name">runScenario</span>
                  <span class="parameters">("Subscribe scenario with differe set of data","Subscribe Feature")</span>
                  <div class="stack-trace">org.openqa.selenium.NoSuchElementException: no such element: Unable to locate element: {&quot;method&quot;:&quot;xpath&quot;,&quot;selector&quot;:&quot;//h4[@class=&apos;no-margin&apos;]&quot;}
  (Session info: chrome=120.0.6099.225)
For documentation on this error, please visit: https://www.selenium.dev/documentation/webdriver/troubleshooting/errors#no-such-element-exception
Build info: version: &apos;4.11.0&apos;, revision: &apos;040bc5406b&apos;
System info: os.name: &apos;Windows 11&apos;, os.arch: &apos;amd64&apos;, os.version: &apos;10.0&apos;, java.version: &apos;21.0.1&apos;
Driver info: org.openqa.selenium.chrome.ChromeDriver
Command: [f8d7ea42611353c110d104ea14bbece9, findElement {using=xpath, value=//h4[@class=&apos;no-margin&apos;]}]
Capabilities {acceptInsecureCerts: false, browserName: chrome, browserVersion: 120.0.6099.225, chrome: {chromedriverVersion: 120.0.6099.109 (3419140ab66..., userDataDir: C:\Users\DELL\AppData\Local...}, fedcm:accounts: true, goog:chromeOptions: {debuggerAddress: localhost:6942}, networkConnectionEnabled: false, pageLoadStrategy: normal, platformName: windows, proxy: Proxy(), se:cdp: ws://localhost:6942/devtool..., se:cdpVersion: 120.0.6099.225, setWindowRect: true, strictFileInteractability: false, timeouts: {implicit: 0, pageLoad: 300000, script: 30000}, unhandledPromptBehavior: dismiss and notify, webauthn:extension:credBlob: true, webauthn:extension:largeBlob: true, webauthn:extension:minPinLength: true, webauthn:extension:prf: true, webauthn:virtualAuthenticators: true}
Session ID: f8d7ea42611353c110d104ea14bbece9
	at org.openqa.selenium.remote.codec.w3c.W3CHttpResponseCodec.createException(W3CHttpResponseCodec.java:200)
	at org.openqa.selenium.remote.codec.w3c.W3CHttpResponseCodec.decode(W3CHttpResponseCodec.java:133)
	at org.openqa.selenium.remote.codec.w3c.W3CHttpResponseCodec.decode(W3CHttpResponseCodec.java:52)
	at org.openqa.selenium.remote.HttpCommandExecutor.execute(HttpCommandExecutor.java:191)
	at org.openqa.selenium.remote.service.DriverCommandExecutor.invokeExecute(DriverCommandExecutor.java:196)
	at org.openqa.selenium.remote.service.DriverCommandExecutor.execute(DriverCommandExecutor.java:171)
	at org.openqa.selenium.remote.RemoteWebDriver.execute(RemoteWebDriver.java:518)
	at org.openqa.selenium.remote.ElementLocation$ElementFinder$2.findElement(ElementLocation.java:165)
	at org.openqa.selenium.remote.ElementLocation.findElement(ElementLocation.java:59)
	at org.openqa.selenium.remote.RemoteWebDriver.findElement(RemoteWebDriver.java:355)
	at org.openqa.selenium.remote.RemoteWebDriver.findElement(RemoteWebDriver.java:349)
	at org.openqa.selenium.support.pagefactory.DefaultElementLocator.findElement(DefaultElementLocator.java:68)
	at org.openqa.selenium.support.pagefactory.internal.LocatingElementHandler.invoke(LocatingElementHandler.java:38)
	at jdk.proxy2/jdk.proxy2.$Proxy45.getText(Unknown Source)
	at com.app.pagefactory.SubscribePage.validate_Confirmation_Text(SubscribePage.java:54)
	at com.app.stepdefs.SubscribeSteps.it_shows_sucess_message(SubscribeSteps.java:67)
	at ✽.it shows sucess message &quot;Please fill out the fields&quot;(file:///C:/Users/DELL/Downloads/LOGIN_updated%20(1)/furniture-project/LoginFunctionality/src/test/java/features/HSubscribe.feature:10)
... Removed 3 stack frames
</div> <!-- stack-trace -->
                  <em>
(Runs Cucumber Scenarios)                  </em>
                </div> <!-- method-content -->
              </div> <!-- method -->
              <div class="method">
                <div class="method-content">
                  <a name="runScenario(&quot;Testing of ContactUs Page&quot;, &quot;Test Chilternoak Furniture page I want to use this template for my fea...)">
                  </a> <!-- runScenario("Testing of ContactUs Page", "Test Chilternoak Furniture page I want to use this template for my fea...) -->
                  <span class="method-name">runScenario</span>
                  <span class="parameters">("Testing of ContactUs Page","Test Chilternoak Furniture page I want to use this template for my feature file")</span>
                  <div class="stack-trace">java.lang.AssertionError
	at org.junit.Assert.fail(Assert.java:86)
	at org.junit.Assert.assertTrue(Assert.java:41)
	at org.junit.Assert.assertTrue(Assert.java:52)
	at com.app.stepdefs.ContactUsSteps.it_shoulld_diplayed_the_message(ContactUsSteps.java:93)
	at ✽.It shoulld diplayed the message &apos;Please Enter the valid number format&apos;(file:///C:/Users/DELL/Downloads/LOGIN_updated%20(1)/furniture-project/LoginFunctionality/src/test/java/features/GContactUs.feature:15)

</div> <!-- stack-trace -->
                  <em>
(Runs Cucumber Scenarios)                  </em>
                </div> <!-- method-content -->
              </div> <!-- method -->
            </div> <!-- main-panel-content rounded-window-bottom -->
          </div> <!-- suite-Suite-class-skipped -->
          <div class="suite-Suite-class-passed">
            <div class="main-panel-header rounded-window-top">
              <img src="passed.png"/>
              <span class="class-name">com.app.runner.TestNgRunner</span>
            </div> <!-- main-panel-header rounded-window-top -->
            <div class="main-panel-content rounded-window-bottom">
              <div class="method">
                <div class="method-content">
                  <a name="runScenario(&quot;add to cart1&quot;, &quot;test add to cart&quot;)">
                  </a> <!-- runScenario("add to cart1", "test add to cart") -->
                  <span class="method-name">runScenario</span>
                  <span class="parameters">("add to cart1","test add to cart")</span>
                  <em>
(Runs Cucumber Scenarios)                  </em>
                </div> <!-- method-content -->
              </div> <!-- method -->
              <div class="method">
                <div class="method-content">
                  <a name="runScenario(&quot;Enter  search term and verify  results&quot;, &quot;Product Search Functionality&quot;)">
                  </a> <!-- runScenario("Enter  search term and verify  results", "Product Search Functionality") -->
                  <span class="method-name">runScenario</span>
                  <span class="parameters">("Enter  search term and verify  results","Product Search Functionality")</span>
                  <em>
(Runs Cucumber Scenarios)                  </em>
                </div> <!-- method-content -->
              </div> <!-- method -->
              <div class="method">
                <div class="method-content">
                  <a name="runScenario(&quot;To test the SigUp functionality of Chiltern Oak page&quot;, &quot;SignUp fuctionality&quot;)">
                  </a> <!-- runScenario("To test the SigUp functionality of Chiltern Oak page", "SignUp fuctionality") -->
                  <span class="method-name">runScenario</span>
                  <span class="parameters">("To test the SigUp functionality of Chiltern Oak page","SignUp fuctionality")</span>
                  <em>
(Runs Cucumber Scenarios)                  </em>
                </div> <!-- method-content -->
              </div> <!-- method -->
              <div class="method">
                <div class="method-content">
                  <a name="runScenario(&quot;Filter Functionality&quot;, &quot;Filter&quot;)">
                  </a> <!-- runScenario("Filter Functionality", "Filter") -->
                  <span class="method-name">runScenario</span>
                  <span class="parameters">("Filter Functionality","Filter")</span>
                  <em>
(Runs Cucumber Scenarios)                  </em>
                </div> <!-- method-content -->
              </div> <!-- method -->
              <div class="method">
                <div class="method-content">
                  <a name="runScenario(&quot;Enter  search term and verify  results&quot;, &quot;Product Search Functionality&quot;)">
                  </a> <!-- runScenario("Enter  search term and verify  results", "Product Search Functionality") -->
                  <span class="method-name">runScenario</span>
                  <span class="parameters">("Enter  search term and verify  results","Product Search Functionality")</span>
                  <em>
(Runs Cucumber Scenarios)                  </em>
                </div> <!-- method-content -->
              </div> <!-- method -->
              <div class="method">
                <div class="method-content">
                  <a name="runScenario(&quot;Enter  search term and verify  results&quot;, &quot;Product Search Functionality&quot;)">
                  </a> <!-- runScenario("Enter  search term and verify  results", "Product Search Functionality") -->
                  <span class="method-name">runScenario</span>
                  <span class="parameters">("Enter  search term and verify  results","Product Search Functionality")</span>
                  <em>
(Runs Cucumber Scenarios)                  </em>
                </div> <!-- method-content -->
              </div> <!-- method -->
              <div class="method">
                <div class="method-content">
                  <a name="runScenario(&quot;User login with different credentials&quot;, &quot;Login functionality&quot;)">
                  </a> <!-- runScenario("User login with different credentials", "Login functionality") -->
                  <span class="method-name">runScenario</span>
                  <span class="parameters">("User login with different credentials","Login functionality")</span>
                  <em>
(Runs Cucumber Scenarios)                  </em>
                </div> <!-- method-content -->
              </div> <!-- method -->
              <div class="method">
                <div class="method-content">
                  <a name="runScenario(&quot;Enter  search term and verify  results&quot;, &quot;Product Search Functionality&quot;)">
                  </a> <!-- runScenario("Enter  search term and verify  results", "Product Search Functionality") -->
                  <span class="method-name">runScenario</span>
                  <span class="parameters">("Enter  search term and verify  results","Product Search Functionality")</span>
                  <em>
(Runs Cucumber Scenarios)                  </em>
                </div> <!-- method-content -->
              </div> <!-- method -->
              <div class="method">
                <div class="method-content">
                  <a name="runScenario(&quot;Testing of ContactUs Page&quot;, &quot;Test Chilternoak Furniture page I want to use this template for my fea...)">
                  </a> <!-- runScenario("Testing of ContactUs Page", "Test Chilternoak Furniture page I want to use this template for my fea...) -->
                  <span class="method-name">runScenario</span>
                  <span class="parameters">("Testing of ContactUs Page","Test Chilternoak Furniture page I want to use this template for my feature file")</span>
                  <em>
(Runs Cucumber Scenarios)                  </em>
                </div> <!-- method-content -->
              </div> <!-- method -->
              <div class="method">
                <div class="method-content">
                  <a name="runScenario(&quot;Enter  search term and verify  results&quot;, &quot;Product Search Functionality&quot;)">
                  </a> <!-- runScenario("Enter  search term and verify  results", "Product Search Functionality") -->
                  <span class="method-name">runScenario</span>
                  <span class="parameters">("Enter  search term and verify  results","Product Search Functionality")</span>
                  <em>
(Runs Cucumber Scenarios)                  </em>
                </div> <!-- method-content -->
              </div> <!-- method -->
              <div class="method">
                <div class="method-content">
                  <a name="runScenario(&quot;add to cart&quot;, &quot;test add to cart&quot;)">
                  </a> <!-- runScenario("add to cart", "test add to cart") -->
                  <span class="method-name">runScenario</span>
                  <span class="parameters">("add to cart","test add to cart")</span>
                  <em>
(Runs Cucumber Scenarios)                  </em>
                </div> <!-- method-content -->
              </div> <!-- method -->
            </div> <!-- main-panel-content rounded-window-bottom -->
          </div> <!-- suite-Suite-class-passed -->
        </div> <!-- panel Suite -->
        <div panel-name="test-xml-Suite" class="panel">
          <div class="main-panel-header rounded-window-top">
            <span class="header-content">C:\Users\DELL\Downloads\LOGIN_updated (1)\furniture-project\LoginFunctionality\src\test\resources\testng.xml</span>
          </div> <!-- main-panel-header rounded-window-top -->
          <div class="main-panel-content rounded-window-bottom">
            <pre>
&lt;?xml version=&quot;1.0&quot; encoding=&quot;UTF-8&quot;?&gt;
&lt;!DOCTYPE suite SYSTEM &quot;https://testng.org/testng-1.0.dtd&quot;&gt;
&lt;suite name=&quot;Suite&quot; guice-stage=&quot;DEVELOPMENT&quot;&gt;
  &lt;listeners&gt;
    &lt;listener class-name=&quot;com.app.failedtestcase.AnnotationTransformer&quot;/&gt;
  &lt;/listeners&gt;
  &lt;test thread-count=&quot;5&quot; name=&quot;Test&quot;&gt;
    &lt;classes&gt;
      &lt;class name=&quot;com.app.runner.TestNgRunner&quot;/&gt;
    &lt;/classes&gt;
  &lt;/test&gt; &lt;!-- Test --&gt;
&lt;/suite&gt; &lt;!-- Suite --&gt;
            </pre>
          </div> <!-- main-panel-content rounded-window-bottom -->
        </div> <!-- panel -->
        <div panel-name="testlist-Suite" class="panel">
          <div class="main-panel-header rounded-window-top">
            <span class="header-content">Tests for Suite</span>
          </div> <!-- main-panel-header rounded-window-top -->
          <div class="main-panel-content rounded-window-bottom">
            <ul>
              <li>
                <span class="test-name">Test (1 class)</span>
              </li>
            </ul>
          </div> <!-- main-panel-content rounded-window-bottom -->
        </div> <!-- panel -->
        <div panel-name="group-Suite" class="panel">
          <div class="main-panel-header rounded-window-top">
            <span class="header-content">Groups for Suite</span>
          </div> <!-- main-panel-header rounded-window-top -->
          <div class="main-panel-content rounded-window-bottom">
            <div class="test-group">
              <span class="test-group-name">cucumber</span>
              <br/>
              <div class="method-in-group">
                <span class="method-in-group-name">runScenario</span>
                <br/>
              </div> <!-- method-in-group -->
            </div> <!-- test-group -->
          </div> <!-- main-panel-content rounded-window-bottom -->
        </div> <!-- panel -->
        <div panel-name="times-Suite" class="panel">
          <div class="main-panel-header rounded-window-top">
            <span class="header-content">Times for Suite</span>
          </div> <!-- main-panel-header rounded-window-top -->
          <div class="main-panel-content rounded-window-bottom">
            <div class="times-div">
              <script type="text/javascript">
suiteTableInitFunctions.push('tableData_Suite');
function tableData_Suite() {
var data = new google.visualization.DataTable();
data.addColumn('number', 'Number');
data.addColumn('string', 'Method');
data.addColumn('string', 'Class');
data.addColumn('number', 'Time (ms)');
data.addRows(45);
data.setCell(0, 0, 0)
data.setCell(0, 1, 'runScenario')
data.setCell(0, 2, 'com.app.runner.TestNgRunner')
data.setCell(0, 3, 225159);
data.setCell(1, 0, 1)
data.setCell(1, 1, 'runScenario')
data.setCell(1, 2, 'com.app.runner.TestNgRunner')
data.setCell(1, 3, 224342);
data.setCell(2, 0, 2)
data.setCell(2, 1, 'runScenario')
data.setCell(2, 2, 'com.app.runner.TestNgRunner')
data.setCell(2, 3, 89426);
data.setCell(3, 0, 3)
data.setCell(3, 1, 'runScenario')
data.setCell(3, 2, 'com.app.runner.TestNgRunner')
data.setCell(3, 3, 88925);
data.setCell(4, 0, 4)
data.setCell(4, 1, 'runScenario')
data.setCell(4, 2, 'com.app.runner.TestNgRunner')
data.setCell(4, 3, 88327);
data.setCell(5, 0, 5)
data.setCell(5, 1, 'runScenario')
data.setCell(5, 2, 'com.app.runner.TestNgRunner')
data.setCell(5, 3, 87269);
data.setCell(6, 0, 6)
data.setCell(6, 1, 'runScenario')
data.setCell(6, 2, 'com.app.runner.TestNgRunner')
data.setCell(6, 3, 67624);
data.setCell(7, 0, 7)
data.setCell(7, 1, 'runScenario')
data.setCell(7, 2, 'com.app.runner.TestNgRunner')
data.setCell(7, 3, 64047);
data.setCell(8, 0, 8)
data.setCell(8, 1, 'runScenario')
data.setCell(8, 2, 'com.app.runner.TestNgRunner')
data.setCell(8, 3, 63043);
data.setCell(9, 0, 9)
data.setCell(9, 1, 'runScenario')
data.setCell(9, 2, 'com.app.runner.TestNgRunner')
data.setCell(9, 3, 62742);
data.setCell(10, 0, 10)
data.setCell(10, 1, 'runScenario')
data.setCell(10, 2, 'com.app.runner.TestNgRunner')
data.setCell(10, 3, 62716);
data.setCell(11, 0, 11)
data.setCell(11, 1, 'runScenario')
data.setCell(11, 2, 'com.app.runner.TestNgRunner')
data.setCell(11, 3, 62668);
data.setCell(12, 0, 12)
data.setCell(12, 1, 'runScenario')
data.setCell(12, 2, 'com.app.runner.TestNgRunner')
data.setCell(12, 3, 62448);
data.setCell(13, 0, 13)
data.setCell(13, 1, 'runScenario')
data.setCell(13, 2, 'com.app.runner.TestNgRunner')
data.setCell(13, 3, 62165);
data.setCell(14, 0, 14)
data.setCell(14, 1, 'runScenario')
data.setCell(14, 2, 'com.app.runner.TestNgRunner')
data.setCell(14, 3, 60848);
data.setCell(15, 0, 15)
data.setCell(15, 1, 'runScenario')
data.setCell(15, 2, 'com.app.runner.TestNgRunner')
data.setCell(15, 3, 58701);
data.setCell(16, 0, 16)
data.setCell(16, 1, 'runScenario')
data.setCell(16, 2, 'com.app.runner.TestNgRunner')
data.setCell(16, 3, 36171);
data.setCell(17, 0, 17)
data.setCell(17, 1, 'runScenario')
data.setCell(17, 2, 'com.app.runner.TestNgRunner')
data.setCell(17, 3, 36124);
data.setCell(18, 0, 18)
data.setCell(18, 1, 'runScenario')
data.setCell(18, 2, 'com.app.runner.TestNgRunner')
data.setCell(18, 3, 35048);
data.setCell(19, 0, 19)
data.setCell(19, 1, 'runScenario')
data.setCell(19, 2, 'com.app.runner.TestNgRunner')
data.setCell(19, 3, 34613);
data.setCell(20, 0, 20)
data.setCell(20, 1, 'runScenario')
data.setCell(20, 2, 'com.app.runner.TestNgRunner')
data.setCell(20, 3, 34382);
data.setCell(21, 0, 21)
data.setCell(21, 1, 'runScenario')
data.setCell(21, 2, 'com.app.runner.TestNgRunner')
data.setCell(21, 3, 34146);
data.setCell(22, 0, 22)
data.setCell(22, 1, 'runScenario')
data.setCell(22, 2, 'com.app.runner.TestNgRunner')
data.setCell(22, 3, 33962);
data.setCell(23, 0, 23)
data.setCell(23, 1, 'runScenario')
data.setCell(23, 2, 'com.app.runner.TestNgRunner')
data.setCell(23, 3, 33230);
data.setCell(24, 0, 24)
data.setCell(24, 1, 'runScenario')
data.setCell(24, 2, 'com.app.runner.TestNgRunner')
data.setCell(24, 3, 27527);
data.setCell(25, 0, 25)
data.setCell(25, 1, 'runScenario')
data.setCell(25, 2, 'com.app.runner.TestNgRunner')
data.setCell(25, 3, 26709);
data.setCell(26, 0, 26)
data.setCell(26, 1, 'runScenario')
data.setCell(26, 2, 'com.app.runner.TestNgRunner')
data.setCell(26, 3, 24902);
data.setCell(27, 0, 27)
data.setCell(27, 1, 'runScenario')
data.setCell(27, 2, 'com.app.runner.TestNgRunner')
data.setCell(27, 3, 24870);
data.setCell(28, 0, 28)
data.setCell(28, 1, 'runScenario')
data.setCell(28, 2, 'com.app.runner.TestNgRunner')
data.setCell(28, 3, 24771);
data.setCell(29, 0, 29)
data.setCell(29, 1, 'runScenario')
data.setCell(29, 2, 'com.app.runner.TestNgRunner')
data.setCell(29, 3, 24429);
data.setCell(30, 0, 30)
data.setCell(30, 1, 'runScenario')
data.setCell(30, 2, 'com.app.runner.TestNgRunner')
data.setCell(30, 3, 24010);
data.setCell(31, 0, 31)
data.setCell(31, 1, 'runScenario')
data.setCell(31, 2, 'com.app.runner.TestNgRunner')
data.setCell(31, 3, 23965);
data.setCell(32, 0, 32)
data.setCell(32, 1, 'runScenario')
data.setCell(32, 2, 'com.app.runner.TestNgRunner')
data.setCell(32, 3, 22717);
data.setCell(33, 0, 33)
data.setCell(33, 1, 'runScenario')
data.setCell(33, 2, 'com.app.runner.TestNgRunner')
data.setCell(33, 3, 19424);
data.setCell(34, 0, 34)
data.setCell(34, 1, 'runScenario')
data.setCell(34, 2, 'com.app.runner.TestNgRunner')
data.setCell(34, 3, 18543);
data.setCell(35, 0, 35)
data.setCell(35, 1, 'runScenario')
data.setCell(35, 2, 'com.app.runner.TestNgRunner')
data.setCell(35, 3, 18227);
data.setCell(36, 0, 36)
data.setCell(36, 1, 'runScenario')
data.setCell(36, 2, 'com.app.runner.TestNgRunner')
data.setCell(36, 3, 18102);
data.setCell(37, 0, 37)
data.setCell(37, 1, 'runScenario')
data.setCell(37, 2, 'com.app.runner.TestNgRunner')
data.setCell(37, 3, 17913);
data.setCell(38, 0, 38)
data.setCell(38, 1, 'runScenario')
data.setCell(38, 2, 'com.app.runner.TestNgRunner')
data.setCell(38, 3, 13162);
data.setCell(39, 0, 39)
data.setCell(39, 1, 'runScenario')
data.setCell(39, 2, 'com.app.runner.TestNgRunner')
data.setCell(39, 3, 11010);
data.setCell(40, 0, 40)
data.setCell(40, 1, 'runScenario')
data.setCell(40, 2, 'com.app.runner.TestNgRunner')
data.setCell(40, 3, 10764);
data.setCell(41, 0, 41)
data.setCell(41, 1, 'runScenario')
data.setCell(41, 2, 'com.app.runner.TestNgRunner')
data.setCell(41, 3, 10056);
data.setCell(42, 0, 42)
data.setCell(42, 1, 'runScenario')
data.setCell(42, 2, 'com.app.runner.TestNgRunner')
data.setCell(42, 3, 9743);
data.setCell(43, 0, 43)
data.setCell(43, 1, 'runScenario')
data.setCell(43, 2, 'com.app.runner.TestNgRunner')
data.setCell(43, 3, 9334);
data.setCell(44, 0, 44)
data.setCell(44, 1, 'runScenario')
data.setCell(44, 2, 'com.app.runner.TestNgRunner')
data.setCell(44, 3, 8751);
window.suiteTableData['Suite']= { tableData: data, tableDiv: 'times-div-Suite'}
return data;
}
              </script>
              <span class="suite-total-time">Total running time: 34 minutes</span>
              <div id="times-div-Suite">
              </div> <!-- times-div-Suite -->
            </div> <!-- times-div -->
          </div> <!-- main-panel-content rounded-window-bottom -->
        </div> <!-- panel -->
        <div panel-name="reporter-Suite" class="panel">
          <div class="main-panel-header rounded-window-top">
            <span class="header-content">Reporter output for Suite</span>
          </div> <!-- main-panel-header rounded-window-top -->
          <div class="main-panel-content rounded-window-bottom">
          </div> <!-- main-panel-content rounded-window-bottom -->
        </div> <!-- panel -->
        <div panel-name="ignored-methods-Suite" class="panel">
          <div class="main-panel-header rounded-window-top">
            <span class="header-content">0 ignored methods</span>
          </div> <!-- main-panel-header rounded-window-top -->
          <div class="main-panel-content rounded-window-bottom">
          </div> <!-- main-panel-content rounded-window-bottom -->
        </div> <!-- panel -->
        <div panel-name="chronological-Suite" class="panel">
          <div class="main-panel-header rounded-window-top">
            <span class="header-content">Methods in chronological order</span>
          </div> <!-- main-panel-header rounded-window-top -->
          <div class="main-panel-content rounded-window-bottom">
            <div class="chronological-class">
              <div class="chronological-class-name">com.app.runner.TestNgRunner</div> <!-- chronological-class-name -->
              <div class="configuration-class before">
                <span class="method-name">setUpClass(org.testng.TestRunner@3bc3cdb7)</span>
                <span class="method-start">0 ms</span>
              </div> <!-- configuration-class before -->
              <div class="test-method">
                <span class="method-name">runScenario("To test the SigUp functionality of Chiltern Oak page", "SignUp fuctionality")</span>
                <span class="method-start">928 ms</span>
              </div> <!-- test-method -->
              <div class="test-method">
                <img src="failed.png">
                </img>
                <span class="method-name">runScenario("To test the SigUp functionality of Chiltern Oak page", "SignUp fuctionality")</span>
                <span class="method-start">28464 ms</span>
              </div> <!-- test-method -->
              <div class="test-method">
                <span class="method-name">runScenario("To test the SigUp functionality of Chiltern Oak page", "SignUp fuctionality")</span>
                <span class="method-start">55181 ms</span>
              </div> <!-- test-method -->
              <div class="test-method">
                <img src="failed.png">
                </img>
                <span class="method-name">runScenario("To test the SigUp functionality of Chiltern Oak page", "SignUp fuctionality")</span>
                <span class="method-start">80055 ms</span>
              </div> <!-- test-method -->
              <div class="test-method">
                <span class="method-name">runScenario("To test the SigUp functionality of Chiltern Oak page", "SignUp fuctionality")</span>
                <span class="method-start">104829 ms</span>
              </div> <!-- test-method -->
              <div class="test-method">
                <img src="failed.png">
                </img>
                <span class="method-name">runScenario("To test the SigUp functionality of Chiltern Oak page", "SignUp fuctionality")</span>
                <span class="method-start">129736 ms</span>
              </div> <!-- test-method -->
              <div class="test-method">
                <span class="method-name">runScenario("To test the SigUp functionality of Chiltern Oak page", "SignUp fuctionality")</span>
                <span class="method-start">153703 ms</span>
              </div> <!-- test-method -->
              <div class="test-method">
                <img src="failed.png">
                </img>
                <span class="method-name">runScenario("To test the SigUp functionality of Chiltern Oak page", "SignUp fuctionality")</span>
                <span class="method-start">178135 ms</span>
              </div> <!-- test-method -->
              <div class="test-method">
                <span class="method-name">runScenario("To test the SigUp functionality of Chiltern Oak page", "SignUp fuctionality")</span>
                <span class="method-start">200853 ms</span>
              </div> <!-- test-method -->
              <div class="test-method">
                <span class="method-name">runScenario("User login with different credentials", "Login functionality")</span>
                <span class="method-start">224865 ms</span>
              </div> <!-- test-method -->
              <div class="test-method">
                <span class="method-name">runScenario("User login with different credentials", "Login functionality")</span>
                <span class="method-start">292492 ms</span>
              </div> <!-- test-method -->
              <div class="test-method">
                <img src="failed.png">
                </img>
                <span class="method-name">runScenario("User login with different credentials", "Login functionality")</span>
                <span class="method-start">310598 ms</span>
              </div> <!-- test-method -->
              <div class="test-method">
                <span class="method-name">runScenario("User login with different credentials", "Login functionality")</span>
                <span class="method-start">329144 ms</span>
              </div> <!-- test-method -->
              <div class="test-method">
                <img src="failed.png">
                </img>
                <span class="method-name">runScenario("User login with different credentials", "Login functionality")</span>
                <span class="method-start">417475 ms</span>
              </div> <!-- test-method -->
              <div class="test-method">
                <span class="method-name">runScenario("User login with different credentials", "Login functionality")</span>
                <span class="method-start">506903 ms</span>
              </div> <!-- test-method -->
              <div class="test-method">
                <img src="failed.png">
                </img>
                <span class="method-name">runScenario("User login with different credentials", "Login functionality")</span>
                <span class="method-start">525132 ms</span>
              </div> <!-- test-method -->
              <div class="test-method">
                <span class="method-name">runScenario("User login with different credentials", "Login functionality")</span>
                <span class="method-start">543047 ms</span>
              </div> <!-- test-method -->
              <div class="test-method">
                <img src="failed.png">
                </img>
                <span class="method-name">runScenario("User login with different credentials", "Login functionality")</span>
                <span class="method-start">630319 ms</span>
              </div> <!-- test-method -->
              <div class="test-method">
                <span class="method-name">runScenario("Enter  search term and verify  results", "Product Search Functionality")</span>
                <span class="method-start">719246 ms</span>
              </div> <!-- test-method -->
              <div class="test-method">
                <span class="method-name">runScenario("Enter  search term and verify  results", "Product Search Functionality")</span>
                <span class="method-start">730012 ms</span>
              </div> <!-- test-method -->
              <div class="test-method">
                <span class="method-name">runScenario("Enter  search term and verify  results", "Product Search Functionality")</span>
                <span class="method-start">738764 ms</span>
              </div> <!-- test-method -->
              <div class="test-method">
                <span class="method-name">runScenario("Enter  search term and verify  results", "Product Search Functionality")</span>
                <span class="method-start">748101 ms</span>
              </div> <!-- test-method -->
              <div class="test-method">
                <span class="method-name">runScenario("Enter  search term and verify  results", "Product Search Functionality")</span>
                <span class="method-start">758160 ms</span>
              </div> <!-- test-method -->
              <div class="test-method">
                <span class="method-name">runScenario("Filter Functionality", "Filter")</span>
                <span class="method-start">769171 ms</span>
              </div> <!-- test-method -->
              <div class="test-method">
                <span class="method-name">runScenario("add to cart", "test add to cart")</span>
                <span class="method-start">788596 ms</span>
              </div> <!-- test-method -->
              <div class="test-method">
                <span class="method-name">runScenario("add to cart1", "test add to cart")</span>
                <span class="method-start">801760 ms</span>
              </div> <!-- test-method -->
              <div class="test-method">
                <span class="method-name">runScenario("Checkout Functionality Of Chilternoak", "Checkout In Chilternoak")</span>
                <span class="method-start">811505 ms</span>
              </div> <!-- test-method -->
              <div class="test-method">
                <img src="failed.png">
                </img>
                <span class="method-name">runScenario("Checkout Functionality Of Chilternoak", "Checkout In Chilternoak")</span>
                <span class="method-start">1035849 ms</span>
              </div> <!-- test-method -->
              <div class="test-method">
                <span class="method-name">runScenario("Testing of ContactUs Page", "Test Chilternoak Furniture page I want to use this template for my fea...)</span>
                <span class="method-start">1261010 ms</span>
              </div> <!-- test-method -->
              <div class="test-method">
                <span class="method-name">runScenario("Testing of ContactUs Page", "Test Chilternoak Furniture page I want to use this template for my fea...)</span>
                <span class="method-start">1294972 ms</span>
              </div> <!-- test-method -->
              <div class="test-method">
                <img src="failed.png">
                </img>
                <span class="method-name">runScenario("Testing of ContactUs Page", "Test Chilternoak Furniture page I want to use this template for my fea...)</span>
                <span class="method-start">1328205 ms</span>
              </div> <!-- test-method -->
              <div class="test-method">
                <span class="method-name">runScenario("Testing of ContactUs Page", "Test Chilternoak Furniture page I want to use this template for my fea...)</span>
                <span class="method-start">1362590 ms</span>
              </div> <!-- test-method -->
              <div class="test-method">
                <img src="failed.png">
                </img>
                <span class="method-name">runScenario("Testing of ContactUs Page", "Test Chilternoak Furniture page I want to use this template for my fea...)</span>
                <span class="method-start">1398766 ms</span>
              </div> <!-- test-method -->
              <div class="test-method">
                <span class="method-name">runScenario("Testing of ContactUs Page", "Test Chilternoak Furniture page I want to use this template for my fea...)</span>
                <span class="method-start">1433381 ms</span>
              </div> <!-- test-method -->
              <div class="test-method">
                <img src="failed.png">
                </img>
                <span class="method-name">runScenario("Testing of ContactUs Page", "Test Chilternoak Furniture page I want to use this template for my fea...)</span>
                <span class="method-start">1468430 ms</span>
              </div> <!-- test-method -->
              <div class="test-method">
                <span class="method-name">runScenario("Testing of ContactUs Page", "Test Chilternoak Furniture page I want to use this template for my fea...)</span>
                <span class="method-start">1529279 ms</span>
              </div> <!-- test-method -->
              <div class="test-method">
                <img src="failed.png">
                </img>
                <span class="method-name">runScenario("Testing of ContactUs Page", "Test Chilternoak Furniture page I want to use this template for my fea...)</span>
                <span class="method-start">1565406 ms</span>
              </div> <!-- test-method -->
              <div class="test-method">
                <span class="method-name">runScenario("Subscribe scenario with differe set of data", "Subscribe Feature")</span>
                <span class="method-start">1599552 ms</span>
              </div> <!-- test-method -->
              <div class="test-method">
                <img src="failed.png">
                </img>
                <span class="method-name">runScenario("Subscribe scenario with differe set of data", "Subscribe Feature")</span>
                <span class="method-start">1662599 ms</span>
              </div> <!-- test-method -->
              <div class="test-method">
                <span class="method-name">runScenario("Subscribe scenario with differe set of data", "Subscribe Feature")</span>
                <span class="method-start">1724766 ms</span>
              </div> <!-- test-method -->
              <div class="test-method">
                <img src="failed.png">
                </img>
                <span class="method-name">runScenario("Subscribe scenario with differe set of data", "Subscribe Feature")</span>
                <span class="method-start">1787511 ms</span>
              </div> <!-- test-method -->
              <div class="test-method">
                <span class="method-name">runScenario("Subscribe scenario with differe set of data", "Subscribe Feature")</span>
                <span class="method-start">1850183 ms</span>
              </div> <!-- test-method -->
              <div class="test-method">
                <img src="failed.png">
                </img>
                <span class="method-name">runScenario("Subscribe scenario with differe set of data", "Subscribe Feature")</span>
                <span class="method-start">1912902 ms</span>
              </div> <!-- test-method -->
              <div class="test-method">
                <span class="method-name">runScenario("Subscribe scenario with differe set of data", "Subscribe Feature")</span>
                <span class="method-start">1975354 ms</span>
              </div> <!-- test-method -->
              <div class="test-method">
                <img src="failed.png">
                </img>
                <span class="method-name">runScenario("Subscribe scenario with differe set of data", "Subscribe Feature")</span>
                <span class="method-start">2034059 ms</span>
              </div> <!-- test-method -->
              <div class="configuration-class after">
                <span class="method-name">tearDownClass</span>
                <span class="method-start">2098110 ms</span>
              </div> <!-- configuration-class after -->
          </div> <!-- main-panel-content rounded-window-bottom -->
        </div> <!-- panel -->
      </div> <!-- main-panel-root -->
    </div> <!-- wrapper -->
  </body>
<script type="text/javascript" src="testng-reports2.js"></script>
</html>
