

<!DOCTYPE html>
<html>
<head>
<meta charset="UTF-8">
<meta name="viewport" content="width=device-width, initial-scale=1, shrink-to-fit=no">
<title></title>
<link rel="apple-touch-icon" href="https://cdn.jsdelivr.net/gh/extent-framework/extent-github-cdn@b00a2d0486596e73dd7326beacf352c639623a0e/commons/img/logo.png">
<link rel="shortcut icon" href="https://cdn.jsdelivr.net/gh/extent-framework/extent-github-cdn@b00a2d0486596e73dd7326beacf352c639623a0e/commons/img/logo.png">
<link href="https://cdn.jsdelivr.net/gh/extent-framework/extent-github-cdn@d6562a79075e061305ccfdb82f01e5e195e2d307/spark/css/spark-style.css" rel="stylesheet" />
<link href="https://stackpath.bootstrapcdn.com/font-awesome/4.7.0/css/font-awesome.min.css" rel="stylesheet">
<script src="https://cdn.jsdelivr.net/gh/extent-framework/extent-github-cdn@7cc78ce/spark/js/jsontree.js"></script>
<style type="text/css"></style></head><body class="spa bdd-report standard">
  <div class="app">
    <div class="layout">
<div class="header navbar">
<div class="vheader">
<div class="nav-logo">
<a href="#">
<div class="logo" style="background-image: url('https://cdn.jsdelivr.net/gh/extent-framework/extent-github-cdn@b00a2d0486596e73dd7326beacf352c639623a0e/commons/img/logo.png')"></div>
</a>
</div>
<ul class="nav-left">
<li class="search-box">
<a class="search-toggle" href="#">
<i class="search-icon fa fa-search"></i>
<i class="search-icon-close fa fa-close"></i>
</a>
</li>
<li class="search-input"><input id="search-tests" class="form-control" type="text" placeholder="Search..."></li>
</ul>
<ul class="nav-right">
<li class="m-r-10">
<a href="#"><span class="badge badge-primary"></span></a>
</li>
<li class="m-r-10">
<a href="#"><span class="badge badge-primary">Jan 24, 2024 10:21:12 am</span></a>
</li>
</ul>
</div>
</div><div class="side-nav">
<div class="side-nav-inner">
<ul class="side-nav-menu">
<li class="nav-item dropdown" onclick="toggleView('test-view')">
<a id="nav-test" class="dropdown-toggle" href="#">
<span class="ico"><i class="fa fa-list"></i></span>
</a>
</li>
<li class="nav-item dropdown" onclick="toggleView('exception-view')">
<a id="nav-exception" class="dropdown-toggle" href="#">
<span class="ico"><i class="fa fa-bug"></i></span>
</a>
</li>
<li class="nav-item dropdown" onclick="toggleView('category-view')">
<a id="nav-category" class="dropdown-toggle" href="#">
<span class="ico"><i class="fa fa-tag"></i></span>
</a>
</li>
<li class="nav-item dropdown" onclick="toggleView('dashboard-view')">
<a id="nav-dashboard" class="dropdown-toggle" href="#">
<span class="ico"><i class="fa fa-bar-chart"></i></span>
</a>
</li>
</ul>
</div>
</div>      <div class="vcontainer">
        <div class="main-content">
<div class="test-wrapper row view test-view">
  <div class="test-list">
    <div class="test-list-tools">
<ul class="tools pull-left">
<li><a href="#"><span class="font-size-14">Tests</span></a></li>
</ul>
<ul class="tools text-right">
<li class="dropdown">
<a href="#" class="dropdown-toggle" data-toggle="dropdown"><i class="fa fa-exclamation-circle"></i></a>
<ul id="status-toggle" class="dropdown-menu dropdown-md p-v-0">
<a class="dropdown-item" status="pass" href="#"><span>Pass</span><span class="status success"></span></a>
<a class="dropdown-item" status="fail" href="#"><span>Fail</span><span class="status danger"></span></a>
<div class="dropdown-divider"></div>
<a status="clear" class="dropdown-item" href="#"><span>Clear</span><span class="pull-right"><i class="fa fa-close"></i></span></a>
</ul>
</li>
<li class="dropdown">
<a href="#" class="dropdown-toggle" data-toggle="dropdown"><i class="fa fa-tag"></i></a>
<ul id="tag-toggle" class="dropdown-menu dropdown-md p-v-0">
<a class="dropdown-item" href="#">@login</a><a class="dropdown-item" href="#">@regression</a><a class="dropdown-item" href="#">@subscriber</a><a class="dropdown-item" href="#">@filter</a><a class="dropdown-item" href="#">@itemfilter</a>
</ul>
</li>
</ul>
</div>    <div class="test-list-wrapper scrollable">
      <ul class="test-list-item">
        <li class="test-item"  status="fail" test-id="1"
          author=""
          tag=""
          device="">
          <div class="test-detail">
            <p class="name">SignUp fuctionality</p>
            <p class="text-sm">
              <span>10:21:13 am</span> / <span>00:03:43:644</span>
              <span class="badge fail-bg log float-right">Fail</span>
            </p>
          </div>
          <div class="test-contents d-none">
<div class="detail-head">
<div class="p-v-10">
<div class="info">
<h5 class="test-status text-fail">SignUp fuctionality</h5>
<span class='badge badge-success'>01.24.2024 10:21:13 am</span>
<span class='badge badge-danger'>01.24.2024 10:24:57 am</span>
<span class='badge badge-default'>00:03:43:644</span>
&middot; <span class='uri-anchor badge badge-default'>#test-id=1</span>
<span class='badge badge-default pointer float-right ml-1 et'><i class="fa fa-chevron-down"></i></span>
<span class='badge badge-default pointer float-right ct'><i class="fa fa-chevron-up"></i></span>
</div>
<div class="m-t-10 m-l-5"></div>
</div>
</div>
<div class="accordion mt-4">
  <div class="card">
    <div class="card-header" role="tab">
      <div class="card-title">
        <div class="node" id="2"><span class="badge log fail-bg mr-2">Fail</span>To test the SigUp functionality of Chiltern Oak page</div>
          <div class="status-avatar float-right mr-4">
            <i class="fa fa-paperclip"></i>
          </div>
      </div>
    </div>
        <div class="scenario_outline ">
            <div class="card-body l1">
              <div class="card-header">
                <div class="card-title outline-child">
                  <div class="node" id="3"><span class="badge log fail-bg mr-2">Fail</span>To test the SigUp functionality of Chiltern Oak page</div>
                    <div class="status-avatar float-right">
                      <i class="fa fa-paperclip"></i>
                    </div>
                </div>
              </div>
              <div class="card-body mt-3 ">
                  <div class="step pass-bg">
                    <span>Given user navigates to the signup page</span>
      <div>
      </div>
                  </div>
                  <div class="step pass-bg">
                    <span>When the user enters their first name as 'User'</span>
      <div>
      </div>
                  </div>
                  <div class="step pass-bg">
                    <span>And the user enters their last name as 'A'</span>
      <div>
      </div>
                  </div>
                  <div class="step pass-bg">
                    <span>And the user enters their email as 'dfdhgfa7997@gmail.com'</span>
      <div>
      </div>
                  </div>
                  <div class="step pass-bg">
                    <span>And the user enters their password as 'Qserafrr'</span>
      <div>
      </div>
                  </div>
                  <div class="step pass-bg">
                    <span>And the user click on create botton</span>
      <div>
      </div>
                  </div>
                  <div class="step fail-bg">
                    <span>Then the user should see the status as 'Password is too short (minimum is 5 characters)'</span>
      <div>
        <textarea disabled class="code-block">java.lang.AssertionError: expected [true] but found [false]
	at org.testng.Assert.fail(Assert.java:110)
	at org.testng.Assert.failNotEquals(Assert.java:1577)
	at org.testng.Assert.assertTrue(Assert.java:56)
	at org.testng.Assert.assertTrue(Assert.java:66)
	at com.app.stepdefs.SignUpStepDefs.the_user_should_see_the_status_as(SignUpStepDefs.java:70)
	at ✽.the user should see the status as 'Password is too short (minimum is 5 characters)'(file:///C:/Users/DELL/Downloads/LOGIN_updated%20(1)/furniture-project/LoginFunctionality/src/test/java/features/Asignup.feature:11)
</textarea>
      
      </div>
                  </div>
                  <div class="step pass-bg">
                    <span>com.app.stepdefs.MyHooks.tearDown(io.cucumber.java.Scenario)</span>
      <div>To test the SigUp functionality of Chiltern Oak page
          <div class="row mb-3"><div class="col-md-3">
<img data-featherlight='../Screenshots/embedded1.png' src="../Screenshots/embedded1.png">
    
    </div></div>
</div>
      <div>
      </div>
                  </div>
              </div>
            </div>
            <div class="card-body l1">
              <div class="card-header">
                <div class="card-title outline-child">
                  <div class="node" id="13"><span class="badge log fail-bg mr-2">Fail</span>To test the SigUp functionality of Chiltern Oak page</div>
                    <div class="status-avatar float-right">
                      <i class="fa fa-paperclip"></i>
                    </div>
                </div>
              </div>
              <div class="card-body mt-3 ">
                  <div class="step pass-bg">
                    <span>Given user navigates to the signup page</span>
      <div>
      </div>
                  </div>
                  <div class="step pass-bg">
                    <span>When the user enters their first name as 'User'</span>
      <div>
      </div>
                  </div>
                  <div class="step pass-bg">
                    <span>And the user enters their last name as 'A'</span>
      <div>
      </div>
                  </div>
                  <div class="step pass-bg">
                    <span>And the user enters their email as 'dfdhgfa7997@gmail.com'</span>
      <div>
      </div>
                  </div>
                  <div class="step pass-bg">
                    <span>And the user enters their password as 'Qserafrr'</span>
      <div>
      </div>
                  </div>
                  <div class="step pass-bg">
                    <span>And the user click on create botton</span>
      <div>
      </div>
                  </div>
                  <div class="step fail-bg">
                    <span>Then the user should see the status as 'Password is too short (minimum is 5 characters)'</span>
      <div>
        <textarea disabled class="code-block">java.lang.AssertionError: expected [true] but found [false]
	at org.testng.Assert.fail(Assert.java:110)
	at org.testng.Assert.failNotEquals(Assert.java:1577)
	at org.testng.Assert.assertTrue(Assert.java:56)
	at org.testng.Assert.assertTrue(Assert.java:66)
	at com.app.stepdefs.SignUpStepDefs.the_user_should_see_the_status_as(SignUpStepDefs.java:70)
	at ✽.the user should see the status as 'Password is too short (minimum is 5 characters)'(file:///C:/Users/DELL/Downloads/LOGIN_updated%20(1)/furniture-project/LoginFunctionality/src/test/java/features/Asignup.feature:11)
</textarea>
      
      </div>
                  </div>
                  <div class="step pass-bg">
                    <span>com.app.stepdefs.MyHooks.tearDown(io.cucumber.java.Scenario)</span>
      <div>To test the SigUp functionality of Chiltern Oak page
          <div class="row mb-3"><div class="col-md-3">
<img data-featherlight='../Screenshots/embedded2.png' src="../Screenshots/embedded2.png">
    
    </div></div>
</div>
      <div>
      </div>
                  </div>
              </div>
            </div>
            <div class="card-body l1">
              <div class="card-header">
                <div class="card-title outline-child">
                  <div class="node" id="23"><span class="badge log fail-bg mr-2">Fail</span>To test the SigUp functionality of Chiltern Oak page</div>
                    <div class="status-avatar float-right">
                      <i class="fa fa-paperclip"></i>
                    </div>
                </div>
              </div>
              <div class="card-body mt-3 ">
                  <div class="step pass-bg">
                    <span>Given user navigates to the signup page</span>
      <div>
      </div>
                  </div>
                  <div class="step pass-bg">
                    <span>When the user enters their first name as 'User'</span>
      <div>
      </div>
                  </div>
                  <div class="step pass-bg">
                    <span>And the user enters their last name as 'A'</span>
      <div>
      </div>
                  </div>
                  <div class="step pass-bg">
                    <span>And the user enters their email as ''</span>
      <div>
      </div>
                  </div>
                  <div class="step pass-bg">
                    <span>And the user enters their password as 'Qseasfrr@123'</span>
      <div>
      </div>
                  </div>
                  <div class="step pass-bg">
                    <span>And the user click on create botton</span>
      <div>
      </div>
                  </div>
                  <div class="step fail-bg">
                    <span>Then the user should see the status as 'Please enter the valid data'</span>
      <div>
        <textarea disabled class="code-block">java.lang.AssertionError: expected [true] but found [false]
	at org.testng.Assert.fail(Assert.java:110)
	at org.testng.Assert.failNotEquals(Assert.java:1577)
	at org.testng.Assert.assertTrue(Assert.java:56)
	at org.testng.Assert.assertTrue(Assert.java:66)
	at com.app.stepdefs.SignUpStepDefs.the_user_should_see_the_status_as(SignUpStepDefs.java:70)
	at ✽.the user should see the status as 'Please enter the valid data'(file:///C:/Users/DELL/Downloads/LOGIN_updated%20(1)/furniture-project/LoginFunctionality/src/test/java/features/Asignup.feature:11)
</textarea>
      
      </div>
                  </div>
                  <div class="step pass-bg">
                    <span>com.app.stepdefs.MyHooks.tearDown(io.cucumber.java.Scenario)</span>
      <div>To test the SigUp functionality of Chiltern Oak page
          <div class="row mb-3"><div class="col-md-3">
<img data-featherlight='../Screenshots/embedded3.png' src="../Screenshots/embedded3.png">
    
    </div></div>
</div>
      <div>
      </div>
                  </div>
              </div>
            </div>
            <div class="card-body l1">
              <div class="card-header">
                <div class="card-title outline-child">
                  <div class="node" id="33"><span class="badge log fail-bg mr-2">Fail</span>To test the SigUp functionality of Chiltern Oak page</div>
                    <div class="status-avatar float-right">
                      <i class="fa fa-paperclip"></i>
                    </div>
                </div>
              </div>
              <div class="card-body mt-3 ">
                  <div class="step pass-bg">
                    <span>Given user navigates to the signup page</span>
      <div>
      </div>
                  </div>
                  <div class="step pass-bg">
                    <span>When the user enters their first name as 'User'</span>
      <div>
      </div>
                  </div>
                  <div class="step pass-bg">
                    <span>And the user enters their last name as 'A'</span>
      <div>
      </div>
                  </div>
                  <div class="step pass-bg">
                    <span>And the user enters their email as ''</span>
      <div>
      </div>
                  </div>
                  <div class="step pass-bg">
                    <span>And the user enters their password as 'Qseasfrr@123'</span>
      <div>
      </div>
                  </div>
                  <div class="step pass-bg">
                    <span>And the user click on create botton</span>
      <div>
      </div>
                  </div>
                  <div class="step fail-bg">
                    <span>Then the user should see the status as 'Please enter the valid data'</span>
      <div>
        <textarea disabled class="code-block">java.lang.AssertionError: expected [true] but found [false]
	at org.testng.Assert.fail(Assert.java:110)
	at org.testng.Assert.failNotEquals(Assert.java:1577)
	at org.testng.Assert.assertTrue(Assert.java:56)
	at org.testng.Assert.assertTrue(Assert.java:66)
	at com.app.stepdefs.SignUpStepDefs.the_user_should_see_the_status_as(SignUpStepDefs.java:70)
	at ✽.the user should see the status as 'Please enter the valid data'(file:///C:/Users/DELL/Downloads/LOGIN_updated%20(1)/furniture-project/LoginFunctionality/src/test/java/features/Asignup.feature:11)
</textarea>
      
      </div>
                  </div>
                  <div class="step pass-bg">
                    <span>com.app.stepdefs.MyHooks.tearDown(io.cucumber.java.Scenario)</span>
      <div>To test the SigUp functionality of Chiltern Oak page
          <div class="row mb-3"><div class="col-md-3">
<img data-featherlight='../Screenshots/embedded4.png' src="../Screenshots/embedded4.png">
    
    </div></div>
</div>
      <div>
      </div>
                  </div>
              </div>
            </div>
            <div class="card-body l1">
              <div class="card-header">
                <div class="card-title outline-child">
                  <div class="node" id="43"><span class="badge log fail-bg mr-2">Fail</span>To test the SigUp functionality of Chiltern Oak page</div>
                    <div class="status-avatar float-right">
                      <i class="fa fa-paperclip"></i>
                    </div>
                </div>
              </div>
              <div class="card-body mt-3 ">
                  <div class="step pass-bg">
                    <span>Given user navigates to the signup page</span>
      <div>
      </div>
                  </div>
                  <div class="step pass-bg">
                    <span>When the user enters their first name as 'User'</span>
      <div>
      </div>
                  </div>
                  <div class="step pass-bg">
                    <span>And the user enters their last name as ''</span>
      <div>
      </div>
                  </div>
                  <div class="step pass-bg">
                    <span>And the user enters their email as 'wsfagfhgra@gmail.com'</span>
      <div>
      </div>
                  </div>
                  <div class="step pass-bg">
                    <span>And the user enters their password as 'Qsesafrr'</span>
      <div>
      </div>
                  </div>
                  <div class="step pass-bg">
                    <span>And the user click on create botton</span>
      <div>
      </div>
                  </div>
                  <div class="step fail-bg">
                    <span>Then the user should see the status as 'Please enter the valid data'</span>
      <div>
        <textarea disabled class="code-block">java.lang.AssertionError: expected [true] but found [false]
	at org.testng.Assert.fail(Assert.java:110)
	at org.testng.Assert.failNotEquals(Assert.java:1577)
	at org.testng.Assert.assertTrue(Assert.java:56)
	at org.testng.Assert.assertTrue(Assert.java:66)
	at com.app.stepdefs.SignUpStepDefs.the_user_should_see_the_status_as(SignUpStepDefs.java:70)
	at ✽.the user should see the status as 'Please enter the valid data'(file:///C:/Users/DELL/Downloads/LOGIN_updated%20(1)/furniture-project/LoginFunctionality/src/test/java/features/Asignup.feature:11)
</textarea>
      
      </div>
                  </div>
                  <div class="step pass-bg">
                    <span>com.app.stepdefs.MyHooks.tearDown(io.cucumber.java.Scenario)</span>
      <div>To test the SigUp functionality of Chiltern Oak page
          <div class="row mb-3"><div class="col-md-3">
<img data-featherlight='../Screenshots/embedded5.png' src="../Screenshots/embedded5.png">
    
    </div></div>
</div>
      <div>
      </div>
                  </div>
              </div>
            </div>
            <div class="card-body l1">
              <div class="card-header">
                <div class="card-title outline-child">
                  <div class="node" id="53"><span class="badge log fail-bg mr-2">Fail</span>To test the SigUp functionality of Chiltern Oak page</div>
                    <div class="status-avatar float-right">
                      <i class="fa fa-paperclip"></i>
                    </div>
                </div>
              </div>
              <div class="card-body mt-3 ">
                  <div class="step pass-bg">
                    <span>Given user navigates to the signup page</span>
      <div>
      </div>
                  </div>
                  <div class="step pass-bg">
                    <span>When the user enters their first name as 'User'</span>
      <div>
      </div>
                  </div>
                  <div class="step pass-bg">
                    <span>And the user enters their last name as ''</span>
      <div>
      </div>
                  </div>
                  <div class="step pass-bg">
                    <span>And the user enters their email as 'wsfagfhgra@gmail.com'</span>
      <div>
      </div>
                  </div>
                  <div class="step pass-bg">
                    <span>And the user enters their password as 'Qsesafrr'</span>
      <div>
      </div>
                  </div>
                  <div class="step pass-bg">
                    <span>And the user click on create botton</span>
      <div>
      </div>
                  </div>
                  <div class="step fail-bg">
                    <span>Then the user should see the status as 'Please enter the valid data'</span>
      <div>
        <textarea disabled class="code-block">java.lang.AssertionError: expected [true] but found [false]
	at org.testng.Assert.fail(Assert.java:110)
	at org.testng.Assert.failNotEquals(Assert.java:1577)
	at org.testng.Assert.assertTrue(Assert.java:56)
	at org.testng.Assert.assertTrue(Assert.java:66)
	at com.app.stepdefs.SignUpStepDefs.the_user_should_see_the_status_as(SignUpStepDefs.java:70)
	at ✽.the user should see the status as 'Please enter the valid data'(file:///C:/Users/DELL/Downloads/LOGIN_updated%20(1)/furniture-project/LoginFunctionality/src/test/java/features/Asignup.feature:11)
</textarea>
      
      </div>
                  </div>
                  <div class="step pass-bg">
                    <span>com.app.stepdefs.MyHooks.tearDown(io.cucumber.java.Scenario)</span>
      <div>To test the SigUp functionality of Chiltern Oak page
          <div class="row mb-3"><div class="col-md-3">
<img data-featherlight='../Screenshots/embedded6.png' src="../Screenshots/embedded6.png">
    
    </div></div>
</div>
      <div>
      </div>
                  </div>
              </div>
            </div>
            <div class="card-body l1">
              <div class="card-header">
                <div class="card-title outline-child">
                  <div class="node" id="63"><span class="badge log fail-bg mr-2">Fail</span>To test the SigUp functionality of Chiltern Oak page</div>
                    <div class="status-avatar float-right">
                      <i class="fa fa-paperclip"></i>
                    </div>
                </div>
              </div>
              <div class="card-body mt-3 ">
                  <div class="step pass-bg">
                    <span>Given user navigates to the signup page</span>
      <div>
      </div>
                  </div>
                  <div class="step pass-bg">
                    <span>When the user enters their first name as ''</span>
      <div>
      </div>
                  </div>
                  <div class="step pass-bg">
                    <span>And the user enters their last name as ''</span>
      <div>
      </div>
                  </div>
                  <div class="step pass-bg">
                    <span>And the user enters their email as ''</span>
      <div>
      </div>
                  </div>
                  <div class="step pass-bg">
                    <span>And the user enters their password as ''</span>
      <div>
      </div>
                  </div>
                  <div class="step pass-bg">
                    <span>And the user click on create botton</span>
      <div>
      </div>
                  </div>
                  <div class="step fail-bg">
                    <span>Then the user should see the status as 'Emil and Password cant be bla'</span>
      <div>
        <textarea disabled class="code-block">java.lang.AssertionError: expected [true] but found [false]
	at org.testng.Assert.fail(Assert.java:110)
	at org.testng.Assert.failNotEquals(Assert.java:1577)
	at org.testng.Assert.assertTrue(Assert.java:56)
	at org.testng.Assert.assertTrue(Assert.java:66)
	at com.app.stepdefs.SignUpStepDefs.the_user_should_see_the_status_as(SignUpStepDefs.java:70)
	at ✽.the user should see the status as 'Emil and Password cant be bla'(file:///C:/Users/DELL/Downloads/LOGIN_updated%20(1)/furniture-project/LoginFunctionality/src/test/java/features/Asignup.feature:11)
</textarea>
      
      </div>
                  </div>
                  <div class="step pass-bg">
                    <span>com.app.stepdefs.MyHooks.tearDown(io.cucumber.java.Scenario)</span>
      <div>To test the SigUp functionality of Chiltern Oak page
          <div class="row mb-3"><div class="col-md-3">
<img data-featherlight='../Screenshots/embedded7.png' src="../Screenshots/embedded7.png">
    
    </div></div>
</div>
      <div>
      </div>
                  </div>
              </div>
            </div>
            <div class="card-body l1">
              <div class="card-header">
                <div class="card-title outline-child">
                  <div class="node" id="73"><span class="badge log fail-bg mr-2">Fail</span>To test the SigUp functionality of Chiltern Oak page</div>
                    <div class="status-avatar float-right">
                      <i class="fa fa-paperclip"></i>
                    </div>
                </div>
              </div>
              <div class="card-body mt-3 ">
                  <div class="step pass-bg">
                    <span>Given user navigates to the signup page</span>
      <div>
      </div>
                  </div>
                  <div class="step pass-bg">
                    <span>When the user enters their first name as ''</span>
      <div>
      </div>
                  </div>
                  <div class="step pass-bg">
                    <span>And the user enters their last name as ''</span>
      <div>
      </div>
                  </div>
                  <div class="step pass-bg">
                    <span>And the user enters their email as ''</span>
      <div>
      </div>
                  </div>
                  <div class="step pass-bg">
                    <span>And the user enters their password as ''</span>
      <div>
      </div>
                  </div>
                  <div class="step pass-bg">
                    <span>And the user click on create botton</span>
      <div>
      </div>
                  </div>
                  <div class="step fail-bg">
                    <span>Then the user should see the status as 'Emil and Password cant be bla'</span>
      <div>
        <textarea disabled class="code-block">java.lang.AssertionError: expected [true] but found [false]
	at org.testng.Assert.fail(Assert.java:110)
	at org.testng.Assert.failNotEquals(Assert.java:1577)
	at org.testng.Assert.assertTrue(Assert.java:56)
	at org.testng.Assert.assertTrue(Assert.java:66)
	at com.app.stepdefs.SignUpStepDefs.the_user_should_see_the_status_as(SignUpStepDefs.java:70)
	at ✽.the user should see the status as 'Emil and Password cant be bla'(file:///C:/Users/DELL/Downloads/LOGIN_updated%20(1)/furniture-project/LoginFunctionality/src/test/java/features/Asignup.feature:11)
</textarea>
      
      </div>
                  </div>
                  <div class="step pass-bg">
                    <span>com.app.stepdefs.MyHooks.tearDown(io.cucumber.java.Scenario)</span>
      <div>To test the SigUp functionality of Chiltern Oak page
          <div class="row mb-3"><div class="col-md-3">
<img data-featherlight='../Screenshots/embedded8.png' src="../Screenshots/embedded8.png">
    
    </div></div>
</div>
      <div>
      </div>
                  </div>
              </div>
            </div>
            <div class="card-body l1">
              <div class="card-header">
                <div class="card-title outline-child">
                  <div class="node" id="83"><span class="badge log pass-bg mr-2">Pass</span>To test the SigUp functionality of Chiltern Oak page</div>
                </div>
              </div>
              <div class="card-body mt-3 collapse">
                  <div class="step pass-bg">
                    <span>Given user navigates to the signup page</span>
      <div>
      </div>
                  </div>
                  <div class="step pass-bg">
                    <span>When the user enters their first name as 'User'</span>
      <div>
      </div>
                  </div>
                  <div class="step pass-bg">
                    <span>And the user enters their last name as 'A'</span>
      <div>
      </div>
                  </div>
                  <div class="step pass-bg">
                    <span>And the user enters their email as 'wsgjhfa012@gmail.com'</span>
      <div>
      </div>
                  </div>
                  <div class="step pass-bg">
                    <span>And the user enters their password as 'Qasfserr@123'</span>
      <div>
      </div>
                  </div>
                  <div class="step pass-bg">
                    <span>And the user click on create botton</span>
      <div>
      </div>
                  </div>
                  <div class="step pass-bg">
                    <span>Then the user should see the status as 'robot'</span>
      <div>
      </div>
                  </div>
              </div>
            </div>
        </div>
  </div>
</div>
          </div>
        </li>
        <li class="test-item"  status="fail" test-id="93"
          author=""
          tag=""
          device="">
          <div class="test-detail">
            <p class="name">Login functionality</p>
            <p class="text-sm">
              <span>10:24:57 am</span> / <span>00:08:14:369</span>
              <span class="badge fail-bg log float-right">Fail</span>
            </p>
          </div>
          <div class="test-contents d-none">
<div class="detail-head">
<div class="p-v-10">
<div class="info">
<h5 class="test-status text-fail">Login functionality</h5>
<span class='badge badge-success'>01.24.2024 10:24:57 am</span>
<span class='badge badge-danger'>01.24.2024 10:33:11 am</span>
<span class='badge badge-default'>00:08:14:369</span>
&middot; <span class='uri-anchor badge badge-default'>#test-id=93</span>
<span class='badge badge-default pointer float-right ml-1 et'><i class="fa fa-chevron-down"></i></span>
<span class='badge badge-default pointer float-right ct'><i class="fa fa-chevron-up"></i></span>
</div>
<div class="m-t-10 m-l-5"></div>
</div>
</div>
<div class="accordion mt-4">
  <div class="card">
    <div class="card-header" role="tab">
      <div class="card-title">
        <div class="node" id="94"><span class="badge log fail-bg mr-2">Fail</span>User login with different credentials</div>
          <div class="status-avatar float-right mr-4">
            <i class="fa fa-paperclip"></i>
          </div>
      </div>
    </div>
        <div class="scenario_outline ">
            <div class="card-body l1">
              <div class="card-header">
                <div class="card-title outline-child">
                  <div class="node" id="95"><span class="badge log pass-bg mr-2">Pass</span>User login with different credentials</div>
                </div>
              </div>
              <div class="card-body mt-3 collapse">
                  <div class="step pass-bg">
                    <span>Given user navigates to the login page</span>
      <div>
      </div>
                  </div>
                  <div class="step pass-bg">
                    <span>When user enters 'farhanbelgaumi82@gmail.com' and 'farhan@123'</span>
      <div>
      </div>
                  </div>
                  <div class="step pass-bg">
                    <span>And clicks the login button</span>
      <div>
      </div>
                  </div>
                  <div class="step pass-bg">
                    <span>Then Message Should Be Displayed ''</span>
      <div>
      </div>
                  </div>
              </div>
            </div>
            <div class="card-body l1">
              <div class="card-header">
                <div class="card-title outline-child">
                  <div class="node" id="102"><span class="badge log fail-bg mr-2">Fail</span>User login with different credentials</div>
                    <div class="status-avatar float-right">
                      <i class="fa fa-paperclip"></i>
                    </div>
                </div>
              </div>
              <div class="card-body mt-3 ">
                  <div class="step pass-bg">
                    <span>Given user navigates to the login page</span>
      <div>
      </div>
                  </div>
                  <div class="step pass-bg">
                    <span>When user enters 'far@gmail.com' and 'farhan@123'</span>
      <div>
      </div>
                  </div>
                  <div class="step fail-bg">
                    <span>And clicks the login button</span>
      <div>
        <textarea disabled class="code-block">org.openqa.selenium.ElementClickInterceptedException: element click intercepted: Element <input class="btn" type="submit" value="Sign In"> is not clickable at point (596, 514). Other element would receive the click: <shop-login-button action="default" version="2" flow-version="sign_in" analytics-context="loginWithShopClassicCustomerAccounts" analytics-trace-id="4485c0a5-eb73-428a-a980-1f491fc3f818" hide-button="true" email-verification-required="true" disable-sign-up="true" auto-open="true" consent-challenge="" email="far@gmail.com"></shop-login-button>
  (Session info: chrome=120.0.6099.225)
Build info: version: '4.11.0', revision: '040bc5406b'
System info: os.name: 'Windows 11', os.arch: 'amd64', os.version: '10.0', java.version: '21.0.1'
Driver info: org.openqa.selenium.chrome.ChromeDriver
Command: [e40546883b085cb600c65a0faaca95c8, clickElement {id=5D136BCCF019D4939AE1027EA32D7EA0_element_132}]
Capabilities {acceptInsecureCerts: false, browserName: chrome, browserVersion: 120.0.6099.225, chrome: {chromedriverVersion: 120.0.6099.109 (3419140ab66..., userDataDir: C:\Users\DELL\AppData\Local...}, fedcm:accounts: true, goog:chromeOptions: {debuggerAddress: localhost:3759}, networkConnectionEnabled: false, pageLoadStrategy: normal, platformName: windows, proxy: Proxy(), se:cdp: ws://localhost:3759/devtool..., se:cdpVersion: 120.0.6099.225, setWindowRect: true, strictFileInteractability: false, timeouts: {implicit: 0, pageLoad: 300000, script: 30000}, unhandledPromptBehavior: dismiss and notify, webauthn:extension:credBlob: true, webauthn:extension:largeBlob: true, webauthn:extension:minPinLength: true, webauthn:extension:prf: true, webauthn:virtualAuthenticators: true}
Element: [[ChromeDriver: chrome on windows (e40546883b085cb600c65a0faaca95c8)] -> xpath: //input[@value='Sign In']]
Session ID: e40546883b085cb600c65a0faaca95c8
	at java.base/jdk.internal.reflect.DirectConstructorHandleAccessor.newInstance(DirectConstructorHandleAccessor.java:62)
	at java.base/java.lang.reflect.Constructor.newInstanceWithCaller(Constructor.java:502)
	at java.base/java.lang.reflect.Constructor.newInstance(Constructor.java:486)
	at org.openqa.selenium.remote.codec.w3c.W3CHttpResponseCodec.createException(W3CHttpResponseCodec.java:200)
	at org.openqa.selenium.remote.codec.w3c.W3CHttpResponseCodec.decode(W3CHttpResponseCodec.java:133)
	at org.openqa.selenium.remote.codec.w3c.W3CHttpResponseCodec.decode(W3CHttpResponseCodec.java:52)
	at org.openqa.selenium.remote.HttpCommandExecutor.execute(HttpCommandExecutor.java:191)
	at org.openqa.selenium.remote.service.DriverCommandExecutor.invokeExecute(DriverCommandExecutor.java:196)
	at org.openqa.selenium.remote.service.DriverCommandExecutor.execute(DriverCommandExecutor.java:171)
	at org.openqa.selenium.remote.RemoteWebDriver.execute(RemoteWebDriver.java:518)
	at org.openqa.selenium.remote.RemoteWebElement.execute(RemoteWebElement.java:224)
	at org.openqa.selenium.remote.RemoteWebElement.click(RemoteWebElement.java:77)
	at java.base/jdk.internal.reflect.DirectMethodHandleAccessor.invoke(DirectMethodHandleAccessor.java:103)
	at java.base/java.lang.reflect.Method.invoke(Method.java:580)
	at org.openqa.selenium.support.pagefactory.internal.LocatingElementHandler.invoke(LocatingElementHandler.java:51)
	at jdk.proxy2/jdk.proxy2.$Proxy45.click(Unknown Source)
	at com.app.pagefactory.LoginPage.clickLoginButton(LoginPage.java:48)
	at com.app.stepdefs.LoginStepDefs.clicksLoginButton(LoginStepDefs.java:40)
	at ✽.clicks the login button(file:///C:/Users/DELL/Downloads/LOGIN_updated%20(1)/furniture-project/LoginFunctionality/src/test/java/features/Blogin.feature:7)
</textarea>
      
      </div>
                  </div>
                  <div class="step skip-bg">
                    <span>Then Message Should Be Displayed 'Incorrect email or password.'</span>
      <div>Step skipped
      </div>
                  </div>
                  <div class="step pass-bg">
                    <span>com.app.stepdefs.MyHooks.tearDown(io.cucumber.java.Scenario)</span>
      <div>User login with different credentials
          <div class="row mb-3"><div class="col-md-3">
<img data-featherlight='../Screenshots/embedded9.png' src="../Screenshots/embedded9.png">
    
    </div></div>
</div>
      <div>
      </div>
                  </div>
              </div>
            </div>
            <div class="card-body l1">
              <div class="card-header">
                <div class="card-title outline-child">
                  <div class="node" id="109"><span class="badge log fail-bg mr-2">Fail</span>User login with different credentials</div>
                    <div class="status-avatar float-right">
                      <i class="fa fa-paperclip"></i>
                    </div>
                </div>
              </div>
              <div class="card-body mt-3 ">
                  <div class="step pass-bg">
                    <span>Given user navigates to the login page</span>
      <div>
      </div>
                  </div>
                  <div class="step pass-bg">
                    <span>When user enters 'far@gmail.com' and 'farhan@123'</span>
      <div>
      </div>
                  </div>
                  <div class="step fail-bg">
                    <span>And clicks the login button</span>
      <div>
        <textarea disabled class="code-block">org.openqa.selenium.ElementClickInterceptedException: element click intercepted: Element <input class="btn" type="submit" value="Sign In"> is not clickable at point (596, 514). Other element would receive the click: <shop-login-button action="default" version="2" flow-version="sign_in" analytics-context="loginWithShopClassicCustomerAccounts" analytics-trace-id="efdb2d2e-a3af-436b-b086-76eee684e22f" hide-button="true" email-verification-required="true" disable-sign-up="true" auto-open="true" consent-challenge="" email="far@gmail.com"></shop-login-button>
  (Session info: chrome=120.0.6099.225)
Build info: version: '4.11.0', revision: '040bc5406b'
System info: os.name: 'Windows 11', os.arch: 'amd64', os.version: '10.0', java.version: '21.0.1'
Driver info: org.openqa.selenium.chrome.ChromeDriver
Command: [601df44fbf26662ad98a83b6d3be2c16, clickElement {id=1423EEB2FBE5183E6AD95C5616C600A9_element_150}]
Capabilities {acceptInsecureCerts: false, browserName: chrome, browserVersion: 120.0.6099.225, chrome: {chromedriverVersion: 120.0.6099.109 (3419140ab66..., userDataDir: C:\Users\DELL\AppData\Local...}, fedcm:accounts: true, goog:chromeOptions: {debuggerAddress: localhost:3872}, networkConnectionEnabled: false, pageLoadStrategy: normal, platformName: windows, proxy: Proxy(), se:cdp: ws://localhost:3872/devtool..., se:cdpVersion: 120.0.6099.225, setWindowRect: true, strictFileInteractability: false, timeouts: {implicit: 0, pageLoad: 300000, script: 30000}, unhandledPromptBehavior: dismiss and notify, webauthn:extension:credBlob: true, webauthn:extension:largeBlob: true, webauthn:extension:minPinLength: true, webauthn:extension:prf: true, webauthn:virtualAuthenticators: true}
Element: [[ChromeDriver: chrome on windows (601df44fbf26662ad98a83b6d3be2c16)] -> xpath: //input[@value='Sign In']]
Session ID: 601df44fbf26662ad98a83b6d3be2c16
	at java.base/jdk.internal.reflect.DirectConstructorHandleAccessor.newInstance(DirectConstructorHandleAccessor.java:62)
	at java.base/java.lang.reflect.Constructor.newInstanceWithCaller(Constructor.java:502)
	at java.base/java.lang.reflect.Constructor.newInstance(Constructor.java:486)
	at org.openqa.selenium.remote.codec.w3c.W3CHttpResponseCodec.createException(W3CHttpResponseCodec.java:200)
	at org.openqa.selenium.remote.codec.w3c.W3CHttpResponseCodec.decode(W3CHttpResponseCodec.java:133)
	at org.openqa.selenium.remote.codec.w3c.W3CHttpResponseCodec.decode(W3CHttpResponseCodec.java:52)
	at org.openqa.selenium.remote.HttpCommandExecutor.execute(HttpCommandExecutor.java:191)
	at org.openqa.selenium.remote.service.DriverCommandExecutor.invokeExecute(DriverCommandExecutor.java:196)
	at org.openqa.selenium.remote.service.DriverCommandExecutor.execute(DriverCommandExecutor.java:171)
	at org.openqa.selenium.remote.RemoteWebDriver.execute(RemoteWebDriver.java:518)
	at org.openqa.selenium.remote.RemoteWebElement.execute(RemoteWebElement.java:224)
	at org.openqa.selenium.remote.RemoteWebElement.click(RemoteWebElement.java:77)
	at java.base/jdk.internal.reflect.DirectMethodHandleAccessor.invoke(DirectMethodHandleAccessor.java:103)
	at java.base/java.lang.reflect.Method.invoke(Method.java:580)
	at org.openqa.selenium.support.pagefactory.internal.LocatingElementHandler.invoke(LocatingElementHandler.java:51)
	at jdk.proxy2/jdk.proxy2.$Proxy45.click(Unknown Source)
	at com.app.pagefactory.LoginPage.clickLoginButton(LoginPage.java:48)
	at com.app.stepdefs.LoginStepDefs.clicksLoginButton(LoginStepDefs.java:40)
	at ✽.clicks the login button(file:///C:/Users/DELL/Downloads/LOGIN_updated%20(1)/furniture-project/LoginFunctionality/src/test/java/features/Blogin.feature:7)
</textarea>
      
      </div>
                  </div>
                  <div class="step skip-bg">
                    <span>Then Message Should Be Displayed 'Incorrect email or password.'</span>
      <div>Step skipped
      </div>
                  </div>
                  <div class="step pass-bg">
                    <span>com.app.stepdefs.MyHooks.tearDown(io.cucumber.java.Scenario)</span>
      <div>User login with different credentials
          <div class="row mb-3"><div class="col-md-3">
<img data-featherlight='../Screenshots/embedded10.png' src="../Screenshots/embedded10.png">
    
    </div></div>
</div>
      <div>
      </div>
                  </div>
              </div>
            </div>
            <div class="card-body l1">
              <div class="card-header">
                <div class="card-title outline-child">
                  <div class="node" id="116"><span class="badge log fail-bg mr-2">Fail</span>User login with different credentials</div>
                    <div class="status-avatar float-right">
                      <i class="fa fa-paperclip"></i>
                    </div>
                </div>
              </div>
              <div class="card-body mt-3 ">
                  <div class="step pass-bg">
                    <span>Given user navigates to the login page</span>
      <div>
      </div>
                  </div>
                  <div class="step pass-bg">
                    <span>When user enters 'farhanbelgaumi82@gmail.com' and 'far123'</span>
      <div>
      </div>
                  </div>
                  <div class="step pass-bg">
                    <span>And clicks the login button</span>
      <div>
      </div>
                  </div>
                  <div class="step fail-bg">
                    <span>Then Message Should Be Displayed 'Incorrect email or password.'</span>
      <div>
        <textarea disabled class="code-block">org.openqa.selenium.NoSuchElementException: no such element: Unable to locate element: {"method":"xpath","selector":"//div[@class='errors']//ul//li"}
  (Session info: chrome=120.0.6099.225)
For documentation on this error, please visit: https://www.selenium.dev/documentation/webdriver/troubleshooting/errors#no-such-element-exception
Build info: version: '4.11.0', revision: '040bc5406b'
System info: os.name: 'Windows 11', os.arch: 'amd64', os.version: '10.0', java.version: '21.0.1'
Driver info: org.openqa.selenium.chrome.ChromeDriver
Command: [0cc9f9892ff31ff112ff07183d8a9b26, findElement {using=xpath, value=//div[@class='errors']//ul//li}]
Capabilities {acceptInsecureCerts: false, browserName: chrome, browserVersion: 120.0.6099.225, chrome: {chromedriverVersion: 120.0.6099.109 (3419140ab66..., userDataDir: C:\Users\DELL\AppData\Local...}, fedcm:accounts: true, goog:chromeOptions: {debuggerAddress: localhost:3991}, networkConnectionEnabled: false, pageLoadStrategy: normal, platformName: windows, proxy: Proxy(), se:cdp: ws://localhost:3991/devtool..., se:cdpVersion: 120.0.6099.225, setWindowRect: true, strictFileInteractability: false, timeouts: {implicit: 0, pageLoad: 300000, script: 30000}, unhandledPromptBehavior: dismiss and notify, webauthn:extension:credBlob: true, webauthn:extension:largeBlob: true, webauthn:extension:minPinLength: true, webauthn:extension:prf: true, webauthn:virtualAuthenticators: true}
Session ID: 0cc9f9892ff31ff112ff07183d8a9b26
	at java.base/jdk.internal.reflect.DirectConstructorHandleAccessor.newInstance(DirectConstructorHandleAccessor.java:62)
	at java.base/java.lang.reflect.Constructor.newInstanceWithCaller(Constructor.java:502)
	at java.base/java.lang.reflect.Constructor.newInstance(Constructor.java:486)
	at org.openqa.selenium.remote.codec.w3c.W3CHttpResponseCodec.createException(W3CHttpResponseCodec.java:200)
	at org.openqa.selenium.remote.codec.w3c.W3CHttpResponseCodec.decode(W3CHttpResponseCodec.java:133)
	at org.openqa.selenium.remote.codec.w3c.W3CHttpResponseCodec.decode(W3CHttpResponseCodec.java:52)
	at org.openqa.selenium.remote.HttpCommandExecutor.execute(HttpCommandExecutor.java:191)
	at org.openqa.selenium.remote.service.DriverCommandExecutor.invokeExecute(DriverCommandExecutor.java:196)
	at org.openqa.selenium.remote.service.DriverCommandExecutor.execute(DriverCommandExecutor.java:171)
	at org.openqa.selenium.remote.RemoteWebDriver.execute(RemoteWebDriver.java:518)
	at org.openqa.selenium.remote.ElementLocation$ElementFinder$2.findElement(ElementLocation.java:165)
	at org.openqa.selenium.remote.ElementLocation.findElement(ElementLocation.java:59)
	at org.openqa.selenium.remote.RemoteWebDriver.findElement(RemoteWebDriver.java:355)
	at org.openqa.selenium.remote.RemoteWebDriver.findElement(RemoteWebDriver.java:349)
	at org.openqa.selenium.support.pagefactory.DefaultElementLocator.findElement(DefaultElementLocator.java:68)
	at org.openqa.selenium.support.pagefactory.internal.LocatingElementHandler.invoke(LocatingElementHandler.java:38)
	at jdk.proxy2/jdk.proxy2.$Proxy45.getText(Unknown Source)
	at com.app.pagefactory.LoginPage.getMessage(LoginPage.java:52)
	at com.app.stepdefs.LoginStepDefs.messageShouldBeDisplayed(LoginStepDefs.java:48)
	at ✽.Message Should Be Displayed 'Incorrect email or password.'(file:///C:/Users/DELL/Downloads/LOGIN_updated%20(1)/furniture-project/LoginFunctionality/src/test/java/features/Blogin.feature:8)
</textarea>
      
      </div>
                  </div>
                  <div class="step pass-bg">
                    <span>com.app.stepdefs.MyHooks.tearDown(io.cucumber.java.Scenario)</span>
      <div>User login with different credentials
          <div class="row mb-3"><div class="col-md-3">
<img data-featherlight='../Screenshots/embedded11.png' src="../Screenshots/embedded11.png">
    
    </div></div>
</div>
      <div>
      </div>
                  </div>
              </div>
            </div>
            <div class="card-body l1">
              <div class="card-header">
                <div class="card-title outline-child">
                  <div class="node" id="123"><span class="badge log fail-bg mr-2">Fail</span>User login with different credentials</div>
                    <div class="status-avatar float-right">
                      <i class="fa fa-paperclip"></i>
                    </div>
                </div>
              </div>
              <div class="card-body mt-3 ">
                  <div class="step pass-bg">
                    <span>Given user navigates to the login page</span>
      <div>
      </div>
                  </div>
                  <div class="step pass-bg">
                    <span>When user enters 'farhanbelgaumi82@gmail.com' and 'far123'</span>
      <div>
      </div>
                  </div>
                  <div class="step pass-bg">
                    <span>And clicks the login button</span>
      <div>
      </div>
                  </div>
                  <div class="step fail-bg">
                    <span>Then Message Should Be Displayed 'Incorrect email or password.'</span>
      <div>
        <textarea disabled class="code-block">java.lang.AssertionError: expected [Password can't be blank.] but found [Incorrect email or password.]
	at org.testng.Assert.fail(Assert.java:110)
	at org.testng.Assert.failNotEquals(Assert.java:1577)
	at org.testng.Assert.assertEqualsImpl(Assert.java:149)
	at org.testng.Assert.assertEquals(Assert.java:131)
	at org.testng.Assert.assertEquals(Assert.java:655)
	at org.testng.Assert.assertEquals(Assert.java:665)
	at com.app.stepdefs.LoginStepDefs.messageShouldBeDisplayed(LoginStepDefs.java:48)
	at ✽.Message Should Be Displayed 'Incorrect email or password.'(file:///C:/Users/DELL/Downloads/LOGIN_updated%20(1)/furniture-project/LoginFunctionality/src/test/java/features/Blogin.feature:8)
</textarea>
      
      </div>
                  </div>
                  <div class="step pass-bg">
                    <span>com.app.stepdefs.MyHooks.tearDown(io.cucumber.java.Scenario)</span>
      <div>User login with different credentials
          <div class="row mb-3"><div class="col-md-3">
<img data-featherlight='../Screenshots/embedded12.png' src="../Screenshots/embedded12.png">
    
    </div></div>
</div>
      <div>
      </div>
                  </div>
              </div>
            </div>
            <div class="card-body l1">
              <div class="card-header">
                <div class="card-title outline-child">
                  <div class="node" id="130"><span class="badge log fail-bg mr-2">Fail</span>User login with different credentials</div>
                    <div class="status-avatar float-right">
                      <i class="fa fa-paperclip"></i>
                    </div>
                </div>
              </div>
              <div class="card-body mt-3 ">
                  <div class="step pass-bg">
                    <span>Given user navigates to the login page</span>
      <div>
      </div>
                  </div>
                  <div class="step pass-bg">
                    <span>When user enters 'far@gmail.com' and 'far123'</span>
      <div>
      </div>
                  </div>
                  <div class="step fail-bg">
                    <span>And clicks the login button</span>
      <div>
        <textarea disabled class="code-block">org.openqa.selenium.ElementClickInterceptedException: element click intercepted: Element <input class="btn" type="submit" value="Sign In"> is not clickable at point (596, 514). Other element would receive the click: <shop-login-button action="default" version="2" flow-version="sign_in" analytics-context="loginWithShopClassicCustomerAccounts" analytics-trace-id="2666fc3d-f519-4f71-9d43-0ef4f39b02e4" hide-button="true" email-verification-required="true" disable-sign-up="true" auto-open="true" consent-challenge="" email="far@gmail.com"></shop-login-button>
  (Session info: chrome=120.0.6099.225)
Build info: version: '4.11.0', revision: '040bc5406b'
System info: os.name: 'Windows 11', os.arch: 'amd64', os.version: '10.0', java.version: '21.0.1'
Driver info: org.openqa.selenium.chrome.ChromeDriver
Command: [c72bc847d186c11431ed6e76d24838bd, clickElement {id=F8EFA7527FA0C530EB4A1D29E3E8A93A_element_149}]
Capabilities {acceptInsecureCerts: false, browserName: chrome, browserVersion: 120.0.6099.225, chrome: {chromedriverVersion: 120.0.6099.109 (3419140ab66..., userDataDir: C:\Users\DELL\AppData\Local...}, fedcm:accounts: true, goog:chromeOptions: {debuggerAddress: localhost:4260}, networkConnectionEnabled: false, pageLoadStrategy: normal, platformName: windows, proxy: Proxy(), se:cdp: ws://localhost:4260/devtool..., se:cdpVersion: 120.0.6099.225, setWindowRect: true, strictFileInteractability: false, timeouts: {implicit: 0, pageLoad: 300000, script: 30000}, unhandledPromptBehavior: dismiss and notify, webauthn:extension:credBlob: true, webauthn:extension:largeBlob: true, webauthn:extension:minPinLength: true, webauthn:extension:prf: true, webauthn:virtualAuthenticators: true}
Element: [[ChromeDriver: chrome on windows (c72bc847d186c11431ed6e76d24838bd)] -> xpath: //input[@value='Sign In']]
Session ID: c72bc847d186c11431ed6e76d24838bd
	at java.base/jdk.internal.reflect.DirectConstructorHandleAccessor.newInstance(DirectConstructorHandleAccessor.java:62)
	at java.base/java.lang.reflect.Constructor.newInstanceWithCaller(Constructor.java:502)
	at java.base/java.lang.reflect.Constructor.newInstance(Constructor.java:486)
	at org.openqa.selenium.remote.codec.w3c.W3CHttpResponseCodec.createException(W3CHttpResponseCodec.java:200)
	at org.openqa.selenium.remote.codec.w3c.W3CHttpResponseCodec.decode(W3CHttpResponseCodec.java:133)
	at org.openqa.selenium.remote.codec.w3c.W3CHttpResponseCodec.decode(W3CHttpResponseCodec.java:52)
	at org.openqa.selenium.remote.HttpCommandExecutor.execute(HttpCommandExecutor.java:191)
	at org.openqa.selenium.remote.service.DriverCommandExecutor.invokeExecute(DriverCommandExecutor.java:196)
	at org.openqa.selenium.remote.service.DriverCommandExecutor.execute(DriverCommandExecutor.java:171)
	at org.openqa.selenium.remote.RemoteWebDriver.execute(RemoteWebDriver.java:518)
	at org.openqa.selenium.remote.RemoteWebElement.execute(RemoteWebElement.java:224)
	at org.openqa.selenium.remote.RemoteWebElement.click(RemoteWebElement.java:77)
	at java.base/jdk.internal.reflect.DirectMethodHandleAccessor.invoke(DirectMethodHandleAccessor.java:103)
	at java.base/java.lang.reflect.Method.invoke(Method.java:580)
	at org.openqa.selenium.support.pagefactory.internal.LocatingElementHandler.invoke(LocatingElementHandler.java:51)
	at jdk.proxy2/jdk.proxy2.$Proxy45.click(Unknown Source)
	at com.app.pagefactory.LoginPage.clickLoginButton(LoginPage.java:48)
	at com.app.stepdefs.LoginStepDefs.clicksLoginButton(LoginStepDefs.java:40)
	at ✽.clicks the login button(file:///C:/Users/DELL/Downloads/LOGIN_updated%20(1)/furniture-project/LoginFunctionality/src/test/java/features/Blogin.feature:7)
</textarea>
      
      </div>
                  </div>
                  <div class="step skip-bg">
                    <span>Then Message Should Be Displayed 'Incorrect email or password.'</span>
      <div>Step skipped
      </div>
                  </div>
                  <div class="step pass-bg">
                    <span>com.app.stepdefs.MyHooks.tearDown(io.cucumber.java.Scenario)</span>
      <div>User login with different credentials
          <div class="row mb-3"><div class="col-md-3">
<img data-featherlight='../Screenshots/embedded13.png' src="../Screenshots/embedded13.png">
    
    </div></div>
</div>
      <div>
      </div>
                  </div>
              </div>
            </div>
            <div class="card-body l1">
              <div class="card-header">
                <div class="card-title outline-child">
                  <div class="node" id="137"><span class="badge log fail-bg mr-2">Fail</span>User login with different credentials</div>
                    <div class="status-avatar float-right">
                      <i class="fa fa-paperclip"></i>
                    </div>
                </div>
              </div>
              <div class="card-body mt-3 ">
                  <div class="step pass-bg">
                    <span>Given user navigates to the login page</span>
      <div>
      </div>
                  </div>
                  <div class="step pass-bg">
                    <span>When user enters 'far@gmail.com' and 'far123'</span>
      <div>
      </div>
                  </div>
                  <div class="step fail-bg">
                    <span>And clicks the login button</span>
      <div>
        <textarea disabled class="code-block">org.openqa.selenium.ElementClickInterceptedException: element click intercepted: Element <input class="btn" type="submit" value="Sign In"> is not clickable at point (596, 514). Other element would receive the click: <shop-login-button action="default" version="2" flow-version="sign_in" analytics-context="loginWithShopClassicCustomerAccounts" analytics-trace-id="874e1ab9-244e-4658-ab49-cd54fcb18b13" hide-button="true" email-verification-required="true" disable-sign-up="true" auto-open="true" consent-challenge="" email="far@gmail.com"></shop-login-button>
  (Session info: chrome=120.0.6099.225)
Build info: version: '4.11.0', revision: '040bc5406b'
System info: os.name: 'Windows 11', os.arch: 'amd64', os.version: '10.0', java.version: '21.0.1'
Driver info: org.openqa.selenium.chrome.ChromeDriver
Command: [b351d6f2d8c03e3d4e76ed782e31fb44, clickElement {id=E3C242F17B2532CE17EEBE174838076A_element_152}]
Capabilities {acceptInsecureCerts: false, browserName: chrome, browserVersion: 120.0.6099.225, chrome: {chromedriverVersion: 120.0.6099.109 (3419140ab66..., userDataDir: C:\Users\DELL\AppData\Local...}, fedcm:accounts: true, goog:chromeOptions: {debuggerAddress: localhost:4376}, networkConnectionEnabled: false, pageLoadStrategy: normal, platformName: windows, proxy: Proxy(), se:cdp: ws://localhost:4376/devtool..., se:cdpVersion: 120.0.6099.225, setWindowRect: true, strictFileInteractability: false, timeouts: {implicit: 0, pageLoad: 300000, script: 30000}, unhandledPromptBehavior: dismiss and notify, webauthn:extension:credBlob: true, webauthn:extension:largeBlob: true, webauthn:extension:minPinLength: true, webauthn:extension:prf: true, webauthn:virtualAuthenticators: true}
Element: [[ChromeDriver: chrome on windows (b351d6f2d8c03e3d4e76ed782e31fb44)] -> xpath: //input[@value='Sign In']]
Session ID: b351d6f2d8c03e3d4e76ed782e31fb44
	at java.base/jdk.internal.reflect.DirectConstructorHandleAccessor.newInstance(DirectConstructorHandleAccessor.java:62)
	at java.base/java.lang.reflect.Constructor.newInstanceWithCaller(Constructor.java:502)
	at java.base/java.lang.reflect.Constructor.newInstance(Constructor.java:486)
	at org.openqa.selenium.remote.codec.w3c.W3CHttpResponseCodec.createException(W3CHttpResponseCodec.java:200)
	at org.openqa.selenium.remote.codec.w3c.W3CHttpResponseCodec.decode(W3CHttpResponseCodec.java:133)
	at org.openqa.selenium.remote.codec.w3c.W3CHttpResponseCodec.decode(W3CHttpResponseCodec.java:52)
	at org.openqa.selenium.remote.HttpCommandExecutor.execute(HttpCommandExecutor.java:191)
	at org.openqa.selenium.remote.service.DriverCommandExecutor.invokeExecute(DriverCommandExecutor.java:196)
	at org.openqa.selenium.remote.service.DriverCommandExecutor.execute(DriverCommandExecutor.java:171)
	at org.openqa.selenium.remote.RemoteWebDriver.execute(RemoteWebDriver.java:518)
	at org.openqa.selenium.remote.RemoteWebElement.execute(RemoteWebElement.java:224)
	at org.openqa.selenium.remote.RemoteWebElement.click(RemoteWebElement.java:77)
	at java.base/jdk.internal.reflect.DirectMethodHandleAccessor.invoke(DirectMethodHandleAccessor.java:103)
	at java.base/java.lang.reflect.Method.invoke(Method.java:580)
	at org.openqa.selenium.support.pagefactory.internal.LocatingElementHandler.invoke(LocatingElementHandler.java:51)
	at jdk.proxy2/jdk.proxy2.$Proxy45.click(Unknown Source)
	at com.app.pagefactory.LoginPage.clickLoginButton(LoginPage.java:48)
	at com.app.stepdefs.LoginStepDefs.clicksLoginButton(LoginStepDefs.java:40)
	at ✽.clicks the login button(file:///C:/Users/DELL/Downloads/LOGIN_updated%20(1)/furniture-project/LoginFunctionality/src/test/java/features/Blogin.feature:7)
</textarea>
      
      </div>
                  </div>
                  <div class="step skip-bg">
                    <span>Then Message Should Be Displayed 'Incorrect email or password.'</span>
      <div>Step skipped
      </div>
                  </div>
                  <div class="step pass-bg">
                    <span>com.app.stepdefs.MyHooks.tearDown(io.cucumber.java.Scenario)</span>
      <div>User login with different credentials
          <div class="row mb-3"><div class="col-md-3">
<img data-featherlight='../Screenshots/embedded14.png' src="../Screenshots/embedded14.png">
    
    </div></div>
</div>
      <div>
      </div>
                  </div>
              </div>
            </div>
            <div class="card-body l1">
              <div class="card-header">
                <div class="card-title outline-child">
                  <div class="node" id="144"><span class="badge log fail-bg mr-2">Fail</span>User login with different credentials</div>
                    <div class="status-avatar float-right">
                      <i class="fa fa-paperclip"></i>
                    </div>
                </div>
              </div>
              <div class="card-body mt-3 ">
                  <div class="step pass-bg">
                    <span>Given user navigates to the login page</span>
      <div>
      </div>
                  </div>
                  <div class="step pass-bg">
                    <span>When user enters '' and ''</span>
      <div>
      </div>
                  </div>
                  <div class="step pass-bg">
                    <span>And clicks the login button</span>
      <div>
      </div>
                  </div>
                  <div class="step fail-bg">
                    <span>Then Message Should Be Displayed 'Incorrect email or password.'</span>
      <div>
        <textarea disabled class="code-block">org.openqa.selenium.NoSuchElementException: no such element: Unable to locate element: {"method":"xpath","selector":"//div[@class='errors']//ul//li"}
  (Session info: chrome=120.0.6099.225)
For documentation on this error, please visit: https://www.selenium.dev/documentation/webdriver/troubleshooting/errors#no-such-element-exception
Build info: version: '4.11.0', revision: '040bc5406b'
System info: os.name: 'Windows 11', os.arch: 'amd64', os.version: '10.0', java.version: '21.0.1'
Driver info: org.openqa.selenium.chrome.ChromeDriver
Command: [2022977b39cce1551364c9cac319e755, findElement {using=xpath, value=//div[@class='errors']//ul//li}]
Capabilities {acceptInsecureCerts: false, browserName: chrome, browserVersion: 120.0.6099.225, chrome: {chromedriverVersion: 120.0.6099.109 (3419140ab66..., userDataDir: C:\Users\DELL\AppData\Local...}, fedcm:accounts: true, goog:chromeOptions: {debuggerAddress: localhost:4493}, networkConnectionEnabled: false, pageLoadStrategy: normal, platformName: windows, proxy: Proxy(), se:cdp: ws://localhost:4493/devtool..., se:cdpVersion: 120.0.6099.225, setWindowRect: true, strictFileInteractability: false, timeouts: {implicit: 0, pageLoad: 300000, script: 30000}, unhandledPromptBehavior: dismiss and notify, webauthn:extension:credBlob: true, webauthn:extension:largeBlob: true, webauthn:extension:minPinLength: true, webauthn:extension:prf: true, webauthn:virtualAuthenticators: true}
Session ID: 2022977b39cce1551364c9cac319e755
	at java.base/jdk.internal.reflect.DirectConstructorHandleAccessor.newInstance(DirectConstructorHandleAccessor.java:62)
	at java.base/java.lang.reflect.Constructor.newInstanceWithCaller(Constructor.java:502)
	at java.base/java.lang.reflect.Constructor.newInstance(Constructor.java:486)
	at org.openqa.selenium.remote.codec.w3c.W3CHttpResponseCodec.createException(W3CHttpResponseCodec.java:200)
	at org.openqa.selenium.remote.codec.w3c.W3CHttpResponseCodec.decode(W3CHttpResponseCodec.java:133)
	at org.openqa.selenium.remote.codec.w3c.W3CHttpResponseCodec.decode(W3CHttpResponseCodec.java:52)
	at org.openqa.selenium.remote.HttpCommandExecutor.execute(HttpCommandExecutor.java:191)
	at org.openqa.selenium.remote.service.DriverCommandExecutor.invokeExecute(DriverCommandExecutor.java:196)
	at org.openqa.selenium.remote.service.DriverCommandExecutor.execute(DriverCommandExecutor.java:171)
	at org.openqa.selenium.remote.RemoteWebDriver.execute(RemoteWebDriver.java:518)
	at org.openqa.selenium.remote.ElementLocation$ElementFinder$2.findElement(ElementLocation.java:165)
	at org.openqa.selenium.remote.ElementLocation.findElement(ElementLocation.java:59)
	at org.openqa.selenium.remote.RemoteWebDriver.findElement(RemoteWebDriver.java:355)
	at org.openqa.selenium.remote.RemoteWebDriver.findElement(RemoteWebDriver.java:349)
	at org.openqa.selenium.support.pagefactory.DefaultElementLocator.findElement(DefaultElementLocator.java:68)
	at org.openqa.selenium.support.pagefactory.internal.LocatingElementHandler.invoke(LocatingElementHandler.java:38)
	at jdk.proxy2/jdk.proxy2.$Proxy45.getText(Unknown Source)
	at com.app.pagefactory.LoginPage.getMessage(LoginPage.java:52)
	at com.app.stepdefs.LoginStepDefs.messageShouldBeDisplayed(LoginStepDefs.java:48)
	at ✽.Message Should Be Displayed 'Incorrect email or password.'(file:///C:/Users/DELL/Downloads/LOGIN_updated%20(1)/furniture-project/LoginFunctionality/src/test/java/features/Blogin.feature:8)
</textarea>
      
      </div>
                  </div>
                  <div class="step pass-bg">
                    <span>com.app.stepdefs.MyHooks.tearDown(io.cucumber.java.Scenario)</span>
      <div>User login with different credentials
          <div class="row mb-3"><div class="col-md-3">
<img data-featherlight='../Screenshots/embedded15.png' src="../Screenshots/embedded15.png">
    
    </div></div>
</div>
      <div>
      </div>
                  </div>
              </div>
            </div>
            <div class="card-body l1">
              <div class="card-header">
                <div class="card-title outline-child">
                  <div class="node" id="151"><span class="badge log fail-bg mr-2">Fail</span>User login with different credentials</div>
                    <div class="status-avatar float-right">
                      <i class="fa fa-paperclip"></i>
                    </div>
                </div>
              </div>
              <div class="card-body mt-3 ">
                  <div class="step pass-bg">
                    <span>Given user navigates to the login page</span>
      <div>
      </div>
                  </div>
                  <div class="step pass-bg">
                    <span>When user enters '' and ''</span>
      <div>
      </div>
                  </div>
                  <div class="step pass-bg">
                    <span>And clicks the login button</span>
      <div>
      </div>
                  </div>
                  <div class="step fail-bg">
                    <span>Then Message Should Be Displayed 'Incorrect email or password.'</span>
      <div>
        <textarea disabled class="code-block">org.openqa.selenium.NoSuchElementException: no such element: Unable to locate element: {"method":"xpath","selector":"//div[@class='errors']//ul//li"}
  (Session info: chrome=120.0.6099.225)
For documentation on this error, please visit: https://www.selenium.dev/documentation/webdriver/troubleshooting/errors#no-such-element-exception
Build info: version: '4.11.0', revision: '040bc5406b'
System info: os.name: 'Windows 11', os.arch: 'amd64', os.version: '10.0', java.version: '21.0.1'
Driver info: org.openqa.selenium.chrome.ChromeDriver
Command: [dd886b655dc6bc973a04ddde1ee956b3, findElement {using=xpath, value=//div[@class='errors']//ul//li}]
Capabilities {acceptInsecureCerts: false, browserName: chrome, browserVersion: 120.0.6099.225, chrome: {chromedriverVersion: 120.0.6099.109 (3419140ab66..., userDataDir: C:\Users\DELL\AppData\Local...}, fedcm:accounts: true, goog:chromeOptions: {debuggerAddress: localhost:4631}, networkConnectionEnabled: false, pageLoadStrategy: normal, platformName: windows, proxy: Proxy(), se:cdp: ws://localhost:4631/devtool..., se:cdpVersion: 120.0.6099.225, setWindowRect: true, strictFileInteractability: false, timeouts: {implicit: 0, pageLoad: 300000, script: 30000}, unhandledPromptBehavior: dismiss and notify, webauthn:extension:credBlob: true, webauthn:extension:largeBlob: true, webauthn:extension:minPinLength: true, webauthn:extension:prf: true, webauthn:virtualAuthenticators: true}
Session ID: dd886b655dc6bc973a04ddde1ee956b3
	at java.base/jdk.internal.reflect.DirectConstructorHandleAccessor.newInstance(DirectConstructorHandleAccessor.java:62)
	at java.base/java.lang.reflect.Constructor.newInstanceWithCaller(Constructor.java:502)
	at java.base/java.lang.reflect.Constructor.newInstance(Constructor.java:486)
	at org.openqa.selenium.remote.codec.w3c.W3CHttpResponseCodec.createException(W3CHttpResponseCodec.java:200)
	at org.openqa.selenium.remote.codec.w3c.W3CHttpResponseCodec.decode(W3CHttpResponseCodec.java:133)
	at org.openqa.selenium.remote.codec.w3c.W3CHttpResponseCodec.decode(W3CHttpResponseCodec.java:52)
	at org.openqa.selenium.remote.HttpCommandExecutor.execute(HttpCommandExecutor.java:191)
	at org.openqa.selenium.remote.service.DriverCommandExecutor.invokeExecute(DriverCommandExecutor.java:196)
	at org.openqa.selenium.remote.service.DriverCommandExecutor.execute(DriverCommandExecutor.java:171)
	at org.openqa.selenium.remote.RemoteWebDriver.execute(RemoteWebDriver.java:518)
	at org.openqa.selenium.remote.ElementLocation$ElementFinder$2.findElement(ElementLocation.java:165)
	at org.openqa.selenium.remote.ElementLocation.findElement(ElementLocation.java:59)
	at org.openqa.selenium.remote.RemoteWebDriver.findElement(RemoteWebDriver.java:355)
	at org.openqa.selenium.remote.RemoteWebDriver.findElement(RemoteWebDriver.java:349)
	at org.openqa.selenium.support.pagefactory.DefaultElementLocator.findElement(DefaultElementLocator.java:68)
	at org.openqa.selenium.support.pagefactory.internal.LocatingElementHandler.invoke(LocatingElementHandler.java:38)
	at jdk.proxy2/jdk.proxy2.$Proxy45.getText(Unknown Source)
	at com.app.pagefactory.LoginPage.getMessage(LoginPage.java:52)
	at com.app.stepdefs.LoginStepDefs.messageShouldBeDisplayed(LoginStepDefs.java:48)
	at ✽.Message Should Be Displayed 'Incorrect email or password.'(file:///C:/Users/DELL/Downloads/LOGIN_updated%20(1)/furniture-project/LoginFunctionality/src/test/java/features/Blogin.feature:8)
</textarea>
      
      </div>
                  </div>
                  <div class="step pass-bg">
                    <span>com.app.stepdefs.MyHooks.tearDown(io.cucumber.java.Scenario)</span>
      <div>User login with different credentials
          <div class="row mb-3"><div class="col-md-3">
<img data-featherlight='../Screenshots/embedded16.png' src="../Screenshots/embedded16.png">
    
    </div></div>
</div>
      <div>
      </div>
                  </div>
              </div>
            </div>
        </div>
  </div>
</div>
          </div>
        </li>
        <li class="test-item"  status="pass" test-id="158"
          author=""
          tag=""
          device="">
          <div class="test-detail">
            <p class="name">Product Search Functionality</p>
            <p class="text-sm">
              <span>10:33:11 am</span> / <span>00:00:49:907</span>
              <span class="badge pass-bg log float-right">Pass</span>
            </p>
          </div>
          <div class="test-contents d-none">
<div class="detail-head">
<div class="p-v-10">
<div class="info">
<h5 class="test-status text-pass">Product Search Functionality</h5>
<span class='badge badge-success'>01.24.2024 10:33:11 am</span>
<span class='badge badge-danger'>01.24.2024 10:34:01 am</span>
<span class='badge badge-default'>00:00:49:907</span>
&middot; <span class='uri-anchor badge badge-default'>#test-id=158</span>
<span class='badge badge-default pointer float-right ml-1 et'><i class="fa fa-chevron-down"></i></span>
<span class='badge badge-default pointer float-right ct'><i class="fa fa-chevron-up"></i></span>
</div>
<div class="m-t-10 m-l-5"></div>
</div>
</div>
<div class="accordion mt-4">
  <div class="card">
    <div class="card-header" role="tab">
      <div class="card-title">
        <div class="node" id="159"><span class="badge log pass-bg mr-2">Pass</span>Enter  search term and verify  results</div>
      </div>
    </div>
        <div class="scenario_outline collapse">
            <div class="card-body l1">
              <div class="card-header">
                <div class="card-title outline-child">
                  <div class="node" id="160"><span class="badge log pass-bg mr-2">Pass</span>Enter  search term and verify  results</div>
                </div>
              </div>
              <div class="card-body mt-3 collapse">
                  <div class="step pass-bg">
                    <span>Given I open the browser and enter the URL</span>
      <div>
      </div>
                  </div>
                  <div class="step pass-bg">
                    <span>When I enter a  product name as 'sofa' in the search bar</span>
      <div>
      </div>
                  </div>
                  <div class="step pass-bg">
                    <span>And I click on the search button</span>
      <div>
      </div>
                  </div>
                  <div class="step pass-bg">
                    <span>Then results should be found for the search term</span>
      <div>
      </div>
                  </div>
                  <div class="step pass-bg">
                    <span>Then no results should be found for the search term</span>
      <div>
      </div>
                  </div>
              </div>
            </div>
            <div class="card-body l1">
              <div class="card-header">
                <div class="card-title outline-child">
                  <div class="node" id="168"><span class="badge log pass-bg mr-2">Pass</span>Enter  search term and verify  results</div>
                </div>
              </div>
              <div class="card-body mt-3 collapse">
                  <div class="step pass-bg">
                    <span>Given I open the browser and enter the URL</span>
      <div>
      </div>
                  </div>
                  <div class="step pass-bg">
                    <span>When I enter a  product name as '' in the search bar</span>
      <div>
      </div>
                  </div>
                  <div class="step pass-bg">
                    <span>And I click on the search button</span>
      <div>
      </div>
                  </div>
                  <div class="step pass-bg">
                    <span>Then results should be found for the search term</span>
      <div>
      </div>
                  </div>
                  <div class="step pass-bg">
                    <span>Then no results should be found for the search term</span>
      <div>
      </div>
                  </div>
              </div>
            </div>
            <div class="card-body l1">
              <div class="card-header">
                <div class="card-title outline-child">
                  <div class="node" id="176"><span class="badge log pass-bg mr-2">Pass</span>Enter  search term and verify  results</div>
                </div>
              </div>
              <div class="card-body mt-3 collapse">
                  <div class="step pass-bg">
                    <span>Given I open the browser and enter the URL</span>
      <div>
      </div>
                  </div>
                  <div class="step pass-bg">
                    <span>When I enter a  product name as 'perfumes' in the search bar</span>
      <div>
      </div>
                  </div>
                  <div class="step pass-bg">
                    <span>And I click on the search button</span>
      <div>
      </div>
                  </div>
                  <div class="step pass-bg">
                    <span>Then results should be found for the search term</span>
      <div>
      </div>
                  </div>
                  <div class="step pass-bg">
                    <span>Then no results should be found for the search term</span>
      <div>
      </div>
                  </div>
              </div>
            </div>
            <div class="card-body l1">
              <div class="card-header">
                <div class="card-title outline-child">
                  <div class="node" id="184"><span class="badge log pass-bg mr-2">Pass</span>Enter  search term and verify  results</div>
                </div>
              </div>
              <div class="card-body mt-3 collapse">
                  <div class="step pass-bg">
                    <span>Given I open the browser and enter the URL</span>
      <div>
      </div>
                  </div>
                  <div class="step pass-bg">
                    <span>When I enter a  product name as 'chopa' in the search bar</span>
      <div>
      </div>
                  </div>
                  <div class="step pass-bg">
                    <span>And I click on the search button</span>
      <div>
      </div>
                  </div>
                  <div class="step pass-bg">
                    <span>Then results should be found for the search term</span>
      <div>
      </div>
                  </div>
                  <div class="step pass-bg">
                    <span>Then no results should be found for the search term</span>
      <div>
      </div>
                  </div>
              </div>
            </div>
            <div class="card-body l1">
              <div class="card-header">
                <div class="card-title outline-child">
                  <div class="node" id="192"><span class="badge log pass-bg mr-2">Pass</span>Enter  search term and verify  results</div>
                </div>
              </div>
              <div class="card-body mt-3 collapse">
                  <div class="step pass-bg">
                    <span>Given I open the browser and enter the URL</span>
      <div>
      </div>
                  </div>
                  <div class="step pass-bg">
                    <span>When I enter a  product name as 'Industrial Tan 90cm Studded Back Bench' in the search bar</span>
      <div>
      </div>
                  </div>
                  <div class="step pass-bg">
                    <span>And I click on the search button</span>
      <div>
      </div>
                  </div>
                  <div class="step pass-bg">
                    <span>Then results should be found for the search term</span>
      <div>
      </div>
                  </div>
                  <div class="step pass-bg">
                    <span>Then no results should be found for the search term</span>
      <div>
      </div>
                  </div>
              </div>
            </div>
        </div>
  </div>
</div>
          </div>
        </li>
        <li class="test-item"  status="pass" test-id="200"
          author=""
          tag=""
          device="">
          <div class="test-detail">
            <p class="name">Filter</p>
            <p class="text-sm">
              <span>10:34:01 am</span> / <span>00:00:19:412</span>
              <span class="badge pass-bg log float-right">Pass</span>
            </p>
          </div>
          <div class="test-contents d-none">
<div class="detail-head">
<div class="p-v-10">
<div class="info">
<h5 class="test-status text-pass">Filter</h5>
<span class='badge badge-success'>01.24.2024 10:34:01 am</span>
<span class='badge badge-danger'>01.24.2024 10:34:20 am</span>
<span class='badge badge-default'>00:00:19:412</span>
&middot; <span class='uri-anchor badge badge-default'>#test-id=200</span>
<span class='badge badge-default pointer float-right ml-1 et'><i class="fa fa-chevron-down"></i></span>
<span class='badge badge-default pointer float-right ct'><i class="fa fa-chevron-up"></i></span>
</div>
<div class="m-t-10 m-l-5"></div>
</div>
</div>
<div class="accordion mt-4">
  <div class="card">
    <div class="card-header" role="tab">
      <div class="card-title">
        <div class="node" id="201"><span class="badge log pass-bg mr-2">Pass</span>Filter Functionality</div>
      </div>
    </div>
        <div class="collapse">
          <div class="card-body">
              <div class="step pass-bg" title="com.app.stepdefs.FilterStepdefinition.userNavigatesToChilterNOakPage()">
                <span>Given user navigates to the website chilternoakfurniture.co.uk</span>
      <div>
      </div>
              </div>
              <div class="step pass-bg" title="com.app.stepdefs.FilterStepdefinition.searchTheProduct()">
                <span>And search the product</span>
      <div>
      </div>
              </div>
              <div class="step pass-bg" title="com.app.stepdefs.FilterStepdefinition.dragPriceElement()">
                <span>And drag the price element</span>
      <div>
      </div>
              </div>
              <div class="step pass-bg" title="com.app.stepdefs.FilterStepdefinition.chooseColor()">
                <span>And choose the color</span>
      <div>
      </div>
              </div>
              <div class="step pass-bg" title="com.app.stepdefs.FilterStepdefinition.addedFilterSuccessfully()">
                <span>Then added filter successfully</span>
      <div>
      </div>
              </div>
          </div>
        </div>
  </div>
</div>
          </div>
        </li>
        <li class="test-item"  status="pass" test-id="209"
          author=""
          tag=""
          device="">
          <div class="test-detail">
            <p class="name">test add to cart</p>
            <p class="text-sm">
              <span>10:34:20 am</span> / <span>00:00:22:898</span>
              <span class="badge pass-bg log float-right">Pass</span>
            </p>
          </div>
          <div class="test-contents d-none">
<div class="detail-head">
<div class="p-v-10">
<div class="info">
<h5 class="test-status text-pass">test add to cart</h5>
<span class='badge badge-success'>01.24.2024 10:34:20 am</span>
<span class='badge badge-danger'>01.24.2024 10:34:43 am</span>
<span class='badge badge-default'>00:00:22:898</span>
&middot; <span class='uri-anchor badge badge-default'>#test-id=209</span>
<span class='badge badge-default pointer float-right ml-1 et'><i class="fa fa-chevron-down"></i></span>
<span class='badge badge-default pointer float-right ct'><i class="fa fa-chevron-up"></i></span>
</div>
<div class="m-t-10 m-l-5"></div>
</div>
</div>
<div class="accordion mt-4">
  <div class="card">
    <div class="card-header" role="tab">
      <div class="card-title">
        <div class="node" id="210"><span class="badge log pass-bg mr-2">Pass</span>add to cart</div>
      </div>
    </div>
        <div class="collapse">
          <div class="card-body">
              <div class="step pass-bg" title="com.app.stepdefs.addtocarthome.user_navigates_to_the_url()">
                <span>Given User navigates to the URL</span>
      <div>
      </div>
              </div>
              <div class="step pass-bg" title="com.app.stepdefs.addtocarthome.user_search_book()">
                <span>Given user search sofa</span>
      <div>
      </div>
              </div>
              <div class="step pass-bg" title="com.app.stepdefs.addtocarthome.add()">
                <span>Then add</span>
      <div>
      </div>
              </div>
              <div class="step pass-bg" title="com.app.stepdefs.addtocarthome.remove()">
                <span>Then remove</span>
      <div>
      </div>
              </div>
          </div>
        </div>
  </div>
  <div class="card">
    <div class="card-header" role="tab">
      <div class="card-title">
        <div class="node" id="217"><span class="badge log pass-bg mr-2">Pass</span>add to cart1</div>
      </div>
    </div>
        <div class="collapse">
          <div class="card-body">
              <div class="step pass-bg" title="com.app.stepdefs.addtocarthome.user_navigates_to_the_url()">
                <span>Given User navigates to the URL</span>
      <div>
      </div>
              </div>
              <div class="step pass-bg" title="com.app.stepdefs.addtocarthome.user_search_book1()">
                <span>Given user search table</span>
      <div>
      </div>
              </div>
              <div class="step pass-bg" title="com.app.stepdefs.addtocarthome.add()">
                <span>Then add</span>
      <div>
      </div>
              </div>
          </div>
        </div>
  </div>
</div>
          </div>
        </li>
        <li class="test-item"  status="fail" test-id="223"
          author=""
          tag=""
          device="">
          <div class="test-detail">
            <p class="name">Checkout In Chilternoak</p>
            <p class="text-sm">
              <span>10:34:43 am</span> / <span>00:07:29:487</span>
              <span class="badge fail-bg log float-right">Fail</span>
            </p>
          </div>
          <div class="test-contents d-none">
<div class="detail-head">
<div class="p-v-10">
<div class="info">
<h5 class="test-status text-fail">Checkout In Chilternoak</h5>
<span class='badge badge-success'>01.24.2024 10:34:43 am</span>
<span class='badge badge-danger'>01.24.2024 10:42:13 am</span>
<span class='badge badge-default'>00:07:29:487</span>
&middot; <span class='uri-anchor badge badge-default'>#test-id=223</span>
<span class='badge badge-default pointer float-right ml-1 et'><i class="fa fa-chevron-down"></i></span>
<span class='badge badge-default pointer float-right ct'><i class="fa fa-chevron-up"></i></span>
</div>
<div class="m-t-10 m-l-5"> I want to Examin Checkout Functionality Of Chilternoak</div>
</div>
</div>
<div class="accordion mt-4">
  <div class="card">
    <div class="card-header" role="tab">
      <div class="card-title">
        <div class="node" id="224"><span class="badge log fail-bg mr-2">Fail</span>Checkout Functionality Of Chilternoak</div>
          <div class="status-avatar float-right mr-4">
            <i class="fa fa-paperclip"></i>
          </div>
      </div>
    </div>
        <div class="scenario_outline ">
            <div class="card-body l1">
              <div class="card-header">
                <div class="card-title outline-child">
                  <div class="node" id="225"><span class="badge log fail-bg mr-2">Fail</span>Checkout Functionality Of Chilternoak</div>
                    <div class="status-avatar float-right">
                      <i class="fa fa-paperclip"></i>
                    </div>
                </div>
              </div>
              <div class="card-body mt-3 ">
                  <div class="step fail-bg">
                    <span>Given User is on login page and add item to cart</span>
      <div>
        <textarea disabled class="code-block">org.openqa.selenium.ElementClickInterceptedException: element click intercepted: Element <button type="submit" aria-label="Submit">...</button> is not clickable at point (473, 84). Other element would receive the click: <div style="width: 100%; height: 100%; position: fixed; top: 0px; left: 0px; z-index: 2000000000; background-color: rgb(255, 255, 255); opacity: 0.05;"></div>
  (Session info: chrome=120.0.6099.225)
Build info: version: '4.11.0', revision: '040bc5406b'
System info: os.name: 'Windows 11', os.arch: 'amd64', os.version: '10.0', java.version: '21.0.1'
Driver info: org.openqa.selenium.chrome.ChromeDriver
Command: [cfbc5b36aa06d465bea3c9f897768f66, clickElement {id=94D62474B7AB1248C7154B2CC928FE22_element_160}]
Capabilities {acceptInsecureCerts: false, browserName: chrome, browserVersion: 120.0.6099.225, chrome: {chromedriverVersion: 120.0.6099.109 (3419140ab66..., userDataDir: C:\Users\DELL\AppData\Local...}, fedcm:accounts: true, goog:chromeOptions: {debuggerAddress: localhost:5593}, networkConnectionEnabled: false, pageLoadStrategy: normal, platformName: windows, proxy: Proxy(), se:cdp: ws://localhost:5593/devtool..., se:cdpVersion: 120.0.6099.225, setWindowRect: true, strictFileInteractability: false, timeouts: {implicit: 0, pageLoad: 300000, script: 30000}, unhandledPromptBehavior: dismiss and notify, webauthn:extension:credBlob: true, webauthn:extension:largeBlob: true, webauthn:extension:minPinLength: true, webauthn:extension:prf: true, webauthn:virtualAuthenticators: true}
Element: [[ChromeDriver: chrome on windows (cfbc5b36aa06d465bea3c9f897768f66)] -> xpath: //button[@type="submit"]]
Session ID: cfbc5b36aa06d465bea3c9f897768f66
	at java.base/jdk.internal.reflect.DirectConstructorHandleAccessor.newInstance(DirectConstructorHandleAccessor.java:62)
	at java.base/java.lang.reflect.Constructor.newInstanceWithCaller(Constructor.java:502)
	at java.base/java.lang.reflect.Constructor.newInstance(Constructor.java:486)
	at org.openqa.selenium.remote.codec.w3c.W3CHttpResponseCodec.createException(W3CHttpResponseCodec.java:200)
	at org.openqa.selenium.remote.codec.w3c.W3CHttpResponseCodec.decode(W3CHttpResponseCodec.java:133)
	at org.openqa.selenium.remote.codec.w3c.W3CHttpResponseCodec.decode(W3CHttpResponseCodec.java:52)
	at org.openqa.selenium.remote.HttpCommandExecutor.execute(HttpCommandExecutor.java:191)
	at org.openqa.selenium.remote.service.DriverCommandExecutor.invokeExecute(DriverCommandExecutor.java:196)
	at org.openqa.selenium.remote.service.DriverCommandExecutor.execute(DriverCommandExecutor.java:171)
	at org.openqa.selenium.remote.RemoteWebDriver.execute(RemoteWebDriver.java:518)
	at org.openqa.selenium.remote.RemoteWebElement.execute(RemoteWebElement.java:224)
	at org.openqa.selenium.remote.RemoteWebElement.click(RemoteWebElement.java:77)
	at java.base/jdk.internal.reflect.DirectMethodHandleAccessor.invoke(DirectMethodHandleAccessor.java:103)
	at java.base/java.lang.reflect.Method.invoke(Method.java:580)
	at org.openqa.selenium.support.pagefactory.internal.LocatingElementHandler.invoke(LocatingElementHandler.java:51)
	at jdk.proxy2/jdk.proxy2.$Proxy45.click(Unknown Source)
	at com.app.pagefactory.Checkout2.Login_AddToCart(Checkout2.java:81)
	at com.app.stepdefs.CheckoutSteps.User_is_on_login_page_and_add_item_to_cart(CheckoutSteps.java:27)
	at ✽.User is on login page and add item to cart(file:///C:/Users/DELL/Downloads/LOGIN_updated%20(1)/furniture-project/LoginFunctionality/src/test/java/features/Fcheckout.feature:6)
</textarea>
      
      </div>
                  </div>
                  <div class="step skip-bg">
                    <span>When User is able Proceed With Valid Checkout Details withPankajandTripathiandDstl Portsdown WestandFarehamandPO17 6ADand+44 7777447731</span>
      <div>Step skipped
      </div>
                  </div>
                  <div class="step skip-bg">
                    <span>When User is Not able Proceed With All Null Checkout Details</span>
      <div>Step skipped
      </div>
                  </div>
                  <div class="step skip-bg">
                    <span>And User is Not able Proceed With Only One Null Checkout Details</span>
      <div>Step skipped
      </div>
                  </div>
                  <div class="step skip-bg">
                    <span>Then User is Not able To Enter With Invalid Phone Credentials</span>
      <div>Step skipped
      </div>
                  </div>
                  <div class="step skip-bg">
                    <span>And User is Able To Enter With Invalid Credentials</span>
      <div>Step skipped
      </div>
                  </div>
                  <div class="step pass-bg">
                    <span>com.app.stepdefs.MyHooks.tearDown(io.cucumber.java.Scenario)</span>
      <div>Checkout Functionality Of Chilternoak
          <div class="row mb-3"><div class="col-md-3">
<img data-featherlight='../Screenshots/embedded17.png' src="../Screenshots/embedded17.png">
    
    </div></div>
</div>
      <div>
      </div>
                  </div>
              </div>
            </div>
            <div class="card-body l1">
              <div class="card-header">
                <div class="card-title outline-child">
                  <div class="node" id="234"><span class="badge log fail-bg mr-2">Fail</span>Checkout Functionality Of Chilternoak</div>
                    <div class="status-avatar float-right">
                      <i class="fa fa-paperclip"></i>
                    </div>
                </div>
              </div>
              <div class="card-body mt-3 ">
                  <div class="step fail-bg">
                    <span>Given User is on login page and add item to cart</span>
      <div>
        <textarea disabled class="code-block">org.openqa.selenium.ElementClickInterceptedException: element click intercepted: Element <button type="submit" aria-label="Submit">...</button> is not clickable at point (473, 84). Other element would receive the click: <div style="width: 100%; height: 100%; position: fixed; top: 0px; left: 0px; z-index: 2000000000; background-color: rgb(255, 255, 255); opacity: 0.05;"></div>
  (Session info: chrome=120.0.6099.225)
Build info: version: '4.11.0', revision: '040bc5406b'
System info: os.name: 'Windows 11', os.arch: 'amd64', os.version: '10.0', java.version: '21.0.1'
Driver info: org.openqa.selenium.chrome.ChromeDriver
Command: [e771150f386a30a63e8dcf42183482d5, clickElement {id=43C1B6E130E0D86CEB25C455F53C2D69_element_198}]
Capabilities {acceptInsecureCerts: false, browserName: chrome, browserVersion: 120.0.6099.225, chrome: {chromedriverVersion: 120.0.6099.109 (3419140ab66..., userDataDir: C:\Users\DELL\AppData\Local...}, fedcm:accounts: true, goog:chromeOptions: {debuggerAddress: localhost:5744}, networkConnectionEnabled: false, pageLoadStrategy: normal, platformName: windows, proxy: Proxy(), se:cdp: ws://localhost:5744/devtool..., se:cdpVersion: 120.0.6099.225, setWindowRect: true, strictFileInteractability: false, timeouts: {implicit: 0, pageLoad: 300000, script: 30000}, unhandledPromptBehavior: dismiss and notify, webauthn:extension:credBlob: true, webauthn:extension:largeBlob: true, webauthn:extension:minPinLength: true, webauthn:extension:prf: true, webauthn:virtualAuthenticators: true}
Element: [[ChromeDriver: chrome on windows (e771150f386a30a63e8dcf42183482d5)] -> xpath: //button[@type="submit"]]
Session ID: e771150f386a30a63e8dcf42183482d5
	at java.base/jdk.internal.reflect.DirectConstructorHandleAccessor.newInstance(DirectConstructorHandleAccessor.java:62)
	at java.base/java.lang.reflect.Constructor.newInstanceWithCaller(Constructor.java:502)
	at java.base/java.lang.reflect.Constructor.newInstance(Constructor.java:486)
	at org.openqa.selenium.remote.codec.w3c.W3CHttpResponseCodec.createException(W3CHttpResponseCodec.java:200)
	at org.openqa.selenium.remote.codec.w3c.W3CHttpResponseCodec.decode(W3CHttpResponseCodec.java:133)
	at org.openqa.selenium.remote.codec.w3c.W3CHttpResponseCodec.decode(W3CHttpResponseCodec.java:52)
	at org.openqa.selenium.remote.HttpCommandExecutor.execute(HttpCommandExecutor.java:191)
	at org.openqa.selenium.remote.service.DriverCommandExecutor.invokeExecute(DriverCommandExecutor.java:196)
	at org.openqa.selenium.remote.service.DriverCommandExecutor.execute(DriverCommandExecutor.java:171)
	at org.openqa.selenium.remote.RemoteWebDriver.execute(RemoteWebDriver.java:518)
	at org.openqa.selenium.remote.RemoteWebElement.execute(RemoteWebElement.java:224)
	at org.openqa.selenium.remote.RemoteWebElement.click(RemoteWebElement.java:77)
	at java.base/jdk.internal.reflect.DirectMethodHandleAccessor.invoke(DirectMethodHandleAccessor.java:103)
	at java.base/java.lang.reflect.Method.invoke(Method.java:580)
	at org.openqa.selenium.support.pagefactory.internal.LocatingElementHandler.invoke(LocatingElementHandler.java:51)
	at jdk.proxy2/jdk.proxy2.$Proxy45.click(Unknown Source)
	at com.app.pagefactory.Checkout2.Login_AddToCart(Checkout2.java:81)
	at com.app.stepdefs.CheckoutSteps.User_is_on_login_page_and_add_item_to_cart(CheckoutSteps.java:27)
	at ✽.User is on login page and add item to cart(file:///C:/Users/DELL/Downloads/LOGIN_updated%20(1)/furniture-project/LoginFunctionality/src/test/java/features/Fcheckout.feature:6)
</textarea>
      
      </div>
                  </div>
                  <div class="step skip-bg">
                    <span>When User is able Proceed With Valid Checkout Details withPankajandTripathiandDstl Portsdown WestandFarehamandPO17 6ADand+44 7777447731</span>
      <div>Step skipped
      </div>
                  </div>
                  <div class="step skip-bg">
                    <span>When User is Not able Proceed With All Null Checkout Details</span>
      <div>Step skipped
      </div>
                  </div>
                  <div class="step skip-bg">
                    <span>And User is Not able Proceed With Only One Null Checkout Details</span>
      <div>Step skipped
      </div>
                  </div>
                  <div class="step skip-bg">
                    <span>Then User is Not able To Enter With Invalid Phone Credentials</span>
      <div>Step skipped
      </div>
                  </div>
                  <div class="step skip-bg">
                    <span>And User is Able To Enter With Invalid Credentials</span>
      <div>Step skipped
      </div>
                  </div>
                  <div class="step pass-bg">
                    <span>com.app.stepdefs.MyHooks.tearDown(io.cucumber.java.Scenario)</span>
      <div>Checkout Functionality Of Chilternoak
          <div class="row mb-3"><div class="col-md-3">
<img data-featherlight='../Screenshots/embedded18.png' src="../Screenshots/embedded18.png">
    
    </div></div>
</div>
      <div>
      </div>
                  </div>
              </div>
            </div>
        </div>
  </div>
</div>
          </div>
        </li>
        <li class="test-item"  status="fail" test-id="243"
          author=""
          tag=""
          device="">
          <div class="test-detail">
            <p class="name">Test Chilternoak Furniture page I want to use this template for my feature file</p>
            <p class="text-sm">
              <span>10:42:13 am</span> / <span>00:05:38:528</span>
              <span class="badge fail-bg log float-right">Fail</span>
            </p>
          </div>
          <div class="test-contents d-none">
<div class="detail-head">
<div class="p-v-10">
<div class="info">
<h5 class="test-status text-fail">Test Chilternoak Furniture page I want to use this template for my feature file</h5>
<span class='badge badge-success'>01.24.2024 10:42:13 am</span>
<span class='badge badge-danger'>01.24.2024 10:47:51 am</span>
<span class='badge badge-default'>00:05:38:528</span>
&middot; <span class='uri-anchor badge badge-default'>#test-id=243</span>
<span class='badge badge-default pointer float-right ml-1 et'><i class="fa fa-chevron-down"></i></span>
<span class='badge badge-default pointer float-right ct'><i class="fa fa-chevron-up"></i></span>
</div>
<div class="m-t-10 m-l-5"></div>
</div>
</div>
<div class="accordion mt-4">
  <div class="card">
    <div class="card-header" role="tab">
      <div class="card-title">
        <div class="node" id="244"><span class="badge log fail-bg mr-2">Fail</span>Testing of ContactUs Page</div>
          <div class="status-avatar float-right mr-4">
            <i class="fa fa-paperclip"></i>
          </div>
      </div>
    </div>
        <div class="scenario_outline ">
            <div class="card-body l1">
              <div class="card-header">
                <div class="card-title outline-child">
                  <div class="node" id="245"><span class="badge log pass-bg mr-2">Pass</span>Testing of ContactUs Page</div>
                </div>
              </div>
              <div class="card-body mt-3 collapse">
                  <div class="step pass-bg">
                    <span>Given I am on Chilternoak Furniture Homepage</span>
      <div>
      </div>
                  </div>
                  <div class="step pass-bg">
                    <span>When I click on ContactUs link</span>
      <div>
      </div>
                  </div>
                  <div class="step pass-bg">
                    <span>Then I will be on ContactUs Page and Capture the title of the page</span>
      <div>
      </div>
                  </div>
                  <div class="step pass-bg">
                    <span>And I entered name as 'User' on the page</span>
      <div>
      </div>
                  </div>
                  <div class="step pass-bg">
                    <span>And I entered email id as 'user@gmail.com' on the page</span>
      <div>
      </div>
                  </div>
                  <div class="step pass-bg">
                    <span>And I entered phone no as '1234567891' on the page</span>
      <div>
      </div>
                  </div>
                  <div class="step pass-bg">
                    <span>And I entered message as 'Hi, This is good product' on the page</span>
      <div>
      </div>
                  </div>
                  <div class="step pass-bg">
                    <span>Then I click on send button</span>
      <div>
      </div>
                  </div>
                  <div class="step pass-bg">
                    <span>Then It shoulld diplayed the message 'robot'</span>
      <div>
      </div>
                  </div>
              </div>
            </div>
            <div class="card-body l1">
              <div class="card-header">
                <div class="card-title outline-child">
                  <div class="node" id="257"><span class="badge log fail-bg mr-2">Fail</span>Testing of ContactUs Page</div>
                    <div class="status-avatar float-right">
                      <i class="fa fa-paperclip"></i>
                    </div>
                </div>
              </div>
              <div class="card-body mt-3 ">
                  <div class="step pass-bg">
                    <span>Given I am on Chilternoak Furniture Homepage</span>
      <div>
      </div>
                  </div>
                  <div class="step pass-bg">
                    <span>When I click on ContactUs link</span>
      <div>
      </div>
                  </div>
                  <div class="step pass-bg">
                    <span>Then I will be on ContactUs Page and Capture the title of the page</span>
      <div>
      </div>
                  </div>
                  <div class="step pass-bg">
                    <span>And I entered name as 'User' on the page</span>
      <div>
      </div>
                  </div>
                  <div class="step pass-bg">
                    <span>And I entered email id as '' on the page</span>
      <div>
      </div>
                  </div>
                  <div class="step pass-bg">
                    <span>And I entered phone no as '1243567891' on the page</span>
      <div>
      </div>
                  </div>
                  <div class="step pass-bg">
                    <span>And I entered message as 'Hi, This is good product' on the page</span>
      <div>
      </div>
                  </div>
                  <div class="step pass-bg">
                    <span>Then I click on send button</span>
      <div>
      </div>
                  </div>
                  <div class="step fail-bg">
                    <span>Then It shoulld diplayed the message 'Please enter the valid email'</span>
      <div>
        <textarea disabled class="code-block">java.lang.AssertionError
	at org.junit.Assert.fail(Assert.java:86)
	at org.junit.Assert.assertTrue(Assert.java:41)
	at org.junit.Assert.assertTrue(Assert.java:52)
	at com.app.stepdefs.ContactUsSteps.it_shoulld_diplayed_the_message(ContactUsSteps.java:93)
	at ✽.It shoulld diplayed the message 'Please enter the valid email'(file:///C:/Users/DELL/Downloads/LOGIN_updated%20(1)/furniture-project/LoginFunctionality/src/test/java/features/GContactUs.feature:15)
</textarea>
      
      </div>
                  </div>
                  <div class="step pass-bg">
                    <span>com.app.stepdefs.MyHooks.tearDown(io.cucumber.java.Scenario)</span>
      <div>Testing of ContactUs Page
          <div class="row mb-3"><div class="col-md-3">
<img data-featherlight='../Screenshots/embedded19.png' src="../Screenshots/embedded19.png">
    
    </div></div>
</div>
      <div>
      </div>
                  </div>
              </div>
            </div>
            <div class="card-body l1">
              <div class="card-header">
                <div class="card-title outline-child">
                  <div class="node" id="269"><span class="badge log fail-bg mr-2">Fail</span>Testing of ContactUs Page</div>
                    <div class="status-avatar float-right">
                      <i class="fa fa-paperclip"></i>
                    </div>
                </div>
              </div>
              <div class="card-body mt-3 ">
                  <div class="step pass-bg">
                    <span>Given I am on Chilternoak Furniture Homepage</span>
      <div>
      </div>
                  </div>
                  <div class="step pass-bg">
                    <span>When I click on ContactUs link</span>
      <div>
      </div>
                  </div>
                  <div class="step pass-bg">
                    <span>Then I will be on ContactUs Page and Capture the title of the page</span>
      <div>
      </div>
                  </div>
                  <div class="step pass-bg">
                    <span>And I entered name as 'User' on the page</span>
      <div>
      </div>
                  </div>
                  <div class="step pass-bg">
                    <span>And I entered email id as '' on the page</span>
      <div>
      </div>
                  </div>
                  <div class="step pass-bg">
                    <span>And I entered phone no as '1243567891' on the page</span>
      <div>
      </div>
                  </div>
                  <div class="step pass-bg">
                    <span>And I entered message as 'Hi, This is good product' on the page</span>
      <div>
      </div>
                  </div>
                  <div class="step pass-bg">
                    <span>Then I click on send button</span>
      <div>
      </div>
                  </div>
                  <div class="step fail-bg">
                    <span>Then It shoulld diplayed the message 'Please enter the valid email'</span>
      <div>
        <textarea disabled class="code-block">java.lang.AssertionError
	at org.junit.Assert.fail(Assert.java:86)
	at org.junit.Assert.assertTrue(Assert.java:41)
	at org.junit.Assert.assertTrue(Assert.java:52)
	at com.app.stepdefs.ContactUsSteps.it_shoulld_diplayed_the_message(ContactUsSteps.java:93)
	at ✽.It shoulld diplayed the message 'Please enter the valid email'(file:///C:/Users/DELL/Downloads/LOGIN_updated%20(1)/furniture-project/LoginFunctionality/src/test/java/features/GContactUs.feature:15)
</textarea>
      
      </div>
                  </div>
                  <div class="step pass-bg">
                    <span>com.app.stepdefs.MyHooks.tearDown(io.cucumber.java.Scenario)</span>
      <div>Testing of ContactUs Page
          <div class="row mb-3"><div class="col-md-3">
<img data-featherlight='../Screenshots/embedded20.png' src="../Screenshots/embedded20.png">
    
    </div></div>
</div>
      <div>
      </div>
                  </div>
              </div>
            </div>
            <div class="card-body l1">
              <div class="card-header">
                <div class="card-title outline-child">
                  <div class="node" id="281"><span class="badge log fail-bg mr-2">Fail</span>Testing of ContactUs Page</div>
                    <div class="status-avatar float-right">
                      <i class="fa fa-paperclip"></i>
                    </div>
                </div>
              </div>
              <div class="card-body mt-3 ">
                  <div class="step pass-bg">
                    <span>Given I am on Chilternoak Furniture Homepage</span>
      <div>
      </div>
                  </div>
                  <div class="step pass-bg">
                    <span>When I click on ContactUs link</span>
      <div>
      </div>
                  </div>
                  <div class="step pass-bg">
                    <span>Then I will be on ContactUs Page and Capture the title of the page</span>
      <div>
      </div>
                  </div>
                  <div class="step pass-bg">
                    <span>And I entered name as '' on the page</span>
      <div>
      </div>
                  </div>
                  <div class="step pass-bg">
                    <span>And I entered email id as '' on the page</span>
      <div>
      </div>
                  </div>
                  <div class="step pass-bg">
                    <span>And I entered phone no as '' on the page</span>
      <div>
      </div>
                  </div>
                  <div class="step pass-bg">
                    <span>And I entered message as '' on the page</span>
      <div>
      </div>
                  </div>
                  <div class="step pass-bg">
                    <span>Then I click on send button</span>
      <div>
      </div>
                  </div>
                  <div class="step fail-bg">
                    <span>Then It shoulld diplayed the message 'It is mandontary to fill the fields'</span>
      <div>
        <textarea disabled class="code-block">java.lang.AssertionError
	at org.junit.Assert.fail(Assert.java:86)
	at org.junit.Assert.assertTrue(Assert.java:41)
	at org.junit.Assert.assertTrue(Assert.java:52)
	at com.app.stepdefs.ContactUsSteps.it_shoulld_diplayed_the_message(ContactUsSteps.java:93)
	at ✽.It shoulld diplayed the message 'It is mandontary to fill the fields'(file:///C:/Users/DELL/Downloads/LOGIN_updated%20(1)/furniture-project/LoginFunctionality/src/test/java/features/GContactUs.feature:15)
</textarea>
      
      </div>
                  </div>
                  <div class="step pass-bg">
                    <span>com.app.stepdefs.MyHooks.tearDown(io.cucumber.java.Scenario)</span>
      <div>Testing of ContactUs Page
          <div class="row mb-3"><div class="col-md-3">
<img data-featherlight='../Screenshots/embedded21.png' src="../Screenshots/embedded21.png">
    
    </div></div>
</div>
      <div>
      </div>
                  </div>
              </div>
            </div>
            <div class="card-body l1">
              <div class="card-header">
                <div class="card-title outline-child">
                  <div class="node" id="293"><span class="badge log fail-bg mr-2">Fail</span>Testing of ContactUs Page</div>
                    <div class="status-avatar float-right">
                      <i class="fa fa-paperclip"></i>
                    </div>
                </div>
              </div>
              <div class="card-body mt-3 ">
                  <div class="step pass-bg">
                    <span>Given I am on Chilternoak Furniture Homepage</span>
      <div>
      </div>
                  </div>
                  <div class="step pass-bg">
                    <span>When I click on ContactUs link</span>
      <div>
      </div>
                  </div>
                  <div class="step pass-bg">
                    <span>Then I will be on ContactUs Page and Capture the title of the page</span>
      <div>
      </div>
                  </div>
                  <div class="step pass-bg">
                    <span>And I entered name as '' on the page</span>
      <div>
      </div>
                  </div>
                  <div class="step pass-bg">
                    <span>And I entered email id as '' on the page</span>
      <div>
      </div>
                  </div>
                  <div class="step pass-bg">
                    <span>And I entered phone no as '' on the page</span>
      <div>
      </div>
                  </div>
                  <div class="step pass-bg">
                    <span>And I entered message as '' on the page</span>
      <div>
      </div>
                  </div>
                  <div class="step pass-bg">
                    <span>Then I click on send button</span>
      <div>
      </div>
                  </div>
                  <div class="step fail-bg">
                    <span>Then It shoulld diplayed the message 'It is mandontary to fill the fields'</span>
      <div>
        <textarea disabled class="code-block">java.lang.AssertionError
	at org.junit.Assert.fail(Assert.java:86)
	at org.junit.Assert.assertTrue(Assert.java:41)
	at org.junit.Assert.assertTrue(Assert.java:52)
	at com.app.stepdefs.ContactUsSteps.it_shoulld_diplayed_the_message(ContactUsSteps.java:93)
	at ✽.It shoulld diplayed the message 'It is mandontary to fill the fields'(file:///C:/Users/DELL/Downloads/LOGIN_updated%20(1)/furniture-project/LoginFunctionality/src/test/java/features/GContactUs.feature:15)
</textarea>
      
      </div>
                  </div>
                  <div class="step pass-bg">
                    <span>com.app.stepdefs.MyHooks.tearDown(io.cucumber.java.Scenario)</span>
      <div>Testing of ContactUs Page
          <div class="row mb-3"><div class="col-md-3">
<img data-featherlight='../Screenshots/embedded22.png' src="../Screenshots/embedded22.png">
    
    </div></div>
</div>
      <div>
      </div>
                  </div>
              </div>
            </div>
            <div class="card-body l1">
              <div class="card-header">
                <div class="card-title outline-child">
                  <div class="node" id="305"><span class="badge log fail-bg mr-2">Fail</span>Testing of ContactUs Page</div>
                    <div class="status-avatar float-right">
                      <i class="fa fa-paperclip"></i>
                    </div>
                </div>
              </div>
              <div class="card-body mt-3 ">
                  <div class="step pass-bg">
                    <span>Given I am on Chilternoak Furniture Homepage</span>
      <div>
      </div>
                  </div>
                  <div class="step pass-bg">
                    <span>When I click on ContactUs link</span>
      <div>
      </div>
                  </div>
                  <div class="step pass-bg">
                    <span>Then I will be on ContactUs Page and Capture the title of the page</span>
      <div>
      </div>
                  </div>
                  <div class="step pass-bg">
                    <span>And I entered name as '####' on the page</span>
      <div>
      </div>
                  </div>
                  <div class="step pass-bg">
                    <span>And I entered email id as 'user@gmail.com' on the page</span>
      <div>
      </div>
                  </div>
                  <div class="step pass-bg">
                    <span>And I entered phone no as '1243567891' on the page</span>
      <div>
      </div>
                  </div>
                  <div class="step pass-bg">
                    <span>And I entered message as 'Hi, This is good product' on the page</span>
      <div>
      </div>
                  </div>
                  <div class="step pass-bg">
                    <span>Then I click on send button</span>
      <div>
      </div>
                  </div>
                  <div class="step fail-bg">
                    <span>Then It shoulld diplayed the message 'Please enter the valid name'</span>
      <div>
        <textarea disabled class="code-block">java.lang.AssertionError
	at org.junit.Assert.fail(Assert.java:86)
	at org.junit.Assert.assertTrue(Assert.java:41)
	at org.junit.Assert.assertTrue(Assert.java:52)
	at com.app.stepdefs.ContactUsSteps.it_shoulld_diplayed_the_message(ContactUsSteps.java:93)
	at ✽.It shoulld diplayed the message 'Please enter the valid name'(file:///C:/Users/DELL/Downloads/LOGIN_updated%20(1)/furniture-project/LoginFunctionality/src/test/java/features/GContactUs.feature:15)
</textarea>
      
      </div>
                  </div>
                  <div class="step pass-bg">
                    <span>com.app.stepdefs.MyHooks.tearDown(io.cucumber.java.Scenario)</span>
      <div>Testing of ContactUs Page
          <div class="row mb-3"><div class="col-md-3">
<img data-featherlight='../Screenshots/embedded23.png' src="../Screenshots/embedded23.png">
    
    </div></div>
</div>
      <div>
      </div>
                  </div>
              </div>
            </div>
            <div class="card-body l1">
              <div class="card-header">
                <div class="card-title outline-child">
                  <div class="node" id="317"><span class="badge log fail-bg mr-2">Fail</span>Testing of ContactUs Page</div>
                    <div class="status-avatar float-right">
                      <i class="fa fa-paperclip"></i>
                    </div>
                </div>
              </div>
              <div class="card-body mt-3 ">
                  <div class="step pass-bg">
                    <span>Given I am on Chilternoak Furniture Homepage</span>
      <div>
      </div>
                  </div>
                  <div class="step pass-bg">
                    <span>When I click on ContactUs link</span>
      <div>
      </div>
                  </div>
                  <div class="step pass-bg">
                    <span>Then I will be on ContactUs Page and Capture the title of the page</span>
      <div>
      </div>
                  </div>
                  <div class="step pass-bg">
                    <span>And I entered name as '####' on the page</span>
      <div>
      </div>
                  </div>
                  <div class="step pass-bg">
                    <span>And I entered email id as 'user@gmail.com' on the page</span>
      <div>
      </div>
                  </div>
                  <div class="step pass-bg">
                    <span>And I entered phone no as '1243567891' on the page</span>
      <div>
      </div>
                  </div>
                  <div class="step pass-bg">
                    <span>And I entered message as 'Hi, This is good product' on the page</span>
      <div>
      </div>
                  </div>
                  <div class="step pass-bg">
                    <span>Then I click on send button</span>
      <div>
      </div>
                  </div>
                  <div class="step fail-bg">
                    <span>Then It shoulld diplayed the message 'Please enter the valid name'</span>
      <div>
        <textarea disabled class="code-block">java.lang.AssertionError
	at org.junit.Assert.fail(Assert.java:86)
	at org.junit.Assert.assertTrue(Assert.java:41)
	at org.junit.Assert.assertTrue(Assert.java:52)
	at com.app.stepdefs.ContactUsSteps.it_shoulld_diplayed_the_message(ContactUsSteps.java:93)
	at ✽.It shoulld diplayed the message 'Please enter the valid name'(file:///C:/Users/DELL/Downloads/LOGIN_updated%20(1)/furniture-project/LoginFunctionality/src/test/java/features/GContactUs.feature:15)
</textarea>
      
      </div>
                  </div>
                  <div class="step pass-bg">
                    <span>com.app.stepdefs.MyHooks.tearDown(io.cucumber.java.Scenario)</span>
      <div>Testing of ContactUs Page
          <div class="row mb-3"><div class="col-md-3">
<img data-featherlight='../Screenshots/embedded24.png' src="../Screenshots/embedded24.png">
    
    </div></div>
</div>
      <div>
      </div>
                  </div>
              </div>
            </div>
            <div class="card-body l1">
              <div class="card-header">
                <div class="card-title outline-child">
                  <div class="node" id="329"><span class="badge log fail-bg mr-2">Fail</span>Testing of ContactUs Page</div>
                    <div class="status-avatar float-right">
                      <i class="fa fa-paperclip"></i>
                    </div>
                </div>
              </div>
              <div class="card-body mt-3 ">
                  <div class="step pass-bg">
                    <span>Given I am on Chilternoak Furniture Homepage</span>
      <div>
      </div>
                  </div>
                  <div class="step pass-bg">
                    <span>When I click on ContactUs link</span>
      <div>
      </div>
                  </div>
                  <div class="step pass-bg">
                    <span>Then I will be on ContactUs Page and Capture the title of the page</span>
      <div>
      </div>
                  </div>
                  <div class="step pass-bg">
                    <span>And I entered name as 'User' on the page</span>
      <div>
      </div>
                  </div>
                  <div class="step pass-bg">
                    <span>And I entered email id as 'user@gmail.com' on the page</span>
      <div>
      </div>
                  </div>
                  <div class="step pass-bg">
                    <span>And I entered phone no as '##########' on the page</span>
      <div>
      </div>
                  </div>
                  <div class="step pass-bg">
                    <span>And I entered message as 'Hi, This is good product' on the page</span>
      <div>
      </div>
                  </div>
                  <div class="step pass-bg">
                    <span>Then I click on send button</span>
      <div>
      </div>
                  </div>
                  <div class="step fail-bg">
                    <span>Then It shoulld diplayed the message 'Please Enter the valid number format'</span>
      <div>
        <textarea disabled class="code-block">java.lang.AssertionError
	at org.junit.Assert.fail(Assert.java:86)
	at org.junit.Assert.assertTrue(Assert.java:41)
	at org.junit.Assert.assertTrue(Assert.java:52)
	at com.app.stepdefs.ContactUsSteps.it_shoulld_diplayed_the_message(ContactUsSteps.java:93)
	at ✽.It shoulld diplayed the message 'Please Enter the valid number format'(file:///C:/Users/DELL/Downloads/LOGIN_updated%20(1)/furniture-project/LoginFunctionality/src/test/java/features/GContactUs.feature:15)
</textarea>
      
      </div>
                  </div>
                  <div class="step pass-bg">
                    <span>com.app.stepdefs.MyHooks.tearDown(io.cucumber.java.Scenario)</span>
      <div>Testing of ContactUs Page
          <div class="row mb-3"><div class="col-md-3">
<img data-featherlight='../Screenshots/embedded25.png' src="../Screenshots/embedded25.png">
    
    </div></div>
</div>
      <div>
      </div>
                  </div>
              </div>
            </div>
            <div class="card-body l1">
              <div class="card-header">
                <div class="card-title outline-child">
                  <div class="node" id="341"><span class="badge log fail-bg mr-2">Fail</span>Testing of ContactUs Page</div>
                    <div class="status-avatar float-right">
                      <i class="fa fa-paperclip"></i>
                    </div>
                </div>
              </div>
              <div class="card-body mt-3 ">
                  <div class="step pass-bg">
                    <span>Given I am on Chilternoak Furniture Homepage</span>
      <div>
      </div>
                  </div>
                  <div class="step pass-bg">
                    <span>When I click on ContactUs link</span>
      <div>
      </div>
                  </div>
                  <div class="step pass-bg">
                    <span>Then I will be on ContactUs Page and Capture the title of the page</span>
      <div>
      </div>
                  </div>
                  <div class="step pass-bg">
                    <span>And I entered name as 'User' on the page</span>
      <div>
      </div>
                  </div>
                  <div class="step pass-bg">
                    <span>And I entered email id as 'user@gmail.com' on the page</span>
      <div>
      </div>
                  </div>
                  <div class="step pass-bg">
                    <span>And I entered phone no as '##########' on the page</span>
      <div>
      </div>
                  </div>
                  <div class="step pass-bg">
                    <span>And I entered message as 'Hi, This is good product' on the page</span>
      <div>
      </div>
                  </div>
                  <div class="step pass-bg">
                    <span>Then I click on send button</span>
      <div>
      </div>
                  </div>
                  <div class="step fail-bg">
                    <span>Then It shoulld diplayed the message 'Please Enter the valid number format'</span>
      <div>
        <textarea disabled class="code-block">java.lang.AssertionError
	at org.junit.Assert.fail(Assert.java:86)
	at org.junit.Assert.assertTrue(Assert.java:41)
	at org.junit.Assert.assertTrue(Assert.java:52)
	at com.app.stepdefs.ContactUsSteps.it_shoulld_diplayed_the_message(ContactUsSteps.java:93)
	at ✽.It shoulld diplayed the message 'Please Enter the valid number format'(file:///C:/Users/DELL/Downloads/LOGIN_updated%20(1)/furniture-project/LoginFunctionality/src/test/java/features/GContactUs.feature:15)
</textarea>
      
      </div>
                  </div>
                  <div class="step pass-bg">
                    <span>com.app.stepdefs.MyHooks.tearDown(io.cucumber.java.Scenario)</span>
      <div>Testing of ContactUs Page
          <div class="row mb-3"><div class="col-md-3">
<img data-featherlight='../Screenshots/embedded26.png' src="../Screenshots/embedded26.png">
    
    </div></div>
</div>
      <div>
      </div>
                  </div>
              </div>
            </div>
        </div>
  </div>
</div>
          </div>
        </li>
        <li class="test-item"  status="fail" test-id="353"
          author=""
          tag=""
          device="">
          <div class="test-detail">
            <p class="name">Subscribe Feature</p>
            <p class="text-sm">
              <span>10:47:51 am</span> / <span>00:08:18:541</span>
              <span class="badge fail-bg log float-right">Fail</span>
            </p>
          </div>
          <div class="test-contents d-none">
<div class="detail-head">
<div class="p-v-10">
<div class="info">
<h5 class="test-status text-fail">Subscribe Feature</h5>
<span class='badge badge-success'>01.24.2024 10:47:51 am</span>
<span class='badge badge-danger'>01.24.2024 10:56:10 am</span>
<span class='badge badge-default'>00:08:18:541</span>
&middot; <span class='uri-anchor badge badge-default'>#test-id=353</span>
<span class='badge badge-default pointer float-right ml-1 et'><i class="fa fa-chevron-down"></i></span>
<span class='badge badge-default pointer float-right ct'><i class="fa fa-chevron-up"></i></span>
</div>
<div class="m-t-10 m-l-5"></div>
</div>
</div>
<div class="accordion mt-4">
  <div class="card">
    <div class="card-header" role="tab">
      <div class="card-title">
        <div class="node" id="354"><span class="badge log fail-bg mr-2">Fail</span>Subscribe scenario with differe set of data</div>
          <div class="status-avatar float-right mr-4">
            <i class="fa fa-paperclip"></i>
          </div>
      </div>
    </div>
        <div class="scenario_outline ">
            <div class="card-body l1">
              <div class="card-header">
                <div class="card-title outline-child">
                  <div class="node" id="355"><span class="badge log fail-bg mr-2">Fail</span>Subscribe scenario with differe set of data</div>
                    <div class="status-avatar float-right">
                      <i class="fa fa-paperclip"></i>
                    </div>
                </div>
              </div>
              <div class="card-body mt-3 ">
                  <div class="step pass-bg">
                    <span>Given user in homepage</span>
      <div>
      </div>
                  </div>
                  <div class="step pass-bg">
                    <span>When user click Subscribe email text box</span>
      <div>
      </div>
                  </div>
                  <div class="step pass-bg">
                    <span>When user fills the details from given sheetname "Sheet1" and rownumber 0</span>
      <div>
      </div>
                  </div>
                  <div class="step pass-bg">
                    <span>And user clicks on subscribe button</span>
      <div>
      </div>
                  </div>
                  <div class="step fail-bg">
                    <span>Then it shows sucess message "Please fill out the fields"</span>
      <div>
        <textarea disabled class="code-block">org.openqa.selenium.NoSuchElementException: no such element: Unable to locate element: {"method":"xpath","selector":"//h4[@class='no-margin']"}
  (Session info: chrome=120.0.6099.225)
For documentation on this error, please visit: https://www.selenium.dev/documentation/webdriver/troubleshooting/errors#no-such-element-exception
Build info: version: '4.11.0', revision: '040bc5406b'
System info: os.name: 'Windows 11', os.arch: 'amd64', os.version: '10.0', java.version: '21.0.1'
Driver info: org.openqa.selenium.chrome.ChromeDriver
Command: [f8d7ea42611353c110d104ea14bbece9, findElement {using=xpath, value=//h4[@class='no-margin']}]
Capabilities {acceptInsecureCerts: false, browserName: chrome, browserVersion: 120.0.6099.225, chrome: {chromedriverVersion: 120.0.6099.109 (3419140ab66..., userDataDir: C:\Users\DELL\AppData\Local...}, fedcm:accounts: true, goog:chromeOptions: {debuggerAddress: localhost:6942}, networkConnectionEnabled: false, pageLoadStrategy: normal, platformName: windows, proxy: Proxy(), se:cdp: ws://localhost:6942/devtool..., se:cdpVersion: 120.0.6099.225, setWindowRect: true, strictFileInteractability: false, timeouts: {implicit: 0, pageLoad: 300000, script: 30000}, unhandledPromptBehavior: dismiss and notify, webauthn:extension:credBlob: true, webauthn:extension:largeBlob: true, webauthn:extension:minPinLength: true, webauthn:extension:prf: true, webauthn:virtualAuthenticators: true}
Session ID: f8d7ea42611353c110d104ea14bbece9
	at java.base/jdk.internal.reflect.DirectConstructorHandleAccessor.newInstance(DirectConstructorHandleAccessor.java:62)
	at java.base/java.lang.reflect.Constructor.newInstanceWithCaller(Constructor.java:502)
	at java.base/java.lang.reflect.Constructor.newInstance(Constructor.java:486)
	at org.openqa.selenium.remote.codec.w3c.W3CHttpResponseCodec.createException(W3CHttpResponseCodec.java:200)
	at org.openqa.selenium.remote.codec.w3c.W3CHttpResponseCodec.decode(W3CHttpResponseCodec.java:133)
	at org.openqa.selenium.remote.codec.w3c.W3CHttpResponseCodec.decode(W3CHttpResponseCodec.java:52)
	at org.openqa.selenium.remote.HttpCommandExecutor.execute(HttpCommandExecutor.java:191)
	at org.openqa.selenium.remote.service.DriverCommandExecutor.invokeExecute(DriverCommandExecutor.java:196)
	at org.openqa.selenium.remote.service.DriverCommandExecutor.execute(DriverCommandExecutor.java:171)
	at org.openqa.selenium.remote.RemoteWebDriver.execute(RemoteWebDriver.java:518)
	at org.openqa.selenium.remote.ElementLocation$ElementFinder$2.findElement(ElementLocation.java:165)
	at org.openqa.selenium.remote.ElementLocation.findElement(ElementLocation.java:59)
	at org.openqa.selenium.remote.RemoteWebDriver.findElement(RemoteWebDriver.java:355)
	at org.openqa.selenium.remote.RemoteWebDriver.findElement(RemoteWebDriver.java:349)
	at org.openqa.selenium.support.pagefactory.DefaultElementLocator.findElement(DefaultElementLocator.java:68)
	at org.openqa.selenium.support.pagefactory.internal.LocatingElementHandler.invoke(LocatingElementHandler.java:38)
	at jdk.proxy2/jdk.proxy2.$Proxy45.getText(Unknown Source)
	at com.app.pagefactory.SubscribePage.validate_Confirmation_Text(SubscribePage.java:54)
	at com.app.stepdefs.SubscribeSteps.it_shows_sucess_message(SubscribeSteps.java:67)
	at ✽.it shows sucess message "Please fill out the fields"(file:///C:/Users/DELL/Downloads/LOGIN_updated%20(1)/furniture-project/LoginFunctionality/src/test/java/features/HSubscribe.feature:10)
</textarea>
      
      </div>
                  </div>
                  <div class="step pass-bg">
                    <span>com.app.stepdefs.MyHooks.tearDown(io.cucumber.java.Scenario)</span>
      <div>Subscribe scenario with differe set of data
          <div class="row mb-3"><div class="col-md-3">
<img data-featherlight='../Screenshots/embedded27.png' src="../Screenshots/embedded27.png">
    
    </div></div>
</div>
      <div>
      </div>
                  </div>
              </div>
            </div>
            <div class="card-body l1">
              <div class="card-header">
                <div class="card-title outline-child">
                  <div class="node" id="363"><span class="badge log fail-bg mr-2">Fail</span>Subscribe scenario with differe set of data</div>
                    <div class="status-avatar float-right">
                      <i class="fa fa-paperclip"></i>
                    </div>
                </div>
              </div>
              <div class="card-body mt-3 ">
                  <div class="step pass-bg">
                    <span>Given user in homepage</span>
      <div>
      </div>
                  </div>
                  <div class="step pass-bg">
                    <span>When user click Subscribe email text box</span>
      <div>
      </div>
                  </div>
                  <div class="step pass-bg">
                    <span>When user fills the details from given sheetname "Sheet1" and rownumber 0</span>
      <div>
      </div>
                  </div>
                  <div class="step pass-bg">
                    <span>And user clicks on subscribe button</span>
      <div>
      </div>
                  </div>
                  <div class="step fail-bg">
                    <span>Then it shows sucess message "Please fill out the fields"</span>
      <div>
        <textarea disabled class="code-block">org.openqa.selenium.NoSuchElementException: no such element: Unable to locate element: {"method":"xpath","selector":"//h4[@class='no-margin']"}
  (Session info: chrome=120.0.6099.225)
For documentation on this error, please visit: https://www.selenium.dev/documentation/webdriver/troubleshooting/errors#no-such-element-exception
Build info: version: '4.11.0', revision: '040bc5406b'
System info: os.name: 'Windows 11', os.arch: 'amd64', os.version: '10.0', java.version: '21.0.1'
Driver info: org.openqa.selenium.chrome.ChromeDriver
Command: [a7f8375e17a12f7822830815fe1f2330, findElement {using=xpath, value=//h4[@class='no-margin']}]
Capabilities {acceptInsecureCerts: false, browserName: chrome, browserVersion: 120.0.6099.225, chrome: {chromedriverVersion: 120.0.6099.109 (3419140ab66..., userDataDir: C:\Users\DELL\AppData\Local...}, fedcm:accounts: true, goog:chromeOptions: {debuggerAddress: localhost:7055}, networkConnectionEnabled: false, pageLoadStrategy: normal, platformName: windows, proxy: Proxy(), se:cdp: ws://localhost:7055/devtool..., se:cdpVersion: 120.0.6099.225, setWindowRect: true, strictFileInteractability: false, timeouts: {implicit: 0, pageLoad: 300000, script: 30000}, unhandledPromptBehavior: dismiss and notify, webauthn:extension:credBlob: true, webauthn:extension:largeBlob: true, webauthn:extension:minPinLength: true, webauthn:extension:prf: true, webauthn:virtualAuthenticators: true}
Session ID: a7f8375e17a12f7822830815fe1f2330
	at java.base/jdk.internal.reflect.DirectConstructorHandleAccessor.newInstance(DirectConstructorHandleAccessor.java:62)
	at java.base/java.lang.reflect.Constructor.newInstanceWithCaller(Constructor.java:502)
	at java.base/java.lang.reflect.Constructor.newInstance(Constructor.java:486)
	at org.openqa.selenium.remote.codec.w3c.W3CHttpResponseCodec.createException(W3CHttpResponseCodec.java:200)
	at org.openqa.selenium.remote.codec.w3c.W3CHttpResponseCodec.decode(W3CHttpResponseCodec.java:133)
	at org.openqa.selenium.remote.codec.w3c.W3CHttpResponseCodec.decode(W3CHttpResponseCodec.java:52)
	at org.openqa.selenium.remote.HttpCommandExecutor.execute(HttpCommandExecutor.java:191)
	at org.openqa.selenium.remote.service.DriverCommandExecutor.invokeExecute(DriverCommandExecutor.java:196)
	at org.openqa.selenium.remote.service.DriverCommandExecutor.execute(DriverCommandExecutor.java:171)
	at org.openqa.selenium.remote.RemoteWebDriver.execute(RemoteWebDriver.java:518)
	at org.openqa.selenium.remote.ElementLocation$ElementFinder$2.findElement(ElementLocation.java:165)
	at org.openqa.selenium.remote.ElementLocation.findElement(ElementLocation.java:59)
	at org.openqa.selenium.remote.RemoteWebDriver.findElement(RemoteWebDriver.java:355)
	at org.openqa.selenium.remote.RemoteWebDriver.findElement(RemoteWebDriver.java:349)
	at org.openqa.selenium.support.pagefactory.DefaultElementLocator.findElement(DefaultElementLocator.java:68)
	at org.openqa.selenium.support.pagefactory.internal.LocatingElementHandler.invoke(LocatingElementHandler.java:38)
	at jdk.proxy2/jdk.proxy2.$Proxy45.getText(Unknown Source)
	at com.app.pagefactory.SubscribePage.validate_Confirmation_Text(SubscribePage.java:54)
	at com.app.stepdefs.SubscribeSteps.it_shows_sucess_message(SubscribeSteps.java:67)
	at ✽.it shows sucess message "Please fill out the fields"(file:///C:/Users/DELL/Downloads/LOGIN_updated%20(1)/furniture-project/LoginFunctionality/src/test/java/features/HSubscribe.feature:10)
</textarea>
      
      </div>
                  </div>
                  <div class="step pass-bg">
                    <span>com.app.stepdefs.MyHooks.tearDown(io.cucumber.java.Scenario)</span>
      <div>Subscribe scenario with differe set of data
          <div class="row mb-3"><div class="col-md-3">
<img data-featherlight='../Screenshots/embedded28.png' src="../Screenshots/embedded28.png">
    
    </div></div>
</div>
      <div>
      </div>
                  </div>
              </div>
            </div>
            <div class="card-body l1">
              <div class="card-header">
                <div class="card-title outline-child">
                  <div class="node" id="371"><span class="badge log fail-bg mr-2">Fail</span>Subscribe scenario with differe set of data</div>
                    <div class="status-avatar float-right">
                      <i class="fa fa-paperclip"></i>
                    </div>
                </div>
              </div>
              <div class="card-body mt-3 ">
                  <div class="step pass-bg">
                    <span>Given user in homepage</span>
      <div>
      </div>
                  </div>
                  <div class="step pass-bg">
                    <span>When user click Subscribe email text box</span>
      <div>
      </div>
                  </div>
                  <div class="step pass-bg">
                    <span>When user fills the details from given sheetname "Sheet1" and rownumber 1</span>
      <div>
      </div>
                  </div>
                  <div class="step pass-bg">
                    <span>And user clicks on subscribe button</span>
      <div>
      </div>
                  </div>
                  <div class="step fail-bg">
                    <span>Then it shows sucess message "Please fill out the fields"</span>
      <div>
        <textarea disabled class="code-block">org.openqa.selenium.NoSuchElementException: no such element: Unable to locate element: {"method":"xpath","selector":"//h4[@class='no-margin']"}
  (Session info: chrome=120.0.6099.225)
For documentation on this error, please visit: https://www.selenium.dev/documentation/webdriver/troubleshooting/errors#no-such-element-exception
Build info: version: '4.11.0', revision: '040bc5406b'
System info: os.name: 'Windows 11', os.arch: 'amd64', os.version: '10.0', java.version: '21.0.1'
Driver info: org.openqa.selenium.chrome.ChromeDriver
Command: [77707fd85f67a808d7cc40b942a5fa0b, findElement {using=xpath, value=//h4[@class='no-margin']}]
Capabilities {acceptInsecureCerts: false, browserName: chrome, browserVersion: 120.0.6099.225, chrome: {chromedriverVersion: 120.0.6099.109 (3419140ab66..., userDataDir: C:\Users\DELL\AppData\Local...}, fedcm:accounts: true, goog:chromeOptions: {debuggerAddress: localhost:7172}, networkConnectionEnabled: false, pageLoadStrategy: normal, platformName: windows, proxy: Proxy(), se:cdp: ws://localhost:7172/devtool..., se:cdpVersion: 120.0.6099.225, setWindowRect: true, strictFileInteractability: false, timeouts: {implicit: 0, pageLoad: 300000, script: 30000}, unhandledPromptBehavior: dismiss and notify, webauthn:extension:credBlob: true, webauthn:extension:largeBlob: true, webauthn:extension:minPinLength: true, webauthn:extension:prf: true, webauthn:virtualAuthenticators: true}
Session ID: 77707fd85f67a808d7cc40b942a5fa0b
	at java.base/jdk.internal.reflect.DirectConstructorHandleAccessor.newInstance(DirectConstructorHandleAccessor.java:62)
	at java.base/java.lang.reflect.Constructor.newInstanceWithCaller(Constructor.java:502)
	at java.base/java.lang.reflect.Constructor.newInstance(Constructor.java:486)
	at org.openqa.selenium.remote.codec.w3c.W3CHttpResponseCodec.createException(W3CHttpResponseCodec.java:200)
	at org.openqa.selenium.remote.codec.w3c.W3CHttpResponseCodec.decode(W3CHttpResponseCodec.java:133)
	at org.openqa.selenium.remote.codec.w3c.W3CHttpResponseCodec.decode(W3CHttpResponseCodec.java:52)
	at org.openqa.selenium.remote.HttpCommandExecutor.execute(HttpCommandExecutor.java:191)
	at org.openqa.selenium.remote.service.DriverCommandExecutor.invokeExecute(DriverCommandExecutor.java:196)
	at org.openqa.selenium.remote.service.DriverCommandExecutor.execute(DriverCommandExecutor.java:171)
	at org.openqa.selenium.remote.RemoteWebDriver.execute(RemoteWebDriver.java:518)
	at org.openqa.selenium.remote.ElementLocation$ElementFinder$2.findElement(ElementLocation.java:165)
	at org.openqa.selenium.remote.ElementLocation.findElement(ElementLocation.java:59)
	at org.openqa.selenium.remote.RemoteWebDriver.findElement(RemoteWebDriver.java:355)
	at org.openqa.selenium.remote.RemoteWebDriver.findElement(RemoteWebDriver.java:349)
	at org.openqa.selenium.support.pagefactory.DefaultElementLocator.findElement(DefaultElementLocator.java:68)
	at org.openqa.selenium.support.pagefactory.internal.LocatingElementHandler.invoke(LocatingElementHandler.java:38)
	at jdk.proxy2/jdk.proxy2.$Proxy45.getText(Unknown Source)
	at com.app.pagefactory.SubscribePage.validate_Confirmation_Text(SubscribePage.java:54)
	at com.app.stepdefs.SubscribeSteps.it_shows_sucess_message(SubscribeSteps.java:67)
	at ✽.it shows sucess message "Please fill out the fields"(file:///C:/Users/DELL/Downloads/LOGIN_updated%20(1)/furniture-project/LoginFunctionality/src/test/java/features/HSubscribe.feature:10)
</textarea>
      
      </div>
                  </div>
                  <div class="step pass-bg">
                    <span>com.app.stepdefs.MyHooks.tearDown(io.cucumber.java.Scenario)</span>
      <div>Subscribe scenario with differe set of data
          <div class="row mb-3"><div class="col-md-3">
<img data-featherlight='../Screenshots/embedded29.png' src="../Screenshots/embedded29.png">
    
    </div></div>
</div>
      <div>
      </div>
                  </div>
              </div>
            </div>
            <div class="card-body l1">
              <div class="card-header">
                <div class="card-title outline-child">
                  <div class="node" id="379"><span class="badge log fail-bg mr-2">Fail</span>Subscribe scenario with differe set of data</div>
                    <div class="status-avatar float-right">
                      <i class="fa fa-paperclip"></i>
                    </div>
                </div>
              </div>
              <div class="card-body mt-3 ">
                  <div class="step pass-bg">
                    <span>Given user in homepage</span>
      <div>
      </div>
                  </div>
                  <div class="step pass-bg">
                    <span>When user click Subscribe email text box</span>
      <div>
      </div>
                  </div>
                  <div class="step pass-bg">
                    <span>When user fills the details from given sheetname "Sheet1" and rownumber 1</span>
      <div>
      </div>
                  </div>
                  <div class="step pass-bg">
                    <span>And user clicks on subscribe button</span>
      <div>
      </div>
                  </div>
                  <div class="step fail-bg">
                    <span>Then it shows sucess message "Please fill out the fields"</span>
      <div>
        <textarea disabled class="code-block">org.openqa.selenium.NoSuchElementException: no such element: Unable to locate element: {"method":"xpath","selector":"//h4[@class='no-margin']"}
  (Session info: chrome=120.0.6099.225)
For documentation on this error, please visit: https://www.selenium.dev/documentation/webdriver/troubleshooting/errors#no-such-element-exception
Build info: version: '4.11.0', revision: '040bc5406b'
System info: os.name: 'Windows 11', os.arch: 'amd64', os.version: '10.0', java.version: '21.0.1'
Driver info: org.openqa.selenium.chrome.ChromeDriver
Command: [0e58c037b931d09c5dc9f657e62a4fd6, findElement {using=xpath, value=//h4[@class='no-margin']}]
Capabilities {acceptInsecureCerts: false, browserName: chrome, browserVersion: 120.0.6099.225, chrome: {chromedriverVersion: 120.0.6099.109 (3419140ab66..., userDataDir: C:\Users\DELL\AppData\Local...}, fedcm:accounts: true, goog:chromeOptions: {debuggerAddress: localhost:7291}, networkConnectionEnabled: false, pageLoadStrategy: normal, platformName: windows, proxy: Proxy(), se:cdp: ws://localhost:7291/devtool..., se:cdpVersion: 120.0.6099.225, setWindowRect: true, strictFileInteractability: false, timeouts: {implicit: 0, pageLoad: 300000, script: 30000}, unhandledPromptBehavior: dismiss and notify, webauthn:extension:credBlob: true, webauthn:extension:largeBlob: true, webauthn:extension:minPinLength: true, webauthn:extension:prf: true, webauthn:virtualAuthenticators: true}
Session ID: 0e58c037b931d09c5dc9f657e62a4fd6
	at java.base/jdk.internal.reflect.DirectConstructorHandleAccessor.newInstance(DirectConstructorHandleAccessor.java:62)
	at java.base/java.lang.reflect.Constructor.newInstanceWithCaller(Constructor.java:502)
	at java.base/java.lang.reflect.Constructor.newInstance(Constructor.java:486)
	at org.openqa.selenium.remote.codec.w3c.W3CHttpResponseCodec.createException(W3CHttpResponseCodec.java:200)
	at org.openqa.selenium.remote.codec.w3c.W3CHttpResponseCodec.decode(W3CHttpResponseCodec.java:133)
	at org.openqa.selenium.remote.codec.w3c.W3CHttpResponseCodec.decode(W3CHttpResponseCodec.java:52)
	at org.openqa.selenium.remote.HttpCommandExecutor.execute(HttpCommandExecutor.java:191)
	at org.openqa.selenium.remote.service.DriverCommandExecutor.invokeExecute(DriverCommandExecutor.java:196)
	at org.openqa.selenium.remote.service.DriverCommandExecutor.execute(DriverCommandExecutor.java:171)
	at org.openqa.selenium.remote.RemoteWebDriver.execute(RemoteWebDriver.java:518)
	at org.openqa.selenium.remote.ElementLocation$ElementFinder$2.findElement(ElementLocation.java:165)
	at org.openqa.selenium.remote.ElementLocation.findElement(ElementLocation.java:59)
	at org.openqa.selenium.remote.RemoteWebDriver.findElement(RemoteWebDriver.java:355)
	at org.openqa.selenium.remote.RemoteWebDriver.findElement(RemoteWebDriver.java:349)
	at org.openqa.selenium.support.pagefactory.DefaultElementLocator.findElement(DefaultElementLocator.java:68)
	at org.openqa.selenium.support.pagefactory.internal.LocatingElementHandler.invoke(LocatingElementHandler.java:38)
	at jdk.proxy2/jdk.proxy2.$Proxy45.getText(Unknown Source)
	at com.app.pagefactory.SubscribePage.validate_Confirmation_Text(SubscribePage.java:54)
	at com.app.stepdefs.SubscribeSteps.it_shows_sucess_message(SubscribeSteps.java:67)
	at ✽.it shows sucess message "Please fill out the fields"(file:///C:/Users/DELL/Downloads/LOGIN_updated%20(1)/furniture-project/LoginFunctionality/src/test/java/features/HSubscribe.feature:10)
</textarea>
      
      </div>
                  </div>
                  <div class="step pass-bg">
                    <span>com.app.stepdefs.MyHooks.tearDown(io.cucumber.java.Scenario)</span>
      <div>Subscribe scenario with differe set of data
          <div class="row mb-3"><div class="col-md-3">
<img data-featherlight='../Screenshots/embedded30.png' src="../Screenshots/embedded30.png">
    
    </div></div>
</div>
      <div>
      </div>
                  </div>
              </div>
            </div>
            <div class="card-body l1">
              <div class="card-header">
                <div class="card-title outline-child">
                  <div class="node" id="387"><span class="badge log fail-bg mr-2">Fail</span>Subscribe scenario with differe set of data</div>
                    <div class="status-avatar float-right">
                      <i class="fa fa-paperclip"></i>
                    </div>
                </div>
              </div>
              <div class="card-body mt-3 ">
                  <div class="step pass-bg">
                    <span>Given user in homepage</span>
      <div>
      </div>
                  </div>
                  <div class="step pass-bg">
                    <span>When user click Subscribe email text box</span>
      <div>
      </div>
                  </div>
                  <div class="step pass-bg">
                    <span>When user fills the details from given sheetname "Sheet1" and rownumber 2</span>
      <div>
      </div>
                  </div>
                  <div class="step pass-bg">
                    <span>And user clicks on subscribe button</span>
      <div>
      </div>
                  </div>
                  <div class="step fail-bg">
                    <span>Then it shows sucess message "Please fill out the fields"</span>
      <div>
        <textarea disabled class="code-block">org.openqa.selenium.NoSuchElementException: no such element: Unable to locate element: {"method":"xpath","selector":"//h4[@class='no-margin']"}
  (Session info: chrome=120.0.6099.225)
For documentation on this error, please visit: https://www.selenium.dev/documentation/webdriver/troubleshooting/errors#no-such-element-exception
Build info: version: '4.11.0', revision: '040bc5406b'
System info: os.name: 'Windows 11', os.arch: 'amd64', os.version: '10.0', java.version: '21.0.1'
Driver info: org.openqa.selenium.chrome.ChromeDriver
Command: [e9665fb98e787c8cee802f207f921356, findElement {using=xpath, value=//h4[@class='no-margin']}]
Capabilities {acceptInsecureCerts: false, browserName: chrome, browserVersion: 120.0.6099.225, chrome: {chromedriverVersion: 120.0.6099.109 (3419140ab66..., userDataDir: C:\Users\DELL\AppData\Local...}, fedcm:accounts: true, goog:chromeOptions: {debuggerAddress: localhost:7405}, networkConnectionEnabled: false, pageLoadStrategy: normal, platformName: windows, proxy: Proxy(), se:cdp: ws://localhost:7405/devtool..., se:cdpVersion: 120.0.6099.225, setWindowRect: true, strictFileInteractability: false, timeouts: {implicit: 0, pageLoad: 300000, script: 30000}, unhandledPromptBehavior: dismiss and notify, webauthn:extension:credBlob: true, webauthn:extension:largeBlob: true, webauthn:extension:minPinLength: true, webauthn:extension:prf: true, webauthn:virtualAuthenticators: true}
Session ID: e9665fb98e787c8cee802f207f921356
	at java.base/jdk.internal.reflect.DirectConstructorHandleAccessor.newInstance(DirectConstructorHandleAccessor.java:62)
	at java.base/java.lang.reflect.Constructor.newInstanceWithCaller(Constructor.java:502)
	at java.base/java.lang.reflect.Constructor.newInstance(Constructor.java:486)
	at org.openqa.selenium.remote.codec.w3c.W3CHttpResponseCodec.createException(W3CHttpResponseCodec.java:200)
	at org.openqa.selenium.remote.codec.w3c.W3CHttpResponseCodec.decode(W3CHttpResponseCodec.java:133)
	at org.openqa.selenium.remote.codec.w3c.W3CHttpResponseCodec.decode(W3CHttpResponseCodec.java:52)
	at org.openqa.selenium.remote.HttpCommandExecutor.execute(HttpCommandExecutor.java:191)
	at org.openqa.selenium.remote.service.DriverCommandExecutor.invokeExecute(DriverCommandExecutor.java:196)
	at org.openqa.selenium.remote.service.DriverCommandExecutor.execute(DriverCommandExecutor.java:171)
	at org.openqa.selenium.remote.RemoteWebDriver.execute(RemoteWebDriver.java:518)
	at org.openqa.selenium.remote.ElementLocation$ElementFinder$2.findElement(ElementLocation.java:165)
	at org.openqa.selenium.remote.ElementLocation.findElement(ElementLocation.java:59)
	at org.openqa.selenium.remote.RemoteWebDriver.findElement(RemoteWebDriver.java:355)
	at org.openqa.selenium.remote.RemoteWebDriver.findElement(RemoteWebDriver.java:349)
	at org.openqa.selenium.support.pagefactory.DefaultElementLocator.findElement(DefaultElementLocator.java:68)
	at org.openqa.selenium.support.pagefactory.internal.LocatingElementHandler.invoke(LocatingElementHandler.java:38)
	at jdk.proxy2/jdk.proxy2.$Proxy45.getText(Unknown Source)
	at com.app.pagefactory.SubscribePage.validate_Confirmation_Text(SubscribePage.java:54)
	at com.app.stepdefs.SubscribeSteps.it_shows_sucess_message(SubscribeSteps.java:67)
	at ✽.it shows sucess message "Please fill out the fields"(file:///C:/Users/DELL/Downloads/LOGIN_updated%20(1)/furniture-project/LoginFunctionality/src/test/java/features/HSubscribe.feature:10)
</textarea>
      
      </div>
                  </div>
                  <div class="step pass-bg">
                    <span>com.app.stepdefs.MyHooks.tearDown(io.cucumber.java.Scenario)</span>
      <div>Subscribe scenario with differe set of data
          <div class="row mb-3"><div class="col-md-3">
<img data-featherlight='../Screenshots/embedded31.png' src="../Screenshots/embedded31.png">
    
    </div></div>
</div>
      <div>
      </div>
                  </div>
              </div>
            </div>
            <div class="card-body l1">
              <div class="card-header">
                <div class="card-title outline-child">
                  <div class="node" id="395"><span class="badge log fail-bg mr-2">Fail</span>Subscribe scenario with differe set of data</div>
                    <div class="status-avatar float-right">
                      <i class="fa fa-paperclip"></i>
                    </div>
                </div>
              </div>
              <div class="card-body mt-3 ">
                  <div class="step pass-bg">
                    <span>Given user in homepage</span>
      <div>
      </div>
                  </div>
                  <div class="step pass-bg">
                    <span>When user click Subscribe email text box</span>
      <div>
      </div>
                  </div>
                  <div class="step pass-bg">
                    <span>When user fills the details from given sheetname "Sheet1" and rownumber 2</span>
      <div>
      </div>
                  </div>
                  <div class="step pass-bg">
                    <span>And user clicks on subscribe button</span>
      <div>
      </div>
                  </div>
                  <div class="step fail-bg">
                    <span>Then it shows sucess message "Please fill out the fields"</span>
      <div>
        <textarea disabled class="code-block">org.openqa.selenium.NoSuchElementException: no such element: Unable to locate element: {"method":"xpath","selector":"//h4[@class='no-margin']"}
  (Session info: chrome=120.0.6099.225)
For documentation on this error, please visit: https://www.selenium.dev/documentation/webdriver/troubleshooting/errors#no-such-element-exception
Build info: version: '4.11.0', revision: '040bc5406b'
System info: os.name: 'Windows 11', os.arch: 'amd64', os.version: '10.0', java.version: '21.0.1'
Driver info: org.openqa.selenium.chrome.ChromeDriver
Command: [03b4dfe70f99f7ab709b91341dcc2a5b, findElement {using=xpath, value=//h4[@class='no-margin']}]
Capabilities {acceptInsecureCerts: false, browserName: chrome, browserVersion: 120.0.6099.225, chrome: {chromedriverVersion: 120.0.6099.109 (3419140ab66..., userDataDir: C:\Users\DELL\AppData\Local...}, fedcm:accounts: true, goog:chromeOptions: {debuggerAddress: localhost:7517}, networkConnectionEnabled: false, pageLoadStrategy: normal, platformName: windows, proxy: Proxy(), se:cdp: ws://localhost:7517/devtool..., se:cdpVersion: 120.0.6099.225, setWindowRect: true, strictFileInteractability: false, timeouts: {implicit: 0, pageLoad: 300000, script: 30000}, unhandledPromptBehavior: dismiss and notify, webauthn:extension:credBlob: true, webauthn:extension:largeBlob: true, webauthn:extension:minPinLength: true, webauthn:extension:prf: true, webauthn:virtualAuthenticators: true}
Session ID: 03b4dfe70f99f7ab709b91341dcc2a5b
	at java.base/jdk.internal.reflect.DirectConstructorHandleAccessor.newInstance(DirectConstructorHandleAccessor.java:62)
	at java.base/java.lang.reflect.Constructor.newInstanceWithCaller(Constructor.java:502)
	at java.base/java.lang.reflect.Constructor.newInstance(Constructor.java:486)
	at org.openqa.selenium.remote.codec.w3c.W3CHttpResponseCodec.createException(W3CHttpResponseCodec.java:200)
	at org.openqa.selenium.remote.codec.w3c.W3CHttpResponseCodec.decode(W3CHttpResponseCodec.java:133)
	at org.openqa.selenium.remote.codec.w3c.W3CHttpResponseCodec.decode(W3CHttpResponseCodec.java:52)
	at org.openqa.selenium.remote.HttpCommandExecutor.execute(HttpCommandExecutor.java:191)
	at org.openqa.selenium.remote.service.DriverCommandExecutor.invokeExecute(DriverCommandExecutor.java:196)
	at org.openqa.selenium.remote.service.DriverCommandExecutor.execute(DriverCommandExecutor.java:171)
	at org.openqa.selenium.remote.RemoteWebDriver.execute(RemoteWebDriver.java:518)
	at org.openqa.selenium.remote.ElementLocation$ElementFinder$2.findElement(ElementLocation.java:165)
	at org.openqa.selenium.remote.ElementLocation.findElement(ElementLocation.java:59)
	at org.openqa.selenium.remote.RemoteWebDriver.findElement(RemoteWebDriver.java:355)
	at org.openqa.selenium.remote.RemoteWebDriver.findElement(RemoteWebDriver.java:349)
	at org.openqa.selenium.support.pagefactory.DefaultElementLocator.findElement(DefaultElementLocator.java:68)
	at org.openqa.selenium.support.pagefactory.internal.LocatingElementHandler.invoke(LocatingElementHandler.java:38)
	at jdk.proxy2/jdk.proxy2.$Proxy45.getText(Unknown Source)
	at com.app.pagefactory.SubscribePage.validate_Confirmation_Text(SubscribePage.java:54)
	at com.app.stepdefs.SubscribeSteps.it_shows_sucess_message(SubscribeSteps.java:67)
	at ✽.it shows sucess message "Please fill out the fields"(file:///C:/Users/DELL/Downloads/LOGIN_updated%20(1)/furniture-project/LoginFunctionality/src/test/java/features/HSubscribe.feature:10)
</textarea>
      
      </div>
                  </div>
                  <div class="step pass-bg">
                    <span>com.app.stepdefs.MyHooks.tearDown(io.cucumber.java.Scenario)</span>
      <div>Subscribe scenario with differe set of data
          <div class="row mb-3"><div class="col-md-3">
<img data-featherlight='../Screenshots/embedded32.png' src="../Screenshots/embedded32.png">
    
    </div></div>
</div>
      <div>
      </div>
                  </div>
              </div>
            </div>
            <div class="card-body l1">
              <div class="card-header">
                <div class="card-title outline-child">
                  <div class="node" id="403"><span class="badge log fail-bg mr-2">Fail</span>Subscribe scenario with differe set of data</div>
                </div>
              </div>
              <div class="card-body mt-3 ">
                  <div class="step pass-bg">
                    <span>Given user in homepage</span>
      <div>
      </div>
                  </div>
                  <div class="step pass-bg">
                    <span>When user click Subscribe email text box</span>
      <div>
      </div>
                  </div>
                  <div class="step pass-bg">
                    <span>When user fills the details from given sheetname "Sheet1" and rownumber 3</span>
      <div>
      </div>
                  </div>
                  <div class="step pass-bg">
                    <span>And user clicks on subscribe button</span>
      <div>
      </div>
                  </div>
                  <div class="step fail-bg">
                    <span>Then it shows sucess message "Thank you for signing up!"</span>
      <div>
        <textarea disabled class="code-block">org.openqa.selenium.NoSuchElementException: Unable to find element with locator By.xpath: //h4[@class='no-margin']
For documentation on this error, please visit: https://www.selenium.dev/documentation/webdriver/troubleshooting/errors#no-such-element-exception
Build info: version: '4.11.0', revision: '040bc5406b'
System info: os.name: 'Windows 11', os.arch: 'amd64', os.version: '10.0', java.version: '21.0.1'
Driver info: driver.version: RemoteWebDriver
	at org.openqa.selenium.remote.ElementLocation$ElementFinder$2.findElement(ElementLocation.java:168)
	at org.openqa.selenium.remote.ElementLocation.findElement(ElementLocation.java:59)
	at org.openqa.selenium.remote.RemoteWebDriver.findElement(RemoteWebDriver.java:355)
	at org.openqa.selenium.remote.RemoteWebDriver.findElement(RemoteWebDriver.java:349)
	at org.openqa.selenium.support.pagefactory.DefaultElementLocator.findElement(DefaultElementLocator.java:68)
	at org.openqa.selenium.support.pagefactory.internal.LocatingElementHandler.invoke(LocatingElementHandler.java:38)
	at jdk.proxy2/jdk.proxy2.$Proxy45.getText(Unknown Source)
	at com.app.pagefactory.SubscribePage.validate_Confirmation_Text(SubscribePage.java:54)
	at com.app.stepdefs.SubscribeSteps.it_shows_sucess_message(SubscribeSteps.java:67)
	at ✽.it shows sucess message "Thank you for signing up!"(file:///C:/Users/DELL/Downloads/LOGIN_updated%20(1)/furniture-project/LoginFunctionality/src/test/java/features/HSubscribe.feature:10)
</textarea>
      
      </div>
                  </div>
                  <div class="step fail-bg">
                    <span>com.app.stepdefs.MyHooks.tearDown(io.cucumber.java.Scenario)</span>
      <div>
        <textarea disabled class="code-block">org.openqa.selenium.NoSuchWindowException: no such window: target window already closed
from unknown error: web view not found
  (Session info: chrome=120.0.6099.225)
Build info: version: '4.11.0', revision: '040bc5406b'
System info: os.name: 'Windows 11', os.arch: 'amd64', os.version: '10.0', java.version: '21.0.1'
Driver info: org.openqa.selenium.chrome.ChromeDriver
Command: [bb0ee3a526699036160eac38d115faf7, screenshot {}]
Capabilities {acceptInsecureCerts: false, browserName: chrome, browserVersion: 120.0.6099.225, chrome: {chromedriverVersion: 120.0.6099.109 (3419140ab66..., userDataDir: C:\Users\DELL\AppData\Local...}, fedcm:accounts: true, goog:chromeOptions: {debuggerAddress: localhost:7626}, networkConnectionEnabled: false, pageLoadStrategy: normal, platformName: windows, proxy: Proxy(), se:cdp: ws://localhost:7626/devtool..., se:cdpVersion: 120.0.6099.225, setWindowRect: true, strictFileInteractability: false, timeouts: {implicit: 0, pageLoad: 300000, script: 30000}, unhandledPromptBehavior: dismiss and notify, webauthn:extension:credBlob: true, webauthn:extension:largeBlob: true, webauthn:extension:minPinLength: true, webauthn:extension:prf: true, webauthn:virtualAuthenticators: true}
Session ID: bb0ee3a526699036160eac38d115faf7
	at java.base/jdk.internal.reflect.DirectConstructorHandleAccessor.newInstance(DirectConstructorHandleAccessor.java:62)
	at java.base/java.lang.reflect.Constructor.newInstanceWithCaller(Constructor.java:502)
	at java.base/java.lang.reflect.Constructor.newInstance(Constructor.java:486)
	at org.openqa.selenium.remote.codec.w3c.W3CHttpResponseCodec.createException(W3CHttpResponseCodec.java:200)
	at org.openqa.selenium.remote.codec.w3c.W3CHttpResponseCodec.decode(W3CHttpResponseCodec.java:133)
	at org.openqa.selenium.remote.codec.w3c.W3CHttpResponseCodec.decode(W3CHttpResponseCodec.java:52)
	at org.openqa.selenium.remote.HttpCommandExecutor.execute(HttpCommandExecutor.java:191)
	at org.openqa.selenium.remote.service.DriverCommandExecutor.invokeExecute(DriverCommandExecutor.java:196)
	at org.openqa.selenium.remote.service.DriverCommandExecutor.execute(DriverCommandExecutor.java:171)
	at org.openqa.selenium.remote.RemoteWebDriver.execute(RemoteWebDriver.java:518)
	at org.openqa.selenium.remote.RemoteWebDriver.execute(RemoteWebDriver.java:591)
	at org.openqa.selenium.remote.RemoteWebDriver.execute(RemoteWebDriver.java:595)
	at org.openqa.selenium.remote.RemoteWebDriver.getScreenshotAs(RemoteWebDriver.java:321)
	at com.app.stepdefs.MyHooks.tearDown(MyHooks.java:36)
</textarea>
      
      </div>
                  </div>
              </div>
            </div>
            <div class="card-body l1">
              <div class="card-header">
                <div class="card-title outline-child">
                  <div class="node" id="411"><span class="badge log fail-bg mr-2">Fail</span>Subscribe scenario with differe set of data</div>
                    <div class="status-avatar float-right">
                      <i class="fa fa-paperclip"></i>
                    </div>
                </div>
              </div>
              <div class="card-body mt-3 ">
                  <div class="step pass-bg">
                    <span>Given user in homepage</span>
      <div>
      </div>
                  </div>
                  <div class="step pass-bg">
                    <span>When user click Subscribe email text box</span>
      <div>
      </div>
                  </div>
                  <div class="step pass-bg">
                    <span>When user fills the details from given sheetname "Sheet1" and rownumber 3</span>
      <div>
      </div>
                  </div>
                  <div class="step pass-bg">
                    <span>And user clicks on subscribe button</span>
      <div>
      </div>
                  </div>
                  <div class="step fail-bg">
                    <span>Then it shows sucess message "Thank you for signing up!"</span>
      <div>
        <textarea disabled class="code-block">org.openqa.selenium.NoSuchElementException: no such element: Unable to locate element: {"method":"xpath","selector":"//h4[@class='no-margin']"}
  (Session info: chrome=120.0.6099.225)
For documentation on this error, please visit: https://www.selenium.dev/documentation/webdriver/troubleshooting/errors#no-such-element-exception
Build info: version: '4.11.0', revision: '040bc5406b'
System info: os.name: 'Windows 11', os.arch: 'amd64', os.version: '10.0', java.version: '21.0.1'
Driver info: org.openqa.selenium.chrome.ChromeDriver
Command: [e91cea3478419b01f858741eb8198222, findElement {using=xpath, value=//h4[@class='no-margin']}]
Capabilities {acceptInsecureCerts: false, browserName: chrome, browserVersion: 120.0.6099.225, chrome: {chromedriverVersion: 120.0.6099.109 (3419140ab66..., userDataDir: C:\Users\DELL\AppData\Local...}, fedcm:accounts: true, goog:chromeOptions: {debuggerAddress: localhost:7753}, networkConnectionEnabled: false, pageLoadStrategy: normal, platformName: windows, proxy: Proxy(), se:cdp: ws://localhost:7753/devtool..., se:cdpVersion: 120.0.6099.225, setWindowRect: true, strictFileInteractability: false, timeouts: {implicit: 0, pageLoad: 300000, script: 30000}, unhandledPromptBehavior: dismiss and notify, webauthn:extension:credBlob: true, webauthn:extension:largeBlob: true, webauthn:extension:minPinLength: true, webauthn:extension:prf: true, webauthn:virtualAuthenticators: true}
Session ID: e91cea3478419b01f858741eb8198222
	at java.base/jdk.internal.reflect.DirectConstructorHandleAccessor.newInstance(DirectConstructorHandleAccessor.java:62)
	at java.base/java.lang.reflect.Constructor.newInstanceWithCaller(Constructor.java:502)
	at java.base/java.lang.reflect.Constructor.newInstance(Constructor.java:486)
	at org.openqa.selenium.remote.codec.w3c.W3CHttpResponseCodec.createException(W3CHttpResponseCodec.java:200)
	at org.openqa.selenium.remote.codec.w3c.W3CHttpResponseCodec.decode(W3CHttpResponseCodec.java:133)
	at org.openqa.selenium.remote.codec.w3c.W3CHttpResponseCodec.decode(W3CHttpResponseCodec.java:52)
	at org.openqa.selenium.remote.HttpCommandExecutor.execute(HttpCommandExecutor.java:191)
	at org.openqa.selenium.remote.service.DriverCommandExecutor.invokeExecute(DriverCommandExecutor.java:196)
	at org.openqa.selenium.remote.service.DriverCommandExecutor.execute(DriverCommandExecutor.java:171)
	at org.openqa.selenium.remote.RemoteWebDriver.execute(RemoteWebDriver.java:518)
	at org.openqa.selenium.remote.ElementLocation$ElementFinder$2.findElement(ElementLocation.java:165)
	at org.openqa.selenium.remote.ElementLocation.findElement(ElementLocation.java:59)
	at org.openqa.selenium.remote.RemoteWebDriver.findElement(RemoteWebDriver.java:355)
	at org.openqa.selenium.remote.RemoteWebDriver.findElement(RemoteWebDriver.java:349)
	at org.openqa.selenium.support.pagefactory.DefaultElementLocator.findElement(DefaultElementLocator.java:68)
	at org.openqa.selenium.support.pagefactory.internal.LocatingElementHandler.invoke(LocatingElementHandler.java:38)
	at jdk.proxy2/jdk.proxy2.$Proxy45.getText(Unknown Source)
	at com.app.pagefactory.SubscribePage.validate_Confirmation_Text(SubscribePage.java:54)
	at com.app.stepdefs.SubscribeSteps.it_shows_sucess_message(SubscribeSteps.java:67)
	at ✽.it shows sucess message "Thank you for signing up!"(file:///C:/Users/DELL/Downloads/LOGIN_updated%20(1)/furniture-project/LoginFunctionality/src/test/java/features/HSubscribe.feature:10)
</textarea>
      
      </div>
                  </div>
                  <div class="step pass-bg">
                    <span>com.app.stepdefs.MyHooks.tearDown(io.cucumber.java.Scenario)</span>
      <div>Subscribe scenario with differe set of data
          <div class="row mb-3"><div class="col-md-3">
<img data-featherlight='../Screenshots/embedded33.png' src="../Screenshots/embedded33.png">
    
    </div></div>
</div>
      <div>
      </div>
                  </div>
              </div>
            </div>
        </div>
  </div>
</div>
          </div>
        </li>
      </ul>
    </div>
  </div>
<div class="test-content scrollable">
<div class="test-content-tools">
<ul><li><a class="back-to-test" href="#"><i class="fa fa-arrow-left"></i></a></li></ul>
</div>
<div class="test-content-detail"><div class="detail-body"></div></div>
</div></div>
<div class="test-wrapper row view exception-view attributes-view">
<div class="test-list">
<div class="test-list-tools">
<ul class="tools pull-left"><li><a href=""><span class="font-size-14">Exception</span></a></li></ul>
<ul class="tools text-right"><li><a href="#"><span class="badge badge-primary">4</span></a></li></ul>
</div>
<div class="test-list-wrapper scrollable">
<ul class="test-list-item">
<li class="test-item">
<div class="test-detail">
<span class="meta">
<span class='badge log badge-danger'>17</span>
</span>
<p class="name">java.lang.AssertionError</p>
<p class="duration text-sm">17 tests</p>
</div>
<div class="test-contents d-none">
<div class="info">
<h4>java.lang.AssertionError</h4>
<span status="fail" class='badge log badge-danger'>17 failed</span>
</div>
<table class='table table-sm mt-4'>
<thead>
<tr>
<th class="status-col">Status</th>
<th class="timestamp-col">Timestamp</th>
<th>TestName</th>
</tr>
</thead>
<tbody>
<tr class="tag-test-status" status="fail">
<td><span class="badge log fail-bg">Fail</span></td>
<td>10:21:39 am</td>
<td>
<a href="#" class="linked" test-id='1' id='11'>Then the user should see the status as 'Password is too short (minimum is 5 characters)'</a>
<div class="">
<span class="badge badge-default">SignUp fuctionality.To test the SigUp functionality of Chiltern Oak page.Then the user should see the status as 'Password is too short (minimum is 5 characters)'</span>
</div>
</td>
</tr>
<tr class="tag-test-status" status="fail">
<td><span class="badge log fail-bg">Fail</span></td>
<td>10:22:06 am</td>
<td>
<a href="#" class="linked" test-id='1' id='21'>Then the user should see the status as 'Password is too short (minimum is 5 characters)'</a>
<div class="">
<span class="badge badge-default">SignUp fuctionality.To test the SigUp functionality of Chiltern Oak page.Then the user should see the status as 'Password is too short (minimum is 5 characters)'</span>
</div>
</td>
</tr>
<tr class="tag-test-status" status="fail">
<td><span class="badge log fail-bg">Fail</span></td>
<td>10:22:31 am</td>
<td>
<a href="#" class="linked" test-id='1' id='31'>Then the user should see the status as 'Please enter the valid data'</a>
<div class="">
<span class="badge badge-default">SignUp fuctionality.To test the SigUp functionality of Chiltern Oak page.Then the user should see the status as 'Please enter the valid data'</span>
</div>
</td>
</tr>
<tr class="tag-test-status" status="fail">
<td><span class="badge log fail-bg">Fail</span></td>
<td>10:22:56 am</td>
<td>
<a href="#" class="linked" test-id='1' id='41'>Then the user should see the status as 'Please enter the valid data'</a>
<div class="">
<span class="badge badge-default">SignUp fuctionality.To test the SigUp functionality of Chiltern Oak page.Then the user should see the status as 'Please enter the valid data'</span>
</div>
</td>
</tr>
<tr class="tag-test-status" status="fail">
<td><span class="badge log fail-bg">Fail</span></td>
<td>10:23:21 am</td>
<td>
<a href="#" class="linked" test-id='1' id='51'>Then the user should see the status as 'Please enter the valid data'</a>
<div class="">
<span class="badge badge-default">SignUp fuctionality.To test the SigUp functionality of Chiltern Oak page.Then the user should see the status as 'Please enter the valid data'</span>
</div>
</td>
</tr>
<tr class="tag-test-status" status="fail">
<td><span class="badge log fail-bg">Fail</span></td>
<td>10:23:45 am</td>
<td>
<a href="#" class="linked" test-id='1' id='61'>Then the user should see the status as 'Please enter the valid data'</a>
<div class="">
<span class="badge badge-default">SignUp fuctionality.To test the SigUp functionality of Chiltern Oak page.Then the user should see the status as 'Please enter the valid data'</span>
</div>
</td>
</tr>
<tr class="tag-test-status" status="fail">
<td><span class="badge log fail-bg">Fail</span></td>
<td>10:24:09 am</td>
<td>
<a href="#" class="linked" test-id='1' id='71'>Then the user should see the status as 'Emil and Password cant be bla'</a>
<div class="">
<span class="badge badge-default">SignUp fuctionality.To test the SigUp functionality of Chiltern Oak page.Then the user should see the status as 'Emil and Password cant be bla'</span>
</div>
</td>
</tr>
<tr class="tag-test-status" status="fail">
<td><span class="badge log fail-bg">Fail</span></td>
<td>10:24:32 am</td>
<td>
<a href="#" class="linked" test-id='1' id='81'>Then the user should see the status as 'Emil and Password cant be bla'</a>
<div class="">
<span class="badge badge-default">SignUp fuctionality.To test the SigUp functionality of Chiltern Oak page.Then the user should see the status as 'Emil and Password cant be bla'</span>
</div>
</td>
</tr>
<tr class="tag-test-status" status="fail">
<td><span class="badge log fail-bg">Fail</span></td>
<td>10:29:18 am</td>
<td>
<a href="#" class="linked" test-id='93' id='128'>Then Message Should Be Displayed 'Incorrect email or password.'</a>
<div class="">
<span class="badge badge-default">Login functionality.User login with different credentials.Then Message Should Be Displayed 'Incorrect email or password.'</span>
</div>
</td>
</tr>
<tr class="tag-test-status" status="fail">
<td><span class="badge log fail-bg">Fail</span></td>
<td>10:43:19 am</td>
<td>
<a href="#" class="linked" test-id='243' id='267'>Then It shoulld diplayed the message 'Please enter the valid email'</a>
<div class="">
<span class="badge badge-default">Test Chilternoak Furniture page I want to use this template for my feature file.Testing of ContactUs Page.Then It shoulld diplayed the message 'Please enter the valid email'</span>
</div>
</td>
</tr>
<tr class="tag-test-status" status="fail">
<td><span class="badge log fail-bg">Fail</span></td>
<td>10:43:53 am</td>
<td>
<a href="#" class="linked" test-id='243' id='279'>Then It shoulld diplayed the message 'Please enter the valid email'</a>
<div class="">
<span class="badge badge-default">Test Chilternoak Furniture page I want to use this template for my feature file.Testing of ContactUs Page.Then It shoulld diplayed the message 'Please enter the valid email'</span>
</div>
</td>
</tr>
<tr class="tag-test-status" status="fail">
<td><span class="badge log fail-bg">Fail</span></td>
<td>10:44:30 am</td>
<td>
<a href="#" class="linked" test-id='243' id='291'>Then It shoulld diplayed the message 'It is mandontary to fill the fields'</a>
<div class="">
<span class="badge badge-default">Test Chilternoak Furniture page I want to use this template for my feature file.Testing of ContactUs Page.Then It shoulld diplayed the message 'It is mandontary to fill the fields'</span>
</div>
</td>
</tr>
<tr class="tag-test-status" status="fail">
<td><span class="badge log fail-bg">Fail</span></td>
<td>10:45:04 am</td>
<td>
<a href="#" class="linked" test-id='243' id='303'>Then It shoulld diplayed the message 'It is mandontary to fill the fields'</a>
<div class="">
<span class="badge badge-default">Test Chilternoak Furniture page I want to use this template for my feature file.Testing of ContactUs Page.Then It shoulld diplayed the message 'It is mandontary to fill the fields'</span>
</div>
</td>
</tr>
<tr class="tag-test-status" status="fail">
<td><span class="badge log fail-bg">Fail</span></td>
<td>10:45:39 am</td>
<td>
<a href="#" class="linked" test-id='243' id='315'>Then It shoulld diplayed the message 'Please enter the valid name'</a>
<div class="">
<span class="badge badge-default">Test Chilternoak Furniture page I want to use this template for my feature file.Testing of ContactUs Page.Then It shoulld diplayed the message 'Please enter the valid name'</span>
</div>
</td>
</tr>
<tr class="tag-test-status" status="fail">
<td><span class="badge log fail-bg">Fail</span></td>
<td>10:46:40 am</td>
<td>
<a href="#" class="linked" test-id='243' id='327'>Then It shoulld diplayed the message 'Please enter the valid name'</a>
<div class="">
<span class="badge badge-default">Test Chilternoak Furniture page I want to use this template for my feature file.Testing of ContactUs Page.Then It shoulld diplayed the message 'Please enter the valid name'</span>
</div>
</td>
</tr>
<tr class="tag-test-status" status="fail">
<td><span class="badge log fail-bg">Fail</span></td>
<td>10:47:16 am</td>
<td>
<a href="#" class="linked" test-id='243' id='339'>Then It shoulld diplayed the message 'Please Enter the valid number format'</a>
<div class="">
<span class="badge badge-default">Test Chilternoak Furniture page I want to use this template for my feature file.Testing of ContactUs Page.Then It shoulld diplayed the message 'Please Enter the valid number format'</span>
</div>
</td>
</tr>
<tr class="tag-test-status" status="fail">
<td><span class="badge log fail-bg">Fail</span></td>
<td>10:47:51 am</td>
<td>
<a href="#" class="linked" test-id='243' id='351'>Then It shoulld diplayed the message 'Please Enter the valid number format'</a>
<div class="">
<span class="badge badge-default">Test Chilternoak Furniture page I want to use this template for my feature file.Testing of ContactUs Page.Then It shoulld diplayed the message 'Please Enter the valid number format'</span>
</div>
</td>
</tr>
</tbody>
</table>
</div>
</li>
<li class="test-item">
<div class="test-detail">
<span class="meta">
<span class='badge log badge-danger'>11</span>
</span>
<p class="name">org.openqa.selenium.NoSuchElementException</p>
<p class="duration text-sm">11 tests</p>
</div>
<div class="test-contents d-none">
<div class="info">
<h4>org.openqa.selenium.NoSuchElementException</h4>
<span status="fail" class='badge log badge-danger'>11 failed</span>
</div>
<table class='table table-sm mt-4'>
<thead>
<tr>
<th class="status-col">Status</th>
<th class="timestamp-col">Timestamp</th>
<th>TestName</th>
</tr>
</thead>
<tbody>
<tr class="tag-test-status" status="fail">
<td><span class="badge log fail-bg">Fail</span></td>
<td>10:27:48 am</td>
<td>
<a href="#" class="linked" test-id='93' id='121'>Then Message Should Be Displayed 'Incorrect email or password.'</a>
<div class="">
<span class="badge badge-default">Login functionality.User login with different credentials.Then Message Should Be Displayed 'Incorrect email or password.'</span>
</div>
</td>
</tr>
<tr class="tag-test-status" status="fail">
<td><span class="badge log fail-bg">Fail</span></td>
<td>10:31:21 am</td>
<td>
<a href="#" class="linked" test-id='93' id='149'>Then Message Should Be Displayed 'Incorrect email or password.'</a>
<div class="">
<span class="badge badge-default">Login functionality.User login with different credentials.Then Message Should Be Displayed 'Incorrect email or password.'</span>
</div>
</td>
</tr>
<tr class="tag-test-status" status="fail">
<td><span class="badge log fail-bg">Fail</span></td>
<td>10:32:50 am</td>
<td>
<a href="#" class="linked" test-id='93' id='156'>Then Message Should Be Displayed 'Incorrect email or password.'</a>
<div class="">
<span class="badge badge-default">Login functionality.User login with different credentials.Then Message Should Be Displayed 'Incorrect email or password.'</span>
</div>
</td>
</tr>
<tr class="tag-test-status" status="fail">
<td><span class="badge log fail-bg">Fail</span></td>
<td>10:48:33 am</td>
<td>
<a href="#" class="linked" test-id='353' id='361'>Then it shows sucess message "Please fill out the fields"</a>
<div class="">
<span class="badge badge-default">Subscribe Feature.Subscribe scenario with differe set of data.Then it shows sucess message "Please fill out the fields"</span>
</div>
</td>
</tr>
<tr class="tag-test-status" status="fail">
<td><span class="badge log fail-bg">Fail</span></td>
<td>10:49:36 am</td>
<td>
<a href="#" class="linked" test-id='353' id='369'>Then it shows sucess message "Please fill out the fields"</a>
<div class="">
<span class="badge badge-default">Subscribe Feature.Subscribe scenario with differe set of data.Then it shows sucess message "Please fill out the fields"</span>
</div>
</td>
</tr>
<tr class="tag-test-status" status="fail">
<td><span class="badge log fail-bg">Fail</span></td>
<td>10:50:38 am</td>
<td>
<a href="#" class="linked" test-id='353' id='377'>Then it shows sucess message "Please fill out the fields"</a>
<div class="">
<span class="badge badge-default">Subscribe Feature.Subscribe scenario with differe set of data.Then it shows sucess message "Please fill out the fields"</span>
</div>
</td>
</tr>
<tr class="tag-test-status" status="fail">
<td><span class="badge log fail-bg">Fail</span></td>
<td>10:51:41 am</td>
<td>
<a href="#" class="linked" test-id='353' id='385'>Then it shows sucess message "Please fill out the fields"</a>
<div class="">
<span class="badge badge-default">Subscribe Feature.Subscribe scenario with differe set of data.Then it shows sucess message "Please fill out the fields"</span>
</div>
</td>
</tr>
<tr class="tag-test-status" status="fail">
<td><span class="badge log fail-bg">Fail</span></td>
<td>10:52:44 am</td>
<td>
<a href="#" class="linked" test-id='353' id='393'>Then it shows sucess message "Please fill out the fields"</a>
<div class="">
<span class="badge badge-default">Subscribe Feature.Subscribe scenario with differe set of data.Then it shows sucess message "Please fill out the fields"</span>
</div>
</td>
</tr>
<tr class="tag-test-status" status="fail">
<td><span class="badge log fail-bg">Fail</span></td>
<td>10:53:46 am</td>
<td>
<a href="#" class="linked" test-id='353' id='401'>Then it shows sucess message "Please fill out the fields"</a>
<div class="">
<span class="badge badge-default">Subscribe Feature.Subscribe scenario with differe set of data.Then it shows sucess message "Please fill out the fields"</span>
</div>
</td>
</tr>
<tr class="tag-test-status" status="fail">
<td><span class="badge log fail-bg">Fail</span></td>
<td>10:54:51 am</td>
<td>
<a href="#" class="linked" test-id='353' id='409'>Then it shows sucess message "Thank you for signing up!"</a>
<div class="">
<span class="badge badge-default">Subscribe Feature.Subscribe scenario with differe set of data.Then it shows sucess message "Thank you for signing up!"</span>
</div>
</td>
</tr>
<tr class="tag-test-status" status="fail">
<td><span class="badge log fail-bg">Fail</span></td>
<td>10:55:49 am</td>
<td>
<a href="#" class="linked" test-id='353' id='417'>Then it shows sucess message "Thank you for signing up!"</a>
<div class="">
<span class="badge badge-default">Subscribe Feature.Subscribe scenario with differe set of data.Then it shows sucess message "Thank you for signing up!"</span>
</div>
</td>
</tr>
</tbody>
</table>
</div>
</li>
<li class="test-item">
<div class="test-detail">
<span class="meta">
<span class='badge log badge-danger'>1</span>
</span>
<p class="name">org.openqa.selenium.NoSuchWindowException</p>
<p class="duration text-sm">1 tests</p>
</div>
<div class="test-contents d-none">
<div class="info">
<h4>org.openqa.selenium.NoSuchWindowException</h4>
<span status="fail" class='badge log badge-danger'>1 failed</span>
</div>
<table class='table table-sm mt-4'>
<thead>
<tr>
<th class="status-col">Status</th>
<th class="timestamp-col">Timestamp</th>
<th>TestName</th>
</tr>
</thead>
<tbody>
<tr class="tag-test-status" status="fail">
<td><span class="badge log fail-bg">Fail</span></td>
<td>10:55:06 am</td>
<td>
<a href="#" class="linked" test-id='353' id='410'>com.app.stepdefs.MyHooks.tearDown(io.cucumber.java.Scenario)</a>
<div class="">
<span class="badge badge-default">Subscribe Feature.Subscribe scenario with differe set of data.com.app.stepdefs.MyHooks.tearDown(io.cucumber.java.Scenario)</span>
</div>
</td>
</tr>
</tbody>
</table>
</div>
</li>
<li class="test-item">
<div class="test-detail">
<span class="meta">
<span class='badge log badge-danger'>6</span>
</span>
<p class="name">org.openqa.selenium.ElementClickInterceptedException</p>
<p class="duration text-sm">6 tests</p>
</div>
<div class="test-contents d-none">
<div class="info">
<h4>org.openqa.selenium.ElementClickInterceptedException</h4>
<span status="fail" class='badge log badge-danger'>6 failed</span>
</div>
<table class='table table-sm mt-4'>
<thead>
<tr>
<th class="status-col">Status</th>
<th class="timestamp-col">Timestamp</th>
<th>TestName</th>
</tr>
</thead>
<tbody>
<tr class="tag-test-status" status="fail">
<td><span class="badge log fail-bg">Fail</span></td>
<td>10:26:18 am</td>
<td>
<a href="#" class="linked" test-id='93' id='106'>And clicks the login button</a>
<div class="">
<span class="badge badge-default">Login functionality.User login with different credentials.And clicks the login button</span>
</div>
</td>
</tr>
<tr class="tag-test-status" status="fail">
<td><span class="badge log fail-bg">Fail</span></td>
<td>10:26:36 am</td>
<td>
<a href="#" class="linked" test-id='93' id='113'>And clicks the login button</a>
<div class="">
<span class="badge badge-default">Login functionality.User login with different credentials.And clicks the login button</span>
</div>
</td>
</tr>
<tr class="tag-test-status" status="fail">
<td><span class="badge log fail-bg">Fail</span></td>
<td>10:29:52 am</td>
<td>
<a href="#" class="linked" test-id='93' id='134'>And clicks the login button</a>
<div class="">
<span class="badge badge-default">Login functionality.User login with different credentials.And clicks the login button</span>
</div>
</td>
</tr>
<tr class="tag-test-status" status="fail">
<td><span class="badge log fail-bg">Fail</span></td>
<td>10:30:10 am</td>
<td>
<a href="#" class="linked" test-id='93' id='141'>And clicks the login button</a>
<div class="">
<span class="badge badge-default">Login functionality.User login with different credentials.And clicks the login button</span>
</div>
</td>
</tr>
<tr class="tag-test-status" status="fail">
<td><span class="badge log fail-bg">Fail</span></td>
<td>10:34:49 am</td>
<td>
<a href="#" class="linked" test-id='223' id='227'>Given User is on login page and add item to cart</a>
<div class="">
<span class="badge badge-default">Checkout In Chilternoak.Checkout Functionality Of Chilternoak.Given User is on login page and add item to cart</span>
</div>
</td>
</tr>
<tr class="tag-test-status" status="fail">
<td><span class="badge log fail-bg">Fail</span></td>
<td>10:38:34 am</td>
<td>
<a href="#" class="linked" test-id='223' id='236'>Given User is on login page and add item to cart</a>
<div class="">
<span class="badge badge-default">Checkout In Chilternoak.Checkout Functionality Of Chilternoak.Given User is on login page and add item to cart</span>
</div>
</td>
</tr>
</tbody>
</table>
</div>
</li>
</ul>
</div>
</div>
<div class="test-content scrollable">
<div class="test-content-detail">
<div class="detail-body"></div>
</div>
</div>
</div><div class="test-wrapper row view category-view attributes-view">
<div class="test-list">
<div class="test-list-tools">
<ul class="tools pull-left"><li><a href=""><span class="font-size-14">Category</span></a></li></ul>
<ul class="tools text-right"><li><a href="#"><span class="badge badge-primary">5</span></a></li></ul>
</div>
<div class="test-list-wrapper scrollable">
<ul class="test-list-item">
<li class="test-item">
<div class="test-detail">
<span class="meta">
<span class='badge log pass-bg'>12</span>
<span class='badge log badge-danger'>39</span>
</span>
<p class="name">@login</p>
<p class="duration text-sm">51 tests</p>
</div>
<div class="test-contents d-none">
<div class="info">
<h4>@login</h4>
<span status="pass" class='badge log pass-bg'>12 passed</span>
<span status="fail" class='badge log badge-danger'>39 failed</span>
</div>
<table class='table table-sm mt-4'>
<thead>
<tr>
<th class="status-col">Status</th>
<th class="timestamp-col">Timestamp</th>
<th>TestName</th>
</tr>
</thead>
<tbody>
<tr class="tag-test-status" status="fail">
<td><span class="badge log fail-bg">Fail</span></td>
<td>10:21:13 am</td>
<td>
<a href="#" class="linked" test-id='1' id='2'>To test the SigUp functionality of Chiltern Oak page</a>
<div class="">
<span class="badge badge-default">SignUp fuctionality.To test the SigUp functionality of Chiltern Oak page</span>
</div>
</td>
</tr>
<tr class="tag-test-status" status="fail">
<td><span class="badge log fail-bg">Fail</span></td>
<td>10:21:13 am</td>
<td>
<a href="#" class="linked" test-id='1' id='3'>To test the SigUp functionality of Chiltern Oak page</a>
<div class="">
<span class="badge badge-default">SignUp fuctionality.To test the SigUp functionality of Chiltern Oak page</span>
</div>
</td>
</tr>
<tr class="tag-test-status" status="fail">
<td><span class="badge log fail-bg">Fail</span></td>
<td>10:21:40 am</td>
<td>
<a href="#" class="linked" test-id='1' id='13'>To test the SigUp functionality of Chiltern Oak page</a>
<div class="">
<span class="badge badge-default">SignUp fuctionality.To test the SigUp functionality of Chiltern Oak page</span>
</div>
</td>
</tr>
<tr class="tag-test-status" status="fail">
<td><span class="badge log fail-bg">Fail</span></td>
<td>10:22:07 am</td>
<td>
<a href="#" class="linked" test-id='1' id='23'>To test the SigUp functionality of Chiltern Oak page</a>
<div class="">
<span class="badge badge-default">SignUp fuctionality.To test the SigUp functionality of Chiltern Oak page</span>
</div>
</td>
</tr>
<tr class="tag-test-status" status="fail">
<td><span class="badge log fail-bg">Fail</span></td>
<td>10:22:32 am</td>
<td>
<a href="#" class="linked" test-id='1' id='33'>To test the SigUp functionality of Chiltern Oak page</a>
<div class="">
<span class="badge badge-default">SignUp fuctionality.To test the SigUp functionality of Chiltern Oak page</span>
</div>
</td>
</tr>
<tr class="tag-test-status" status="fail">
<td><span class="badge log fail-bg">Fail</span></td>
<td>10:22:57 am</td>
<td>
<a href="#" class="linked" test-id='1' id='43'>To test the SigUp functionality of Chiltern Oak page</a>
<div class="">
<span class="badge badge-default">SignUp fuctionality.To test the SigUp functionality of Chiltern Oak page</span>
</div>
</td>
</tr>
<tr class="tag-test-status" status="fail">
<td><span class="badge log fail-bg">Fail</span></td>
<td>10:23:21 am</td>
<td>
<a href="#" class="linked" test-id='1' id='53'>To test the SigUp functionality of Chiltern Oak page</a>
<div class="">
<span class="badge badge-default">SignUp fuctionality.To test the SigUp functionality of Chiltern Oak page</span>
</div>
</td>
</tr>
<tr class="tag-test-status" status="fail">
<td><span class="badge log fail-bg">Fail</span></td>
<td>10:23:45 am</td>
<td>
<a href="#" class="linked" test-id='1' id='63'>To test the SigUp functionality of Chiltern Oak page</a>
<div class="">
<span class="badge badge-default">SignUp fuctionality.To test the SigUp functionality of Chiltern Oak page</span>
</div>
</td>
</tr>
<tr class="tag-test-status" status="fail">
<td><span class="badge log fail-bg">Fail</span></td>
<td>10:24:10 am</td>
<td>
<a href="#" class="linked" test-id='1' id='73'>To test the SigUp functionality of Chiltern Oak page</a>
<div class="">
<span class="badge badge-default">SignUp fuctionality.To test the SigUp functionality of Chiltern Oak page</span>
</div>
</td>
</tr>
<tr class="tag-test-status" status="pass">
<td><span class="badge log pass-bg">Pass</span></td>
<td>10:24:33 am</td>
<td>
<a href="#" class="linked" test-id='1' id='83'>To test the SigUp functionality of Chiltern Oak page</a>
<div class="">
<span class="badge badge-default">SignUp fuctionality.To test the SigUp functionality of Chiltern Oak page</span>
</div>
</td>
</tr>
<tr class="tag-test-status" status="fail">
<td><span class="badge log fail-bg">Fail</span></td>
<td>10:24:57 am</td>
<td>
<a href="#" class="linked" test-id='93' id='94'>User login with different credentials</a>
<div class="">
<span class="badge badge-default">Login functionality.User login with different credentials</span>
</div>
</td>
</tr>
<tr class="tag-test-status" status="pass">
<td><span class="badge log pass-bg">Pass</span></td>
<td>10:24:57 am</td>
<td>
<a href="#" class="linked" test-id='93' id='95'>User login with different credentials</a>
<div class="">
<span class="badge badge-default">Login functionality.User login with different credentials</span>
</div>
</td>
</tr>
<tr class="tag-test-status" status="fail">
<td><span class="badge log fail-bg">Fail</span></td>
<td>10:26:04 am</td>
<td>
<a href="#" class="linked" test-id='93' id='102'>User login with different credentials</a>
<div class="">
<span class="badge badge-default">Login functionality.User login with different credentials</span>
</div>
</td>
</tr>
<tr class="tag-test-status" status="fail">
<td><span class="badge log fail-bg">Fail</span></td>
<td>10:26:22 am</td>
<td>
<a href="#" class="linked" test-id='93' id='109'>User login with different credentials</a>
<div class="">
<span class="badge badge-default">Login functionality.User login with different credentials</span>
</div>
</td>
</tr>
<tr class="tag-test-status" status="fail">
<td><span class="badge log fail-bg">Fail</span></td>
<td>10:26:41 am</td>
<td>
<a href="#" class="linked" test-id='93' id='116'>User login with different credentials</a>
<div class="">
<span class="badge badge-default">Login functionality.User login with different credentials</span>
</div>
</td>
</tr>
<tr class="tag-test-status" status="fail">
<td><span class="badge log fail-bg">Fail</span></td>
<td>10:28:09 am</td>
<td>
<a href="#" class="linked" test-id='93' id='123'>User login with different credentials</a>
<div class="">
<span class="badge badge-default">Login functionality.User login with different credentials</span>
</div>
</td>
</tr>
<tr class="tag-test-status" status="fail">
<td><span class="badge log fail-bg">Fail</span></td>
<td>10:29:39 am</td>
<td>
<a href="#" class="linked" test-id='93' id='130'>User login with different credentials</a>
<div class="">
<span class="badge badge-default">Login functionality.User login with different credentials</span>
</div>
</td>
</tr>
<tr class="tag-test-status" status="fail">
<td><span class="badge log fail-bg">Fail</span></td>
<td>10:29:57 am</td>
<td>
<a href="#" class="linked" test-id='93' id='137'>User login with different credentials</a>
<div class="">
<span class="badge badge-default">Login functionality.User login with different credentials</span>
</div>
</td>
</tr>
<tr class="tag-test-status" status="fail">
<td><span class="badge log fail-bg">Fail</span></td>
<td>10:30:15 am</td>
<td>
<a href="#" class="linked" test-id='93' id='144'>User login with different credentials</a>
<div class="">
<span class="badge badge-default">Login functionality.User login with different credentials</span>
</div>
</td>
</tr>
<tr class="tag-test-status" status="fail">
<td><span class="badge log fail-bg">Fail</span></td>
<td>10:31:42 am</td>
<td>
<a href="#" class="linked" test-id='93' id='151'>User login with different credentials</a>
<div class="">
<span class="badge badge-default">Login functionality.User login with different credentials</span>
</div>
</td>
</tr>
<tr class="tag-test-status" status="pass">
<td><span class="badge log pass-bg">Pass</span></td>
<td>10:33:11 am</td>
<td>
<a href="#" class="linked" test-id='158' id='159'>Enter search term and verify results</a>
<div class="">
<span class="badge badge-default">Product Search Functionality.Enter search term and verify results</span>
</div>
</td>
</tr>
<tr class="tag-test-status" status="pass">
<td><span class="badge log pass-bg">Pass</span></td>
<td>10:33:11 am</td>
<td>
<a href="#" class="linked" test-id='158' id='160'>Enter search term and verify results</a>
<div class="">
<span class="badge badge-default">Product Search Functionality.Enter search term and verify results</span>
</div>
</td>
</tr>
<tr class="tag-test-status" status="pass">
<td><span class="badge log pass-bg">Pass</span></td>
<td>10:33:22 am</td>
<td>
<a href="#" class="linked" test-id='158' id='168'>Enter search term and verify results</a>
<div class="">
<span class="badge badge-default">Product Search Functionality.Enter search term and verify results</span>
</div>
</td>
</tr>
<tr class="tag-test-status" status="pass">
<td><span class="badge log pass-bg">Pass</span></td>
<td>10:33:30 am</td>
<td>
<a href="#" class="linked" test-id='158' id='176'>Enter search term and verify results</a>
<div class="">
<span class="badge badge-default">Product Search Functionality.Enter search term and verify results</span>
</div>
</td>
</tr>
<tr class="tag-test-status" status="pass">
<td><span class="badge log pass-bg">Pass</span></td>
<td>10:33:40 am</td>
<td>
<a href="#" class="linked" test-id='158' id='184'>Enter search term and verify results</a>
<div class="">
<span class="badge badge-default">Product Search Functionality.Enter search term and verify results</span>
</div>
</td>
</tr>
<tr class="tag-test-status" status="pass">
<td><span class="badge log pass-bg">Pass</span></td>
<td>10:33:50 am</td>
<td>
<a href="#" class="linked" test-id='158' id='192'>Enter search term and verify results</a>
<div class="">
<span class="badge badge-default">Product Search Functionality.Enter search term and verify results</span>
</div>
</td>
</tr>
<tr class="tag-test-status" status="pass">
<td><span class="badge log pass-bg">Pass</span></td>
<td>10:34:01 am</td>
<td>
<a href="#" class="linked" test-id='200' id='201'>Filter Functionality</a>
<div class="">
<span class="badge badge-default">Filter.Filter Functionality</span>
</div>
</td>
</tr>
<tr class="tag-test-status" status="pass">
<td><span class="badge log pass-bg">Pass</span></td>
<td>10:34:20 am</td>
<td>
<a href="#" class="linked" test-id='209' id='210'>add to cart</a>
<div class="">
<span class="badge badge-default">test add to cart.add to cart</span>
</div>
</td>
</tr>
<tr class="tag-test-status" status="pass">
<td><span class="badge log pass-bg">Pass</span></td>
<td>10:34:33 am</td>
<td>
<a href="#" class="linked" test-id='209' id='217'>add to cart1</a>
<div class="">
<span class="badge badge-default">test add to cart.add to cart1</span>
</div>
</td>
</tr>
<tr class="tag-test-status" status="fail">
<td><span class="badge log fail-bg">Fail</span></td>
<td>10:34:43 am</td>
<td>
<a href="#" class="linked" test-id='223' id='224'>Checkout Functionality Of Chilternoak</a>
<div class="">
<span class="badge badge-default">Checkout In Chilternoak.Checkout Functionality Of Chilternoak</span>
</div>
</td>
</tr>
<tr class="tag-test-status" status="fail">
<td><span class="badge log fail-bg">Fail</span></td>
<td>10:34:43 am</td>
<td>
<a href="#" class="linked" test-id='223' id='225'>Checkout Functionality Of Chilternoak</a>
<div class="">
<span class="badge badge-default">Checkout In Chilternoak.Checkout Functionality Of Chilternoak</span>
</div>
</td>
</tr>
<tr class="tag-test-status" status="fail">
<td><span class="badge log fail-bg">Fail</span></td>
<td>10:38:28 am</td>
<td>
<a href="#" class="linked" test-id='223' id='234'>Checkout Functionality Of Chilternoak</a>
<div class="">
<span class="badge badge-default">Checkout In Chilternoak.Checkout Functionality Of Chilternoak</span>
</div>
</td>
</tr>
<tr class="tag-test-status" status="fail">
<td><span class="badge log fail-bg">Fail</span></td>
<td>10:42:13 am</td>
<td>
<a href="#" class="linked" test-id='243' id='244'>Testing of ContactUs Page</a>
<div class="">
<span class="badge badge-default">Test Chilternoak Furniture page I want to use this template for my feature file.Testing of ContactUs Page</span>
</div>
</td>
</tr>
<tr class="tag-test-status" status="pass">
<td><span class="badge log pass-bg">Pass</span></td>
<td>10:42:13 am</td>
<td>
<a href="#" class="linked" test-id='243' id='245'>Testing of ContactUs Page</a>
<div class="">
<span class="badge badge-default">Test Chilternoak Furniture page I want to use this template for my feature file.Testing of ContactUs Page</span>
</div>
</td>
</tr>
<tr class="tag-test-status" status="fail">
<td><span class="badge log fail-bg">Fail</span></td>
<td>10:42:47 am</td>
<td>
<a href="#" class="linked" test-id='243' id='257'>Testing of ContactUs Page</a>
<div class="">
<span class="badge badge-default">Test Chilternoak Furniture page I want to use this template for my feature file.Testing of ContactUs Page</span>
</div>
</td>
</tr>
<tr class="tag-test-status" status="fail">
<td><span class="badge log fail-bg">Fail</span></td>
<td>10:43:20 am</td>
<td>
<a href="#" class="linked" test-id='243' id='269'>Testing of ContactUs Page</a>
<div class="">
<span class="badge badge-default">Test Chilternoak Furniture page I want to use this template for my feature file.Testing of ContactUs Page</span>
</div>
</td>
</tr>
<tr class="tag-test-status" status="fail">
<td><span class="badge log fail-bg">Fail</span></td>
<td>10:43:54 am</td>
<td>
<a href="#" class="linked" test-id='243' id='281'>Testing of ContactUs Page</a>
<div class="">
<span class="badge badge-default">Test Chilternoak Furniture page I want to use this template for my feature file.Testing of ContactUs Page</span>
</div>
</td>
</tr>
<tr class="tag-test-status" status="fail">
<td><span class="badge log fail-bg">Fail</span></td>
<td>10:44:30 am</td>
<td>
<a href="#" class="linked" test-id='243' id='293'>Testing of ContactUs Page</a>
<div class="">
<span class="badge badge-default">Test Chilternoak Furniture page I want to use this template for my feature file.Testing of ContactUs Page</span>
</div>
</td>
</tr>
<tr class="tag-test-status" status="fail">
<td><span class="badge log fail-bg">Fail</span></td>
<td>10:45:05 am</td>
<td>
<a href="#" class="linked" test-id='243' id='305'>Testing of ContactUs Page</a>
<div class="">
<span class="badge badge-default">Test Chilternoak Furniture page I want to use this template for my feature file.Testing of ContactUs Page</span>
</div>
</td>
</tr>
<tr class="tag-test-status" status="fail">
<td><span class="badge log fail-bg">Fail</span></td>
<td>10:45:40 am</td>
<td>
<a href="#" class="linked" test-id='243' id='317'>Testing of ContactUs Page</a>
<div class="">
<span class="badge badge-default">Test Chilternoak Furniture page I want to use this template for my feature file.Testing of ContactUs Page</span>
</div>
</td>
</tr>
<tr class="tag-test-status" status="fail">
<td><span class="badge log fail-bg">Fail</span></td>
<td>10:46:41 am</td>
<td>
<a href="#" class="linked" test-id='243' id='329'>Testing of ContactUs Page</a>
<div class="">
<span class="badge badge-default">Test Chilternoak Furniture page I want to use this template for my feature file.Testing of ContactUs Page</span>
</div>
</td>
</tr>
<tr class="tag-test-status" status="fail">
<td><span class="badge log fail-bg">Fail</span></td>
<td>10:47:17 am</td>
<td>
<a href="#" class="linked" test-id='243' id='341'>Testing of ContactUs Page</a>
<div class="">
<span class="badge badge-default">Test Chilternoak Furniture page I want to use this template for my feature file.Testing of ContactUs Page</span>
</div>
</td>
</tr>
<tr class="tag-test-status" status="fail">
<td><span class="badge log fail-bg">Fail</span></td>
<td>10:47:51 am</td>
<td>
<a href="#" class="linked" test-id='353' id='354'>Subscribe scenario with differe set of data</a>
<div class="">
<span class="badge badge-default">Subscribe Feature.Subscribe scenario with differe set of data</span>
</div>
</td>
</tr>
<tr class="tag-test-status" status="fail">
<td><span class="badge log fail-bg">Fail</span></td>
<td>10:47:51 am</td>
<td>
<a href="#" class="linked" test-id='353' id='355'>Subscribe scenario with differe set of data</a>
<div class="">
<span class="badge badge-default">Subscribe Feature.Subscribe scenario with differe set of data</span>
</div>
</td>
</tr>
<tr class="tag-test-status" status="fail">
<td><span class="badge log fail-bg">Fail</span></td>
<td>10:48:54 am</td>
<td>
<a href="#" class="linked" test-id='353' id='363'>Subscribe scenario with differe set of data</a>
<div class="">
<span class="badge badge-default">Subscribe Feature.Subscribe scenario with differe set of data</span>
</div>
</td>
</tr>
<tr class="tag-test-status" status="fail">
<td><span class="badge log fail-bg">Fail</span></td>
<td>10:49:56 am</td>
<td>
<a href="#" class="linked" test-id='353' id='371'>Subscribe scenario with differe set of data</a>
<div class="">
<span class="badge badge-default">Subscribe Feature.Subscribe scenario with differe set of data</span>
</div>
</td>
</tr>
<tr class="tag-test-status" status="fail">
<td><span class="badge log fail-bg">Fail</span></td>
<td>10:50:59 am</td>
<td>
<a href="#" class="linked" test-id='353' id='379'>Subscribe scenario with differe set of data</a>
<div class="">
<span class="badge badge-default">Subscribe Feature.Subscribe scenario with differe set of data</span>
</div>
</td>
</tr>
<tr class="tag-test-status" status="fail">
<td><span class="badge log fail-bg">Fail</span></td>
<td>10:52:02 am</td>
<td>
<a href="#" class="linked" test-id='353' id='387'>Subscribe scenario with differe set of data</a>
<div class="">
<span class="badge badge-default">Subscribe Feature.Subscribe scenario with differe set of data</span>
</div>
</td>
</tr>
<tr class="tag-test-status" status="fail">
<td><span class="badge log fail-bg">Fail</span></td>
<td>10:53:05 am</td>
<td>
<a href="#" class="linked" test-id='353' id='395'>Subscribe scenario with differe set of data</a>
<div class="">
<span class="badge badge-default">Subscribe Feature.Subscribe scenario with differe set of data</span>
</div>
</td>
</tr>
<tr class="tag-test-status" status="fail">
<td><span class="badge log fail-bg">Fail</span></td>
<td>10:54:07 am</td>
<td>
<a href="#" class="linked" test-id='353' id='403'>Subscribe scenario with differe set of data</a>
<div class="">
<span class="badge badge-default">Subscribe Feature.Subscribe scenario with differe set of data</span>
</div>
</td>
</tr>
<tr class="tag-test-status" status="fail">
<td><span class="badge log fail-bg">Fail</span></td>
<td>10:55:06 am</td>
<td>
<a href="#" class="linked" test-id='353' id='411'>Subscribe scenario with differe set of data</a>
<div class="">
<span class="badge badge-default">Subscribe Feature.Subscribe scenario with differe set of data</span>
</div>
</td>
</tr>
</tbody>
</table>
</div>
</li>
<li class="test-item">
<div class="test-detail">
<span class="meta">
<span class='badge log pass-bg'>1</span>
<span class='badge log badge-danger'>9</span>
</span>
<p class="name">@regression</p>
<p class="duration text-sm">10 tests</p>
</div>
<div class="test-contents d-none">
<div class="info">
<h4>@regression</h4>
<span status="pass" class='badge log pass-bg'>1 passed</span>
<span status="fail" class='badge log badge-danger'>9 failed</span>
</div>
<table class='table table-sm mt-4'>
<thead>
<tr>
<th class="status-col">Status</th>
<th class="timestamp-col">Timestamp</th>
<th>TestName</th>
</tr>
</thead>
<tbody>
<tr class="tag-test-status" status="pass">
<td><span class="badge log pass-bg">Pass</span></td>
<td>10:34:01 am</td>
<td>
<a href="#" class="linked" test-id='200' id='201'>Filter Functionality</a>
<div class="">
<span class="badge badge-default">Filter.Filter Functionality</span>
</div>
</td>
</tr>
<tr class="tag-test-status" status="fail">
<td><span class="badge log fail-bg">Fail</span></td>
<td>10:47:51 am</td>
<td>
<a href="#" class="linked" test-id='353' id='354'>Subscribe scenario with differe set of data</a>
<div class="">
<span class="badge badge-default">Subscribe Feature.Subscribe scenario with differe set of data</span>
</div>
</td>
</tr>
<tr class="tag-test-status" status="fail">
<td><span class="badge log fail-bg">Fail</span></td>
<td>10:47:51 am</td>
<td>
<a href="#" class="linked" test-id='353' id='355'>Subscribe scenario with differe set of data</a>
<div class="">
<span class="badge badge-default">Subscribe Feature.Subscribe scenario with differe set of data</span>
</div>
</td>
</tr>
<tr class="tag-test-status" status="fail">
<td><span class="badge log fail-bg">Fail</span></td>
<td>10:48:54 am</td>
<td>
<a href="#" class="linked" test-id='353' id='363'>Subscribe scenario with differe set of data</a>
<div class="">
<span class="badge badge-default">Subscribe Feature.Subscribe scenario with differe set of data</span>
</div>
</td>
</tr>
<tr class="tag-test-status" status="fail">
<td><span class="badge log fail-bg">Fail</span></td>
<td>10:49:56 am</td>
<td>
<a href="#" class="linked" test-id='353' id='371'>Subscribe scenario with differe set of data</a>
<div class="">
<span class="badge badge-default">Subscribe Feature.Subscribe scenario with differe set of data</span>
</div>
</td>
</tr>
<tr class="tag-test-status" status="fail">
<td><span class="badge log fail-bg">Fail</span></td>
<td>10:50:59 am</td>
<td>
<a href="#" class="linked" test-id='353' id='379'>Subscribe scenario with differe set of data</a>
<div class="">
<span class="badge badge-default">Subscribe Feature.Subscribe scenario with differe set of data</span>
</div>
</td>
</tr>
<tr class="tag-test-status" status="fail">
<td><span class="badge log fail-bg">Fail</span></td>
<td>10:52:02 am</td>
<td>
<a href="#" class="linked" test-id='353' id='387'>Subscribe scenario with differe set of data</a>
<div class="">
<span class="badge badge-default">Subscribe Feature.Subscribe scenario with differe set of data</span>
</div>
</td>
</tr>
<tr class="tag-test-status" status="fail">
<td><span class="badge log fail-bg">Fail</span></td>
<td>10:53:05 am</td>
<td>
<a href="#" class="linked" test-id='353' id='395'>Subscribe scenario with differe set of data</a>
<div class="">
<span class="badge badge-default">Subscribe Feature.Subscribe scenario with differe set of data</span>
</div>
</td>
</tr>
<tr class="tag-test-status" status="fail">
<td><span class="badge log fail-bg">Fail</span></td>
<td>10:54:07 am</td>
<td>
<a href="#" class="linked" test-id='353' id='403'>Subscribe scenario with differe set of data</a>
<div class="">
<span class="badge badge-default">Subscribe Feature.Subscribe scenario with differe set of data</span>
</div>
</td>
</tr>
<tr class="tag-test-status" status="fail">
<td><span class="badge log fail-bg">Fail</span></td>
<td>10:55:06 am</td>
<td>
<a href="#" class="linked" test-id='353' id='411'>Subscribe scenario with differe set of data</a>
<div class="">
<span class="badge badge-default">Subscribe Feature.Subscribe scenario with differe set of data</span>
</div>
</td>
</tr>
</tbody>
</table>
</div>
</li>
<li class="test-item">
<div class="test-detail">
<span class="meta">
<span class='badge log badge-danger'>9</span>
</span>
<p class="name">@subscriber</p>
<p class="duration text-sm">9 tests</p>
</div>
<div class="test-contents d-none">
<div class="info">
<h4>@subscriber</h4>
<span status="fail" class='badge log badge-danger'>9 failed</span>
</div>
<table class='table table-sm mt-4'>
<thead>
<tr>
<th class="status-col">Status</th>
<th class="timestamp-col">Timestamp</th>
<th>TestName</th>
</tr>
</thead>
<tbody>
<tr class="tag-test-status" status="fail">
<td><span class="badge log fail-bg">Fail</span></td>
<td>10:47:51 am</td>
<td>
<a href="#" class="linked" test-id='353' id='354'>Subscribe scenario with differe set of data</a>
<div class="">
<span class="badge badge-default">Subscribe Feature.Subscribe scenario with differe set of data</span>
</div>
</td>
</tr>
<tr class="tag-test-status" status="fail">
<td><span class="badge log fail-bg">Fail</span></td>
<td>10:47:51 am</td>
<td>
<a href="#" class="linked" test-id='353' id='355'>Subscribe scenario with differe set of data</a>
<div class="">
<span class="badge badge-default">Subscribe Feature.Subscribe scenario with differe set of data</span>
</div>
</td>
</tr>
<tr class="tag-test-status" status="fail">
<td><span class="badge log fail-bg">Fail</span></td>
<td>10:48:54 am</td>
<td>
<a href="#" class="linked" test-id='353' id='363'>Subscribe scenario with differe set of data</a>
<div class="">
<span class="badge badge-default">Subscribe Feature.Subscribe scenario with differe set of data</span>
</div>
</td>
</tr>
<tr class="tag-test-status" status="fail">
<td><span class="badge log fail-bg">Fail</span></td>
<td>10:49:56 am</td>
<td>
<a href="#" class="linked" test-id='353' id='371'>Subscribe scenario with differe set of data</a>
<div class="">
<span class="badge badge-default">Subscribe Feature.Subscribe scenario with differe set of data</span>
</div>
</td>
</tr>
<tr class="tag-test-status" status="fail">
<td><span class="badge log fail-bg">Fail</span></td>
<td>10:50:59 am</td>
<td>
<a href="#" class="linked" test-id='353' id='379'>Subscribe scenario with differe set of data</a>
<div class="">
<span class="badge badge-default">Subscribe Feature.Subscribe scenario with differe set of data</span>
</div>
</td>
</tr>
<tr class="tag-test-status" status="fail">
<td><span class="badge log fail-bg">Fail</span></td>
<td>10:52:02 am</td>
<td>
<a href="#" class="linked" test-id='353' id='387'>Subscribe scenario with differe set of data</a>
<div class="">
<span class="badge badge-default">Subscribe Feature.Subscribe scenario with differe set of data</span>
</div>
</td>
</tr>
<tr class="tag-test-status" status="fail">
<td><span class="badge log fail-bg">Fail</span></td>
<td>10:53:05 am</td>
<td>
<a href="#" class="linked" test-id='353' id='395'>Subscribe scenario with differe set of data</a>
<div class="">
<span class="badge badge-default">Subscribe Feature.Subscribe scenario with differe set of data</span>
</div>
</td>
</tr>
<tr class="tag-test-status" status="fail">
<td><span class="badge log fail-bg">Fail</span></td>
<td>10:54:07 am</td>
<td>
<a href="#" class="linked" test-id='353' id='403'>Subscribe scenario with differe set of data</a>
<div class="">
<span class="badge badge-default">Subscribe Feature.Subscribe scenario with differe set of data</span>
</div>
</td>
</tr>
<tr class="tag-test-status" status="fail">
<td><span class="badge log fail-bg">Fail</span></td>
<td>10:55:06 am</td>
<td>
<a href="#" class="linked" test-id='353' id='411'>Subscribe scenario with differe set of data</a>
<div class="">
<span class="badge badge-default">Subscribe Feature.Subscribe scenario with differe set of data</span>
</div>
</td>
</tr>
</tbody>
</table>
</div>
</li>
<li class="test-item">
<div class="test-detail">
<span class="meta">
<span class='badge log pass-bg'>1</span>
</span>
<p class="name">@filter</p>
<p class="duration text-sm">1 tests</p>
</div>
<div class="test-contents d-none">
<div class="info">
<h4>@filter</h4>
<span status="pass" class='badge log pass-bg'>1 passed</span>
</div>
<table class='table table-sm mt-4'>
<thead>
<tr>
<th class="status-col">Status</th>
<th class="timestamp-col">Timestamp</th>
<th>TestName</th>
</tr>
</thead>
<tbody>
<tr class="tag-test-status" status="pass">
<td><span class="badge log pass-bg">Pass</span></td>
<td>10:34:01 am</td>
<td>
<a href="#" class="linked" test-id='200' id='201'>Filter Functionality</a>
<div class="">
<span class="badge badge-default">Filter.Filter Functionality</span>
</div>
</td>
</tr>
</tbody>
</table>
</div>
</li>
<li class="test-item">
<div class="test-detail">
<span class="meta">
<span class='badge log pass-bg'>1</span>
</span>
<p class="name">@itemfilter</p>
<p class="duration text-sm">1 tests</p>
</div>
<div class="test-contents d-none">
<div class="info">
<h4>@itemfilter</h4>
<span status="pass" class='badge log pass-bg'>1 passed</span>
</div>
<table class='table table-sm mt-4'>
<thead>
<tr>
<th class="status-col">Status</th>
<th class="timestamp-col">Timestamp</th>
<th>TestName</th>
</tr>
</thead>
<tbody>
<tr class="tag-test-status" status="pass">
<td><span class="badge log pass-bg">Pass</span></td>
<td>10:34:01 am</td>
<td>
<a href="#" class="linked" test-id='200' id='201'>Filter Functionality</a>
<div class="">
<span class="badge badge-default">Filter.Filter Functionality</span>
</div>
</td>
</tr>
</tbody>
</table>
</div>
</li>
</ul>
</div>
</div>
<div class="test-content scrollable">
<div class="test-content-detail">
<div class="detail-body"></div>
</div>
</div>
</div><div class="container-fluid p-4 view dashboard-view">
<div class="row">
<div class="col-md-3">
<div class="card"><div class="card-body">
<p class="m-b-0">Started</p>
<h3>Jan 24, 2024 10:21:12 am</h3>
</div></div>
</div>
<div class="col-md-3">
<div class="card"><div class="card-body">
<p class="m-b-0">Ended</p>
<h3>Jan 24, 2024 10:56:10 am</h3>
</div></div>
</div>
<div class="col-md-3">
<div class="card"><div class="card-body">
<p class="m-b-0 text-pass">Features Passed</p>
<h3>3</h3>
</div></div>
</div>
<div class="col-md-3">
<div class="card"><div class="card-body">
<p class="m-b-0 text-fail">Features Failed</p>
<h3>5</h3>
</div></div>
</div>
</div>
<div class="row">
<div class="col-md-4">
<div class="card">
<div class="card-header">
<h6 class="card-title">Features</h6>
</div>
<div class="card-body">
<div class="">
<canvas id='parent-analysis' width='115' height='90'></canvas>
</div>
</div>
<div class="card-footer">
<div><small data-tooltip='37%'>
<b>3</b> features passed
</small>
</div>
<div>
<small data-tooltip='62%'><b>5</b> features failed,
<b>0</b> skipped, <b data-tooltip='0%'>0</b> others
</small>
</div>
</div>
</div>
</div>
<div class="col-md-4">
<div class="card">
<div class="card-header">
<h6 class="card-title">Scenarios</h6>
</div>
<div class="card-body">
<div class="">
<canvas id='child-analysis' width='115' height='90'></canvas>
</div>
</div>
<div class="card-footer">
<div><small data-tooltip='24%'><b>11</b> scenarios passed</small></div>
<div>
<small data-tooltip='75%'><b>34</b> scenarios failed,
<b>0</b> skipped, <b data-tooltip='%'>0</b> others
</small>
</div>
</div>
</div>
</div>
<div class="col-md-4">
<div class="card">
<div class="card-header">
<h6 class="card-title">Steps</h6>
</div>
<div class="card-body">
<div class="">
<canvas id='grandchild-analysis' width='115' height='90'></canvas>
</div>
</div>
<div class="card-footer">
<div><small data-tooltip='83%'><b>254</b> steps passed</small></div>
<div>
<small data-tooltip='11%'><b>35</b> steps failed,
<b>14</b> skipped, <b data-tooltip='%'>0</b> others
</small>
</div>
</div>
</div>
</div>
</div>
<div class="row"><div class="col-md-12">
<div class="card"><div class="card-header"><p>Timeline</p></div>
<div class="card-body pt-0"><div>
<canvas id="timeline" height="120"></canvas>
</div></div>
</div>
</div></div>
<script>
var timeline = {
"SignUp fuctionality":223.644,"Login functionality":494.369,"Product Search Functionality":49.907,"Filter":19.412,"test add to cart":22.898,"Checkout In Chilternoak":449.487,"Test Chilternoak Furniture page I want to use this template for my feature file":338.528,"Subscribe Feature":498.541
};
</script>
<div class="row">
<div class="col-lg-6 col-md-12 category-container">
<div class="card">
<div class="card-header"><p>Tags</p></div>
<div class="card-body pb-0 pt-0"><table class="table table-sm table-bordered">
<thead><tr class="bg-gray"><th>Name</th><th>Passed</th><th>Failed</th><th>Skipped</th><th>Others</th><th>Passed %</th></tr></thead><tbody>
<tr>
<td>@login</td>
<td>12</td>
<td>39</td>
<td>0</td>
<td>0</td>
<td>23.529%</td>
</tr>
<tr>
<td>@regression</td>
<td>1</td>
<td>9</td>
<td>0</td>
<td>0</td>
<td>10%</td>
</tr>
<tr>
<td>@subscriber</td>
<td>0</td>
<td>9</td>
<td>0</td>
<td>0</td>
<td>0%</td>
</tr>
<tr>
<td>@filter</td>
<td>1</td>
<td>0</td>
<td>0</td>
<td>0</td>
<td>100%</td>
</tr>
<tr>
<td>@itemfilter</td>
<td>1</td>
<td>0</td>
<td>0</td>
<td>0</td>
<td>100%</td>
</tr>
</tbody>
</table></div>
</div>
</div>
<div class="col-lg-6 col-md-12 sysenv-container">
<div class="card">
<div class="card-header"><p>System/Environment</p></div>
<div class="card-body pb-0 pt-0"><table class="table table-sm table-bordered">
<thead><tr class="bg-gray"><th>Name</th><th>Value</th></tr></thead>
<tbody>
<tr>
<td>version</td>
<td>10</td>
</tr>
<tr>
<td>os</td>
<td>windows</td>
</tr>
</tbody>
</table></div>
</div>
</div>
</div>
</div>
<script>
var statusGroup = {
parentCount: 5,
passParent: 3,
failParent: 5,
warningParent: 0,
skipParent: 0,
childCount: 5,
passChild: 11,
failChild: 34,
warningChild: 0,
skipChild: 0,
infoChild: 0,
grandChildCount: 5,
passGrandChild: 254,
failGrandChild: 35,
warningGrandChild: 0,
skipGrandChild: 14,
infoGrandChild: 0,
eventsCount: 5,
};
</script>        </div>
      </div>
    </div>
  </div>
<script src="https://cdn.jsdelivr.net/gh/extent-framework/extent-github-cdn@d6562a79075e061305ccfdb82f01e5e195e2d307/spark/js/spark-script.js"></script>
<script type="text/javascript"></script></body>
</html>